-- Found ament_cmake: 1.3.12 (/opt/ros/humble/share/ament_cmake/cmake)
-- Found rosidl_default_generators: 1.2.0 (/opt/ros/humble/share/rosidl_default_generators/cmake)
-- Using all available rosidl_typesupport_c: rosidl_typesupport_fastrtps_c;rosidl_typesupport_introspection_c
-- Found rosidl_adapter: 3.1.7 (/opt/ros/humble/share/rosidl_adapter/cmake)
-- Using all available rosidl_typesupport_cpp: rosidl_typesupport_fastrtps_cpp;rosidl_typesupport_introspection_cpp
-- Found ament_cmake_ros: 0.10.0 (/opt/ros/humble/share/ament_cmake_ros/cmake)
-- Using all available rosidl_typesupport_c: rosidl_typesupport_fastrtps_c;rosidl_typesupport_introspection_c
-- Using all available rosidl_typesupport_cpp: rosidl_typesupport_fastrtps_cpp;rosidl_typesupport_introspection_cpp
-- Found PythonInterp: /usr/bin/python3 (found suitable version "3.10.12", minimum required is "3.6") 
-- Found python_cmake_module: 0.10.0 (/opt/ros/humble/share/python_cmake_module/cmake)
-- Found PythonLibs: /usr/lib/x86_64-linux-gnu/libpython3.10.so (found suitable version "3.10.12", minimum required is "3.5") 
-- Using PYTHON_EXECUTABLE: /usr/bin/python3
-- Using PYTHON_INCLUDE_DIRS: /usr/include/python3.10
-- Using PYTHON_LIBRARIES: /usr/lib/x86_64-linux-gnu/libpython3.10.so
-- Found PythonExtra: .so  
-- Found ament_lint_auto: 0.12.14 (/opt/ros/humble/share/ament_lint_auto/cmake)
-- Added test 'lint_cmake' to check CMake code style
-- Added test 'xmllint' to check XML markup files
-- Configuring done
-- Generating done
-- Build files have been written to: /home/ntruong1124/ros2_ws/Python/pub_and_sub/build/intnums
[  2%] [34m[1mGenerating C code for ROS interfaces[0m
[  5%] [34m[1mGenerating C++ code for ROS interfaces[0m
[  5%] Built target ament_cmake_python_copy_intnums
running egg_info
creating intnums.egg-info
writing intnums.egg-info/PKG-INFO
writing dependency_links to intnums.egg-info/dependency_links.txt
writing top-level names to intnums.egg-info/top_level.txt
writing manifest file 'intnums.egg-info/SOURCES.txt'
reading manifest file 'intnums.egg-info/SOURCES.txt'
writing manifest file 'intnums.egg-info/SOURCES.txt'
[  5%] Built target ament_cmake_python_build_intnums_egg
[ 10%] [32mBuilding C object CMakeFiles/intnums__rosidl_generator_c.dir/rosidl_generator_c/intnums/msg/detail/int_data__functions.c.o[0m
[ 10%] [32mBuilding C object CMakeFiles/intnums__rosidl_generator_c.dir/rosidl_generator_c/intnums/msg/detail/name_int_num_data__functions.c.o[0m
[ 10%] Built target intnums__cpp
[ 12%] [34m[1mGenerating C++ type support dispatch for ROS interfaces[0m
[ 15%] [34m[1mGenerating C++ introspection for ROS interfaces[0m
[ 17%] [34m[1mGenerating C++ type support for eProsima Fast-RTPS[0m
[ 20%] [32mBuilding CXX object CMakeFiles/intnums__rosidl_typesupport_cpp.dir/rosidl_typesupport_cpp/intnums/msg/int_data__type_support.cpp.o[0m
[ 23%] [32mBuilding CXX object CMakeFiles/intnums__rosidl_typesupport_cpp.dir/rosidl_typesupport_cpp/intnums/msg/name_int_num_data__type_support.cpp.o[0m
[ 25%] [32mBuilding CXX object CMakeFiles/intnums__rosidl_typesupport_fastrtps_cpp.dir/rosidl_typesupport_fastrtps_cpp/intnums/msg/detail/dds_fastrtps/int_data__type_support.cpp.o[0m
[ 28%] [32mBuilding CXX object CMakeFiles/intnums__rosidl_typesupport_fastrtps_cpp.dir/rosidl_typesupport_fastrtps_cpp/intnums/msg/detail/dds_fastrtps/name_int_num_data__type_support.cpp.o[0m
[ 33%] [32mBuilding CXX object CMakeFiles/intnums__rosidl_typesupport_introspection_cpp.dir/rosidl_typesupport_introspection_cpp/intnums/msg/detail/int_data__type_support.cpp.o[0m
[ 33%] [32mBuilding CXX object CMakeFiles/intnums__rosidl_typesupport_introspection_cpp.dir/rosidl_typesupport_introspection_cpp/intnums/msg/detail/name_int_num_data__type_support.cpp.o[0m
