[0.636s] Invoking command in '/home/ntruong1124/ros2_ws/Python/service/src/service_nodes': PYTHONPATH=/home/ntruong1124/ros2_ws/Python/service/build/service_nodes/prefix_override:/usr/lib/python3/dist-packages/colcon_core/task/python/colcon_distutils_commands:/home/ntruong1124/ros2_ws/Python/service/install/service_nodes/lib/python3.10/site-packages:${PYTHONPATH} /usr/bin/python3 -W ignore:setup.py install is deprecated -W ignore:easy_install command is deprecated setup.py egg_info --egg-base ../../build/service_nodes build --build-base /home/ntruong1124/ros2_ws/Python/service/build/service_nodes/build install --record /home/ntruong1124/ros2_ws/Python/service/build/service_nodes/install.log --single-version-externally-managed install_data
[0.822s] running egg_info
[0.823s] writing ../../build/service_nodes/service_nodes.egg-info/PKG-INFO
[0.823s] writing dependency_links to ../../build/service_nodes/service_nodes.egg-info/dependency_links.txt
[0.823s] writing entry points to ../../build/service_nodes/service_nodes.egg-info/entry_points.txt
[0.824s] writing requirements to ../../build/service_nodes/service_nodes.egg-info/requires.txt
[0.824s] writing top-level names to ../../build/service_nodes/service_nodes.egg-info/top_level.txt
[0.825s] reading manifest file '../../build/service_nodes/service_nodes.egg-info/SOURCES.txt'
[0.826s] writing manifest file '../../build/service_nodes/service_nodes.egg-info/SOURCES.txt'
[0.826s] running build
[0.826s] running build_py
[0.826s] copying service_nodes/service_cl_node.py -> /home/ntruong1124/ros2_ws/Python/service/build/service_nodes/build/lib/service_nodes
[0.826s] copying service_nodes/service_sv_node.py -> /home/ntruong1124/ros2_ws/Python/service/build/service_nodes/build/lib/service_nodes
[0.826s] running install
[0.827s] running install_lib
[0.827s] copying /home/ntruong1124/ros2_ws/Python/service/build/service_nodes/build/lib/service_nodes/service_cl_node.py -> /home/ntruong1124/ros2_ws/Python/service/install/service_nodes/lib/python3.10/site-packages/service_nodes
[0.827s] copying /home/ntruong1124/ros2_ws/Python/service/build/service_nodes/build/lib/service_nodes/service_sv_node.py -> /home/ntruong1124/ros2_ws/Python/service/install/service_nodes/lib/python3.10/site-packages/service_nodes
[0.828s] byte-compiling /home/ntruong1124/ros2_ws/Python/service/install/service_nodes/lib/python3.10/site-packages/service_nodes/service_cl_node.py to service_cl_node.cpython-310.pyc
[0.828s] byte-compiling /home/ntruong1124/ros2_ws/Python/service/install/service_nodes/lib/python3.10/site-packages/service_nodes/service_sv_node.py to service_sv_node.cpython-310.pyc
[0.829s] running install_data
[0.829s] running install_egg_info
[0.831s] removing '/home/ntruong1124/ros2_ws/Python/service/install/service_nodes/lib/python3.10/site-packages/service_nodes-0.0.0-py3.10.egg-info' (and everything under it)
[0.832s] Copying ../../build/service_nodes/service_nodes.egg-info to /home/ntruong1124/ros2_ws/Python/service/install/service_nodes/lib/python3.10/site-packages/service_nodes-0.0.0-py3.10.egg-info
[0.833s] running install_scripts
[0.853s] Installing client_node script to /home/ntruong1124/ros2_ws/Python/service/install/service_nodes/lib/service_nodes
[0.853s] Installing server_node script to /home/ntruong1124/ros2_ws/Python/service/install/service_nodes/lib/service_nodes
[0.853s] writing list of installed files to '/home/ntruong1124/ros2_ws/Python/service/build/service_nodes/install.log'
[0.879s] Invoked command in '/home/ntruong1124/ros2_ws/Python/service/src/service_nodes' returned '0': PYTHONPATH=/home/ntruong1124/ros2_ws/Python/service/build/service_nodes/prefix_override:/usr/lib/python3/dist-packages/colcon_core/task/python/colcon_distutils_commands:/home/ntruong1124/ros2_ws/Python/service/install/service_nodes/lib/python3.10/site-packages:${PYTHONPATH} /usr/bin/python3 -W ignore:setup.py install is deprecated -W ignore:easy_install command is deprecated setup.py egg_info --egg-base ../../build/service_nodes build --build-base /home/ntruong1124/ros2_ws/Python/service/build/service_nodes/build install --record /home/ntruong1124/ros2_ws/Python/service/build/service_nodes/install.log --single-version-externally-managed install_data
