[0.169s] DEBUG:colcon:Command line arguments: ['/usr/bin/colcon', 'list', '-p', '--base-paths', '/home/ntruong1124/ros2_ws/Python/pub_and_sub', '--log-base', '/dev/null']
[0.169s] DEBUG:colcon:Parsed command line arguments: Namespace(log_base=None, log_level=None, verb_name='list', build_base='build', ignore_user_meta=False, metas=['./colcon.meta'], base_paths=['/home/ntruong1124/ros2_ws/Python/pub_and_sub', '--log-base', '/dev/null'], packages_ignore=None, packages_ignore_regex=None, paths=None, packages_up_to=None, packages_up_to_regex=None, packages_above=None, packages_above_and_dependencies=None, packages_above_depth=None, packages_select_by_dep=None, packages_skip_by_dep=None, packages_skip_up_to=None, packages_select_build_failed=False, packages_skip_build_finished=False, packages_select_test_failures=False, packages_skip_test_passed=False, packages_select=None, packages_skip=None, packages_select_regex=None, packages_skip_regex=None, packages_start=None, packages_end=None, allow_overriding=[], topological_order=False, names_only=False, paths_only=True, topological_graph=False, topological_graph_dot=False, topological_graph_density=False, topological_graph_legend=False, topological_graph_dot_cluster=False, topological_graph_dot_include_skipped=False, verb_parser=<colcon_defaults.argument_parser.defaults.DefaultArgumentsDecorator object at 0x7c25d43544c0>, verb_extension=<colcon_package_information.verb.list.ListVerb object at 0x7c25d4460e80>, main=<bound method ListVerb.main of <colcon_package_information.verb.list.ListVerb object at 0x7c25d4460e80>>)
[0.346s] Level 1:colcon.colcon_core.package_discovery:discover_packages(colcon_meta) check parameters
[0.346s] Level 1:colcon.colcon_core.package_discovery:discover_packages(recursive) check parameters
[0.346s] Level 1:colcon.colcon_core.package_discovery:discover_packages(ignore) check parameters
[0.346s] Level 1:colcon.colcon_core.package_discovery:discover_packages(path) check parameters
[0.346s] Level 1:colcon.colcon_core.package_discovery:discover_packages(recursive) discover
[0.346s] INFO:colcon.colcon_core.package_discovery:Crawling recursively for packages in '/home/ntruong1124/ros2_ws/Python/pub_and_sub', '/home/ntruong1124/ros2_ws/Python/pub_and_sub/--log-base', '/dev/null'
[0.347s] Level 1:colcon.colcon_core.package_identification:_identify(/home/ntruong1124/ros2_ws/Python/pub_and_sub) by extensions ['ignore', 'ignore_ament_install']
[0.347s] Level 1:colcon.colcon_core.package_identification:_identify(/home/ntruong1124/ros2_ws/Python/pub_and_sub) by extension 'ignore'
[0.347s] Level 1:colcon.colcon_core.package_identification:_identify(/home/ntruong1124/ros2_ws/Python/pub_and_sub) by extension 'ignore_ament_install'
[0.347s] Level 1:colcon.colcon_core.package_identification:_identify(/home/ntruong1124/ros2_ws/Python/pub_and_sub) by extensions ['colcon_pkg']
[0.347s] Level 1:colcon.colcon_core.package_identification:_identify(/home/ntruong1124/ros2_ws/Python/pub_and_sub) by extension 'colcon_pkg'
[0.347s] Level 1:colcon.colcon_core.package_identification:_identify(/home/ntruong1124/ros2_ws/Python/pub_and_sub) by extensions ['colcon_meta']
[0.347s] Level 1:colcon.colcon_core.package_identification:_identify(/home/ntruong1124/ros2_ws/Python/pub_and_sub) by extension 'colcon_meta'
[0.347s] Level 1:colcon.colcon_core.package_identification:_identify(/home/ntruong1124/ros2_ws/Python/pub_and_sub) by extensions ['ros']
[0.347s] Level 1:colcon.colcon_core.package_identification:_identify(/home/ntruong1124/ros2_ws/Python/pub_and_sub) by extension 'ros'
[0.361s] Level 1:colcon.colcon_core.package_identification:_identify(/home/ntruong1124/ros2_ws/Python/pub_and_sub) by extensions ['cmake', 'python']
[0.361s] Level 1:colcon.colcon_core.package_identification:_identify(/home/ntruong1124/ros2_ws/Python/pub_and_sub) by extension 'cmake'
[0.361s] Level 1:colcon.colcon_core.package_identification:_identify(/home/ntruong1124/ros2_ws/Python/pub_and_sub) by extension 'python'
[0.361s] Level 1:colcon.colcon_core.package_identification:_identify(/home/ntruong1124/ros2_ws/Python/pub_and_sub) by extensions ['python_setup_py']
[0.362s] Level 1:colcon.colcon_core.package_identification:_identify(/home/ntruong1124/ros2_ws/Python/pub_and_sub) by extension 'python_setup_py'
[0.362s] Level 1:colcon.colcon_core.package_identification:_identify(/home/ntruong1124/ros2_ws/Python/pub_and_sub/build) by extensions ['ignore', 'ignore_ament_install']
[0.362s] Level 1:colcon.colcon_core.package_identification:_identify(/home/ntruong1124/ros2_ws/Python/pub_and_sub/build) by extension 'ignore'
[0.362s] Level 1:colcon.colcon_core.package_identification:_identify(/home/ntruong1124/ros2_ws/Python/pub_and_sub/build) ignored
[0.362s] Level 1:colcon.colcon_core.package_identification:_identify(/home/ntruong1124/ros2_ws/Python/pub_and_sub/install) by extensions ['ignore', 'ignore_ament_install']
[0.362s] Level 1:colcon.colcon_core.package_identification:_identify(/home/ntruong1124/ros2_ws/Python/pub_and_sub/install) by extension 'ignore'
[0.362s] Level 1:colcon.colcon_core.package_identification:_identify(/home/ntruong1124/ros2_ws/Python/pub_and_sub/install) ignored
[0.363s] Level 1:colcon.colcon_core.package_identification:_identify(/home/ntruong1124/ros2_ws/Python/pub_and_sub/log) by extensions ['ignore', 'ignore_ament_install']
[0.363s] Level 1:colcon.colcon_core.package_identification:_identify(/home/ntruong1124/ros2_ws/Python/pub_and_sub/log) by extension 'ignore'
[0.363s] Level 1:colcon.colcon_core.package_identification:_identify(/home/ntruong1124/ros2_ws/Python/pub_and_sub/log) ignored
[0.363s] Level 1:colcon.colcon_core.package_identification:_identify(/home/ntruong1124/ros2_ws/Python/pub_and_sub/src) by extensions ['ignore', 'ignore_ament_install']
[0.363s] Level 1:colcon.colcon_core.package_identification:_identify(/home/ntruong1124/ros2_ws/Python/pub_and_sub/src) by extension 'ignore'
[0.363s] Level 1:colcon.colcon_core.package_identification:_identify(/home/ntruong1124/ros2_ws/Python/pub_and_sub/src) by extension 'ignore_ament_install'
[0.363s] Level 1:colcon.colcon_core.package_identification:_identify(/home/ntruong1124/ros2_ws/Python/pub_and_sub/src) by extensions ['colcon_pkg']
[0.363s] Level 1:colcon.colcon_core.package_identification:_identify(/home/ntruong1124/ros2_ws/Python/pub_and_sub/src) by extension 'colcon_pkg'
[0.363s] Level 1:colcon.colcon_core.package_identification:_identify(/home/ntruong1124/ros2_ws/Python/pub_and_sub/src) by extensions ['colcon_meta']
[0.363s] Level 1:colcon.colcon_core.package_identification:_identify(/home/ntruong1124/ros2_ws/Python/pub_and_sub/src) by extension 'colcon_meta'
[0.363s] Level 1:colcon.colcon_core.package_identification:_identify(/home/ntruong1124/ros2_ws/Python/pub_and_sub/src) by extensions ['ros']
[0.363s] Level 1:colcon.colcon_core.package_identification:_identify(/home/ntruong1124/ros2_ws/Python/pub_and_sub/src) by extension 'ros'
[0.363s] Level 1:colcon.colcon_core.package_identification:_identify(/home/ntruong1124/ros2_ws/Python/pub_and_sub/src) by extensions ['cmake', 'python']
[0.363s] Level 1:colcon.colcon_core.package_identification:_identify(/home/ntruong1124/ros2_ws/Python/pub_and_sub/src) by extension 'cmake'
[0.363s] Level 1:colcon.colcon_core.package_identification:_identify(/home/ntruong1124/ros2_ws/Python/pub_and_sub/src) by extension 'python'
[0.363s] Level 1:colcon.colcon_core.package_identification:_identify(/home/ntruong1124/ros2_ws/Python/pub_and_sub/src) by extensions ['python_setup_py']
[0.364s] Level 1:colcon.colcon_core.package_identification:_identify(/home/ntruong1124/ros2_ws/Python/pub_and_sub/src) by extension 'python_setup_py'
[0.364s] Level 1:colcon.colcon_core.package_identification:_identify(/home/ntruong1124/ros2_ws/Python/pub_and_sub/src/intnums) by extensions ['ignore', 'ignore_ament_install']
[0.364s] Level 1:colcon.colcon_core.package_identification:_identify(/home/ntruong1124/ros2_ws/Python/pub_and_sub/src/intnums) by extension 'ignore'
[0.364s] Level 1:colcon.colcon_core.package_identification:_identify(/home/ntruong1124/ros2_ws/Python/pub_and_sub/src/intnums) by extension 'ignore_ament_install'
[0.364s] Level 1:colcon.colcon_core.package_identification:_identify(/home/ntruong1124/ros2_ws/Python/pub_and_sub/src/intnums) by extensions ['colcon_pkg']
[0.364s] Level 1:colcon.colcon_core.package_identification:_identify(/home/ntruong1124/ros2_ws/Python/pub_and_sub/src/intnums) by extension 'colcon_pkg'
[0.364s] Level 1:colcon.colcon_core.package_identification:_identify(/home/ntruong1124/ros2_ws/Python/pub_and_sub/src/intnums) by extensions ['colcon_meta']
[0.364s] Level 1:colcon.colcon_core.package_identification:_identify(/home/ntruong1124/ros2_ws/Python/pub_and_sub/src/intnums) by extension 'colcon_meta'
[0.364s] Level 1:colcon.colcon_core.package_identification:_identify(/home/ntruong1124/ros2_ws/Python/pub_and_sub/src/intnums) by extensions ['ros']
[0.364s] Level 1:colcon.colcon_core.package_identification:_identify(/home/ntruong1124/ros2_ws/Python/pub_and_sub/src/intnums) by extension 'ros'
[0.366s] DEBUG:colcon.colcon_core.package_identification:Package '/home/ntruong1124/ros2_ws/Python/pub_and_sub/src/intnums' with type 'ros.ament_cmake' and name 'intnums'
[0.367s] Level 1:colcon.colcon_core.package_discovery:discover_packages(recursive) using defaults
