[0.509s] Invoking command in '/home/ntruong1124/ros2_ws/Python/service/src/service_nodes': PYTHONPATH=/home/ntruong1124/ros2_ws/Python/service/build/service_nodes/prefix_override:/usr/lib/python3/dist-packages/colcon_core/task/python/colcon_distutils_commands:/home/ntruong1124/ros2_ws/Python/service/install/service_nodes/lib/python3.10/site-packages:${PYTHONPATH} /usr/bin/python3 -W ignore:setup.py install is deprecated -W ignore:easy_install command is deprecated setup.py egg_info --egg-base ../../build/service_nodes build --build-base /home/ntruong1124/ros2_ws/Python/service/build/service_nodes/build install --record /home/ntruong1124/ros2_ws/Python/service/build/service_nodes/install.log --single-version-externally-managed install_data
[0.694s] running egg_info
[0.695s] creating ../../build/service_nodes/service_nodes.egg-info
[0.695s] writing ../../build/service_nodes/service_nodes.egg-info/PKG-INFO
[0.696s] writing dependency_links to ../../build/service_nodes/service_nodes.egg-info/dependency_links.txt
[0.696s] writing entry points to ../../build/service_nodes/service_nodes.egg-info/entry_points.txt
[0.696s] writing requirements to ../../build/service_nodes/service_nodes.egg-info/requires.txt
[0.697s] writing top-level names to ../../build/service_nodes/service_nodes.egg-info/top_level.txt
[0.697s] writing manifest file '../../build/service_nodes/service_nodes.egg-info/SOURCES.txt'
[0.700s] reading manifest file '../../build/service_nodes/service_nodes.egg-info/SOURCES.txt'
[0.701s] writing manifest file '../../build/service_nodes/service_nodes.egg-info/SOURCES.txt'
[0.702s] running build
[0.702s] running build_py
[0.702s] creating /home/ntruong1124/ros2_ws/Python/service/build/service_nodes/build
[0.703s] creating /home/ntruong1124/ros2_ws/Python/service/build/service_nodes/build/lib
[0.703s] creating /home/ntruong1124/ros2_ws/Python/service/build/service_nodes/build/lib/service_nodes
[0.703s] copying service_nodes/service_cl_node.py -> /home/ntruong1124/ros2_ws/Python/service/build/service_nodes/build/lib/service_nodes
[0.704s] copying service_nodes/__init__.py -> /home/ntruong1124/ros2_ws/Python/service/build/service_nodes/build/lib/service_nodes
[0.704s] copying service_nodes/service_sv_node.py -> /home/ntruong1124/ros2_ws/Python/service/build/service_nodes/build/lib/service_nodes
[0.704s] running install
[0.704s] running install_lib
[0.705s] creating /home/ntruong1124/ros2_ws/Python/service/install/service_nodes/lib/python3.10/site-packages/service_nodes
[0.706s] copying /home/ntruong1124/ros2_ws/Python/service/build/service_nodes/build/lib/service_nodes/service_cl_node.py -> /home/ntruong1124/ros2_ws/Python/service/install/service_nodes/lib/python3.10/site-packages/service_nodes
[0.706s] copying /home/ntruong1124/ros2_ws/Python/service/build/service_nodes/build/lib/service_nodes/__init__.py -> /home/ntruong1124/ros2_ws/Python/service/install/service_nodes/lib/python3.10/site-packages/service_nodes
[0.706s] copying /home/ntruong1124/ros2_ws/Python/service/build/service_nodes/build/lib/service_nodes/service_sv_node.py -> /home/ntruong1124/ros2_ws/Python/service/install/service_nodes/lib/python3.10/site-packages/service_nodes
[0.706s] byte-compiling /home/ntruong1124/ros2_ws/Python/service/install/service_nodes/lib/python3.10/site-packages/service_nodes/service_cl_node.py to service_cl_node.cpython-310.pyc
[0.707s] byte-compiling /home/ntruong1124/ros2_ws/Python/service/install/service_nodes/lib/python3.10/site-packages/service_nodes/__init__.py to __init__.cpython-310.pyc
[0.708s] byte-compiling /home/ntruong1124/ros2_ws/Python/service/install/service_nodes/lib/python3.10/site-packages/service_nodes/service_sv_node.py to service_sv_node.cpython-310.pyc
[0.708s] running install_data
[0.708s] creating /home/ntruong1124/ros2_ws/Python/service/install/service_nodes/share/ament_index
[0.709s] creating /home/ntruong1124/ros2_ws/Python/service/install/service_nodes/share/ament_index/resource_index
[0.709s] creating /home/ntruong1124/ros2_ws/Python/service/install/service_nodes/share/ament_index/resource_index/packages
[0.709s] copying resource/service_nodes -> /home/ntruong1124/ros2_ws/Python/service/install/service_nodes/share/ament_index/resource_index/packages
[0.709s] copying package.xml -> /home/ntruong1124/ros2_ws/Python/service/install/service_nodes/share/service_nodes
[0.710s] running install_egg_info
[0.711s] Copying ../../build/service_nodes/service_nodes.egg-info to /home/ntruong1124/ros2_ws/Python/service/install/service_nodes/lib/python3.10/site-packages/service_nodes-0.0.0-py3.10.egg-info
[0.713s] running install_scripts
[0.731s] Installing client_node script to /home/ntruong1124/ros2_ws/Python/service/install/service_nodes/lib/service_nodes
[0.732s] Installing server_node script to /home/ntruong1124/ros2_ws/Python/service/install/service_nodes/lib/service_nodes
[0.732s] writing list of installed files to '/home/ntruong1124/ros2_ws/Python/service/build/service_nodes/install.log'
[0.759s] Invoked command in '/home/ntruong1124/ros2_ws/Python/service/src/service_nodes' returned '0': PYTHONPATH=/home/ntruong1124/ros2_ws/Python/service/build/service_nodes/prefix_override:/usr/lib/python3/dist-packages/colcon_core/task/python/colcon_distutils_commands:/home/ntruong1124/ros2_ws/Python/service/install/service_nodes/lib/python3.10/site-packages:${PYTHONPATH} /usr/bin/python3 -W ignore:setup.py install is deprecated -W ignore:easy_install command is deprecated setup.py egg_info --egg-base ../../build/service_nodes build --build-base /home/ntruong1124/ros2_ws/Python/service/build/service_nodes/build install --record /home/ntruong1124/ros2_ws/Python/service/build/service_nodes/install.log --single-version-externally-managed install_data
