[0.119s] DEBUG:colcon:Command line arguments: ['/usr/bin/colcon', 'build']
[0.119s] DEBUG:colcon:Parsed command line arguments: Namespace(log_base=None, log_level=None, verb_name='build', build_base='build', install_base='install', merge_install=False, symlink_install=False, test_result_base=None, continue_on_error=False, executor='parallel', parallel_workers=8, event_handlers=None, ignore_user_meta=False, metas=['./colcon.meta'], base_paths=['.'], packages_ignore=None, packages_ignore_regex=None, paths=None, packages_up_to=None, packages_up_to_regex=None, packages_above=None, packages_above_and_dependencies=None, packages_above_depth=None, packages_select_by_dep=None, packages_skip_by_dep=None, packages_skip_up_to=None, packages_select_build_failed=False, packages_skip_build_finished=False, packages_select_test_failures=False, packages_skip_test_passed=False, packages_select=None, packages_skip=None, packages_select_regex=None, packages_skip_regex=None, packages_start=None, packages_end=None, allow_overriding=[], cmake_args=None, cmake_target=None, cmake_target_skip_unavailable=False, cmake_clean_cache=False, cmake_clean_first=False, cmake_force_configure=False, ament_cmake_args=None, catkin_cmake_args=None, catkin_skip_building_tests=False, verb_parser=<colcon_defaults.argument_parser.defaults.DefaultArgumentsDecorator object at 0x7f4f5252bd90>, verb_extension=<colcon_core.verb.build.BuildVerb object at 0x7f4f5252b940>, main=<bound method BuildVerb.main of <colcon_core.verb.build.BuildVerb object at 0x7f4f5252b940>>)
[0.234s] Level 1:colcon.colcon_core.package_discovery:discover_packages(colcon_meta) check parameters
[0.234s] Level 1:colcon.colcon_core.package_discovery:discover_packages(recursive) check parameters
[0.234s] Level 1:colcon.colcon_core.package_discovery:discover_packages(ignore) check parameters
[0.234s] Level 1:colcon.colcon_core.package_discovery:discover_packages(path) check parameters
[0.234s] Level 1:colcon.colcon_core.package_discovery:discover_packages(colcon_meta) discover
[0.234s] Level 1:colcon.colcon_core.package_discovery:discover_packages(recursive) discover
[0.234s] INFO:colcon.colcon_core.package_discovery:Crawling recursively for packages in '/home/ntruong1124/ros2_ws/Python/service'
[0.234s] Level 1:colcon.colcon_core.package_identification:_identify(.) by extensions ['ignore', 'ignore_ament_install']
[0.235s] Level 1:colcon.colcon_core.package_identification:_identify(.) by extension 'ignore'
[0.235s] Level 1:colcon.colcon_core.package_identification:_identify(.) by extension 'ignore_ament_install'
[0.235s] Level 1:colcon.colcon_core.package_identification:_identify(.) by extensions ['colcon_pkg']
[0.235s] Level 1:colcon.colcon_core.package_identification:_identify(.) by extension 'colcon_pkg'
[0.235s] Level 1:colcon.colcon_core.package_identification:_identify(.) by extensions ['colcon_meta']
[0.235s] Level 1:colcon.colcon_core.package_identification:_identify(.) by extension 'colcon_meta'
[0.235s] Level 1:colcon.colcon_core.package_identification:_identify(.) by extensions ['ros']
[0.235s] Level 1:colcon.colcon_core.package_identification:_identify(.) by extension 'ros'
[0.243s] Level 1:colcon.colcon_core.package_identification:_identify(.) by extensions ['cmake', 'python']
[0.243s] Level 1:colcon.colcon_core.package_identification:_identify(.) by extension 'cmake'
[0.243s] Level 1:colcon.colcon_core.package_identification:_identify(.) by extension 'python'
[0.243s] Level 1:colcon.colcon_core.package_identification:_identify(.) by extensions ['python_setup_py']
[0.243s] Level 1:colcon.colcon_core.package_identification:_identify(.) by extension 'python_setup_py'
[0.244s] Level 1:colcon.colcon_core.package_identification:_identify(build) by extensions ['ignore', 'ignore_ament_install']
[0.244s] Level 1:colcon.colcon_core.package_identification:_identify(build) by extension 'ignore'
[0.244s] Level 1:colcon.colcon_core.package_identification:_identify(build) ignored
[0.244s] Level 1:colcon.colcon_core.package_identification:_identify(install) by extensions ['ignore', 'ignore_ament_install']
[0.244s] Level 1:colcon.colcon_core.package_identification:_identify(install) by extension 'ignore'
[0.244s] Level 1:colcon.colcon_core.package_identification:_identify(install) ignored
[0.244s] Level 1:colcon.colcon_core.package_identification:_identify(log) by extensions ['ignore', 'ignore_ament_install']
[0.244s] Level 1:colcon.colcon_core.package_identification:_identify(log) by extension 'ignore'
[0.244s] Level 1:colcon.colcon_core.package_identification:_identify(log) ignored
[0.244s] Level 1:colcon.colcon_core.package_identification:_identify(src) by extensions ['ignore', 'ignore_ament_install']
[0.244s] Level 1:colcon.colcon_core.package_identification:_identify(src) by extension 'ignore'
[0.244s] Level 1:colcon.colcon_core.package_identification:_identify(src) by extension 'ignore_ament_install'
[0.244s] Level 1:colcon.colcon_core.package_identification:_identify(src) by extensions ['colcon_pkg']
[0.244s] Level 1:colcon.colcon_core.package_identification:_identify(src) by extension 'colcon_pkg'
[0.244s] Level 1:colcon.colcon_core.package_identification:_identify(src) by extensions ['colcon_meta']
[0.244s] Level 1:colcon.colcon_core.package_identification:_identify(src) by extension 'colcon_meta'
[0.244s] Level 1:colcon.colcon_core.package_identification:_identify(src) by extensions ['ros']
[0.244s] Level 1:colcon.colcon_core.package_identification:_identify(src) by extension 'ros'
[0.244s] Level 1:colcon.colcon_core.package_identification:_identify(src) by extensions ['cmake', 'python']
[0.244s] Level 1:colcon.colcon_core.package_identification:_identify(src) by extension 'cmake'
[0.244s] Level 1:colcon.colcon_core.package_identification:_identify(src) by extension 'python'
[0.244s] Level 1:colcon.colcon_core.package_identification:_identify(src) by extensions ['python_setup_py']
[0.244s] Level 1:colcon.colcon_core.package_identification:_identify(src) by extension 'python_setup_py'
[0.244s] Level 1:colcon.colcon_core.package_identification:_identify(src/add_two_ints) by extensions ['ignore', 'ignore_ament_install']
[0.244s] Level 1:colcon.colcon_core.package_identification:_identify(src/add_two_ints) by extension 'ignore'
[0.244s] Level 1:colcon.colcon_core.package_identification:_identify(src/add_two_ints) by extension 'ignore_ament_install'
[0.244s] Level 1:colcon.colcon_core.package_identification:_identify(src/add_two_ints) by extensions ['colcon_pkg']
[0.244s] Level 1:colcon.colcon_core.package_identification:_identify(src/add_two_ints) by extension 'colcon_pkg'
[0.244s] Level 1:colcon.colcon_core.package_identification:_identify(src/add_two_ints) by extensions ['colcon_meta']
[0.244s] Level 1:colcon.colcon_core.package_identification:_identify(src/add_two_ints) by extension 'colcon_meta'
[0.245s] Level 1:colcon.colcon_core.package_identification:_identify(src/add_two_ints) by extensions ['ros']
[0.245s] Level 1:colcon.colcon_core.package_identification:_identify(src/add_two_ints) by extension 'ros'
[0.246s] DEBUG:colcon.colcon_core.package_identification:Package 'src/add_two_ints' with type 'ros.ament_cmake' and name 'AddTwoInts'
[0.247s] Level 1:colcon.colcon_core.package_identification:_identify(src/service_nodes) by extensions ['ignore', 'ignore_ament_install']
[0.247s] Level 1:colcon.colcon_core.package_identification:_identify(src/service_nodes) by extension 'ignore'
[0.247s] Level 1:colcon.colcon_core.package_identification:_identify(src/service_nodes) by extension 'ignore_ament_install'
[0.247s] Level 1:colcon.colcon_core.package_identification:_identify(src/service_nodes) by extensions ['colcon_pkg']
[0.247s] Level 1:colcon.colcon_core.package_identification:_identify(src/service_nodes) by extension 'colcon_pkg'
[0.247s] Level 1:colcon.colcon_core.package_identification:_identify(src/service_nodes) by extensions ['colcon_meta']
[0.247s] Level 1:colcon.colcon_core.package_identification:_identify(src/service_nodes) by extension 'colcon_meta'
[0.247s] Level 1:colcon.colcon_core.package_identification:_identify(src/service_nodes) by extensions ['ros']
[0.247s] Level 1:colcon.colcon_core.package_identification:_identify(src/service_nodes) by extension 'ros'
[0.247s] DEBUG:colcon.colcon_core.package_identification:Package 'src/service_nodes' with type 'ros.ament_python' and name 'service_nodes'
[0.247s] Level 1:colcon.colcon_core.package_discovery:discover_packages(recursive) using defaults
[0.247s] Level 1:colcon.colcon_core.package_discovery:discover_packages(ignore) discover
[0.247s] Level 1:colcon.colcon_core.package_discovery:discover_packages(ignore) using defaults
[0.247s] Level 1:colcon.colcon_core.package_discovery:discover_packages(path) discover
[0.247s] Level 1:colcon.colcon_core.package_discovery:discover_packages(path) using defaults
[0.263s] Level 1:colcon.colcon_core.package_discovery:discover_packages(prefix_path) check parameters
[0.263s] Level 1:colcon.colcon_core.package_discovery:discover_packages(prefix_path) discover
[0.264s] DEBUG:colcon.colcon_installed_package_information.package_discovery:Found 271 installed packages in /opt/ros/humble
[0.273s] Level 1:colcon.colcon_core.package_discovery:discover_packages(prefix_path) using defaults
[0.298s] Level 5:colcon.colcon_core.verb:set package 'AddTwoInts' build argument 'cmake_args' from command line to 'None'
[0.298s] Level 5:colcon.colcon_core.verb:set package 'AddTwoInts' build argument 'cmake_target' from command line to 'None'
[0.298s] Level 5:colcon.colcon_core.verb:set package 'AddTwoInts' build argument 'cmake_target_skip_unavailable' from command line to 'False'
[0.299s] Level 5:colcon.colcon_core.verb:set package 'AddTwoInts' build argument 'cmake_clean_cache' from command line to 'False'
[0.299s] Level 5:colcon.colcon_core.verb:set package 'AddTwoInts' build argument 'cmake_clean_first' from command line to 'False'
[0.299s] Level 5:colcon.colcon_core.verb:set package 'AddTwoInts' build argument 'cmake_force_configure' from command line to 'False'
[0.299s] Level 5:colcon.colcon_core.verb:set package 'AddTwoInts' build argument 'ament_cmake_args' from command line to 'None'
[0.299s] Level 5:colcon.colcon_core.verb:set package 'AddTwoInts' build argument 'catkin_cmake_args' from command line to 'None'
[0.299s] Level 5:colcon.colcon_core.verb:set package 'AddTwoInts' build argument 'catkin_skip_building_tests' from command line to 'False'
[0.299s] DEBUG:colcon.colcon_core.verb:Building package 'AddTwoInts' with the following arguments: {'ament_cmake_args': None, 'build_base': '/home/ntruong1124/ros2_ws/Python/service/build/AddTwoInts', 'catkin_cmake_args': None, 'catkin_skip_building_tests': False, 'cmake_args': None, 'cmake_clean_cache': False, 'cmake_clean_first': False, 'cmake_force_configure': False, 'cmake_target': None, 'cmake_target_skip_unavailable': False, 'install_base': '/home/ntruong1124/ros2_ws/Python/service/install/AddTwoInts', 'merge_install': False, 'path': '/home/ntruong1124/ros2_ws/Python/service/src/add_two_ints', 'symlink_install': False, 'test_result_base': None}
[0.299s] Level 5:colcon.colcon_core.verb:set package 'service_nodes' build argument 'cmake_args' from command line to 'None'
[0.299s] Level 5:colcon.colcon_core.verb:set package 'service_nodes' build argument 'cmake_target' from command line to 'None'
[0.299s] Level 5:colcon.colcon_core.verb:set package 'service_nodes' build argument 'cmake_target_skip_unavailable' from command line to 'False'
[0.299s] Level 5:colcon.colcon_core.verb:set package 'service_nodes' build argument 'cmake_clean_cache' from command line to 'False'
[0.299s] Level 5:colcon.colcon_core.verb:set package 'service_nodes' build argument 'cmake_clean_first' from command line to 'False'
[0.299s] Level 5:colcon.colcon_core.verb:set package 'service_nodes' build argument 'cmake_force_configure' from command line to 'False'
[0.299s] Level 5:colcon.colcon_core.verb:set package 'service_nodes' build argument 'ament_cmake_args' from command line to 'None'
[0.299s] Level 5:colcon.colcon_core.verb:set package 'service_nodes' build argument 'catkin_cmake_args' from command line to 'None'
[0.299s] Level 5:colcon.colcon_core.verb:set package 'service_nodes' build argument 'catkin_skip_building_tests' from command line to 'False'
[0.299s] DEBUG:colcon.colcon_core.verb:Building package 'service_nodes' with the following arguments: {'ament_cmake_args': None, 'build_base': '/home/ntruong1124/ros2_ws/Python/service/build/service_nodes', 'catkin_cmake_args': None, 'catkin_skip_building_tests': False, 'cmake_args': None, 'cmake_clean_cache': False, 'cmake_clean_first': False, 'cmake_force_configure': False, 'cmake_target': None, 'cmake_target_skip_unavailable': False, 'install_base': '/home/ntruong1124/ros2_ws/Python/service/install/service_nodes', 'merge_install': False, 'path': '/home/ntruong1124/ros2_ws/Python/service/src/service_nodes', 'symlink_install': False, 'test_result_base': None}
[0.299s] INFO:colcon.colcon_core.executor:Executing jobs using 'parallel' executor
[0.300s] DEBUG:colcon.colcon_parallel_executor.executor.parallel:run_until_complete
[0.301s] INFO:colcon.colcon_ros.task.ament_cmake.build:Building ROS package in '/home/ntruong1124/ros2_ws/Python/service/src/add_two_ints' with build type 'ament_cmake'
[0.301s] INFO:colcon.colcon_cmake.task.cmake.build:Building CMake package in '/home/ntruong1124/ros2_ws/Python/service/src/add_two_ints'
[0.302s] INFO:colcon.colcon_core.plugin_system:Skipping extension 'colcon_core.shell.bat': Not used on non-Windows systems
[0.303s] INFO:colcon.colcon_core.shell:Skip shell extension 'powershell' for command environment: Not usable outside of PowerShell
[0.303s] DEBUG:colcon.colcon_core.shell:Skip shell extension 'dsv' for command environment
[0.305s] INFO:colcon.colcon_ros.task.ament_python.build:Building ROS package in '/home/ntruong1124/ros2_ws/Python/service/src/service_nodes' with build type 'ament_python'
[0.306s] Level 1:colcon.colcon_core.shell:create_environment_hook('service_nodes', 'ament_prefix_path')
[0.306s] INFO:colcon.colcon_core.shell:Creating environment hook '/home/ntruong1124/ros2_ws/Python/service/install/service_nodes/share/service_nodes/hook/ament_prefix_path.ps1'
[0.308s] INFO:colcon.colcon_core.shell:Creating environment descriptor '/home/ntruong1124/ros2_ws/Python/service/install/service_nodes/share/service_nodes/hook/ament_prefix_path.dsv'
[0.308s] INFO:colcon.colcon_core.shell:Creating environment hook '/home/ntruong1124/ros2_ws/Python/service/install/service_nodes/share/service_nodes/hook/ament_prefix_path.sh'
[0.309s] INFO:colcon.colcon_core.shell:Skip shell extension 'powershell' for command environment: Not usable outside of PowerShell
[0.309s] DEBUG:colcon.colcon_core.shell:Skip shell extension 'dsv' for command environment
[0.318s] DEBUG:colcon.colcon_core.event_handler.log_command:Invoking command in '/home/ntruong1124/ros2_ws/Python/service/build/AddTwoInts': CMAKE_PREFIX_PATH=/opt/ros/humble /usr/bin/cmake /home/ntruong1124/ros2_ws/Python/service/src/add_two_ints -DCMAKE_INSTALL_PREFIX=/home/ntruong1124/ros2_ws/Python/service/install/AddTwoInts
[0.515s] INFO:colcon.colcon_core.task.python.build:Building Python package in '/home/ntruong1124/ros2_ws/Python/service/src/service_nodes'
[0.516s] INFO:colcon.colcon_core.shell:Skip shell extension 'powershell' for command environment: Not usable outside of PowerShell
[0.516s] DEBUG:colcon.colcon_core.shell:Skip shell extension 'dsv' for command environment
[0.815s] DEBUG:colcon.colcon_core.event_handler.log_command:Invoking command in '/home/ntruong1124/ros2_ws/Python/service/src/service_nodes': PYTHONPATH=/home/ntruong1124/ros2_ws/Python/service/build/service_nodes/prefix_override:/usr/lib/python3/dist-packages/colcon_core/task/python/colcon_distutils_commands:/home/ntruong1124/ros2_ws/Python/service/install/service_nodes/lib/python3.10/site-packages:${PYTHONPATH} /usr/bin/python3 -W ignore:setup.py install is deprecated -W ignore:easy_install command is deprecated setup.py egg_info --egg-base ../../build/service_nodes build --build-base /home/ntruong1124/ros2_ws/Python/service/build/service_nodes/build install --record /home/ntruong1124/ros2_ws/Python/service/build/service_nodes/install.log --single-version-externally-managed install_data
[1.065s] DEBUG:colcon.colcon_core.event_handler.log_command:Invoked command in '/home/ntruong1124/ros2_ws/Python/service/src/service_nodes' returned '0': PYTHONPATH=/home/ntruong1124/ros2_ws/Python/service/build/service_nodes/prefix_override:/usr/lib/python3/dist-packages/colcon_core/task/python/colcon_distutils_commands:/home/ntruong1124/ros2_ws/Python/service/install/service_nodes/lib/python3.10/site-packages:${PYTHONPATH} /usr/bin/python3 -W ignore:setup.py install is deprecated -W ignore:easy_install command is deprecated setup.py egg_info --egg-base ../../build/service_nodes build --build-base /home/ntruong1124/ros2_ws/Python/service/build/service_nodes/build install --record /home/ntruong1124/ros2_ws/Python/service/build/service_nodes/install.log --single-version-externally-managed install_data
[1.067s] Level 1:colcon.colcon_core.environment:checking '/home/ntruong1124/ros2_ws/Python/service/install/service_nodes' for CMake module files
[1.067s] Level 1:colcon.colcon_core.environment:checking '/home/ntruong1124/ros2_ws/Python/service/install/service_nodes' for CMake config files
[1.068s] Level 1:colcon.colcon_core.environment:checking '/home/ntruong1124/ros2_ws/Python/service/install/service_nodes/lib'
[1.068s] Level 1:colcon.colcon_core.environment:checking '/home/ntruong1124/ros2_ws/Python/service/install/service_nodes/bin'
[1.068s] Level 1:colcon.colcon_core.environment:checking '/home/ntruong1124/ros2_ws/Python/service/install/service_nodes/lib/pkgconfig/service_nodes.pc'
[1.068s] Level 1:colcon.colcon_core.environment:checking '/home/ntruong1124/ros2_ws/Python/service/install/service_nodes/lib/python3.10/site-packages'
[1.069s] Level 1:colcon.colcon_core.shell:create_environment_hook('service_nodes', 'pythonpath')
[1.069s] INFO:colcon.colcon_core.shell:Creating environment hook '/home/ntruong1124/ros2_ws/Python/service/install/service_nodes/share/service_nodes/hook/pythonpath.ps1'
[1.069s] INFO:colcon.colcon_core.shell:Creating environment descriptor '/home/ntruong1124/ros2_ws/Python/service/install/service_nodes/share/service_nodes/hook/pythonpath.dsv'
[1.069s] INFO:colcon.colcon_core.shell:Creating environment hook '/home/ntruong1124/ros2_ws/Python/service/install/service_nodes/share/service_nodes/hook/pythonpath.sh'
[1.070s] Level 1:colcon.colcon_core.environment:checking '/home/ntruong1124/ros2_ws/Python/service/install/service_nodes/bin'
[1.070s] Level 1:colcon.colcon_core.environment:create_environment_scripts_only(service_nodes)
[1.070s] INFO:colcon.colcon_core.shell:Creating package script '/home/ntruong1124/ros2_ws/Python/service/install/service_nodes/share/service_nodes/package.ps1'
[1.071s] INFO:colcon.colcon_core.shell:Creating package descriptor '/home/ntruong1124/ros2_ws/Python/service/install/service_nodes/share/service_nodes/package.dsv'
[1.071s] INFO:colcon.colcon_core.shell:Creating package script '/home/ntruong1124/ros2_ws/Python/service/install/service_nodes/share/service_nodes/package.sh'
[1.072s] INFO:colcon.colcon_core.shell:Creating package script '/home/ntruong1124/ros2_ws/Python/service/install/service_nodes/share/service_nodes/package.bash'
[1.072s] INFO:colcon.colcon_core.shell:Creating package script '/home/ntruong1124/ros2_ws/Python/service/install/service_nodes/share/service_nodes/package.zsh'
[1.072s] Level 1:colcon.colcon_core.environment:create_file_with_runtime_dependencies(/home/ntruong1124/ros2_ws/Python/service/install/service_nodes/share/colcon-core/packages/service_nodes)
[1.541s] DEBUG:colcon.colcon_core.event_handler.log_command:Invoked command in '/home/ntruong1124/ros2_ws/Python/service/build/AddTwoInts' returned '1': CMAKE_PREFIX_PATH=/opt/ros/humble /usr/bin/cmake /home/ntruong1124/ros2_ws/Python/service/src/add_two_ints -DCMAKE_INSTALL_PREFIX=/home/ntruong1124/ros2_ws/Python/service/install/AddTwoInts
[1.552s] Level 1:colcon.colcon_core.environment:create_environment_scripts_only(AddTwoInts)
[1.553s] Level 1:colcon.colcon_core.environment:checking '/home/ntruong1124/ros2_ws/Python/service/install/AddTwoInts' for CMake module files
[1.553s] Level 1:colcon.colcon_core.environment:checking '/home/ntruong1124/ros2_ws/Python/service/install/AddTwoInts' for CMake config files
[1.553s] Level 1:colcon.colcon_core.environment:checking '/home/ntruong1124/ros2_ws/Python/service/install/AddTwoInts/bin'
[1.553s] Level 1:colcon.colcon_core.environment:checking '/home/ntruong1124/ros2_ws/Python/service/install/AddTwoInts/lib/pkgconfig/AddTwoInts.pc'
[1.553s] Level 1:colcon.colcon_core.environment:checking '/home/ntruong1124/ros2_ws/Python/service/install/AddTwoInts/lib/python3.10/site-packages'
[1.554s] Level 1:colcon.colcon_core.environment:checking '/home/ntruong1124/ros2_ws/Python/service/install/AddTwoInts/bin'
[1.554s] INFO:colcon.colcon_core.shell:Creating package script '/home/ntruong1124/ros2_ws/Python/service/install/AddTwoInts/share/AddTwoInts/package.ps1'
[1.555s] INFO:colcon.colcon_core.shell:Creating package descriptor '/home/ntruong1124/ros2_ws/Python/service/install/AddTwoInts/share/AddTwoInts/package.dsv'
[1.555s] INFO:colcon.colcon_core.shell:Creating package script '/home/ntruong1124/ros2_ws/Python/service/install/AddTwoInts/share/AddTwoInts/package.sh'
[1.555s] INFO:colcon.colcon_core.shell:Creating package script '/home/ntruong1124/ros2_ws/Python/service/install/AddTwoInts/share/AddTwoInts/package.bash'
[1.555s] INFO:colcon.colcon_core.shell:Creating package script '/home/ntruong1124/ros2_ws/Python/service/install/AddTwoInts/share/AddTwoInts/package.zsh'
[1.556s] Level 1:colcon.colcon_core.environment:create_file_with_runtime_dependencies(/home/ntruong1124/ros2_ws/Python/service/install/AddTwoInts/share/colcon-core/packages/AddTwoInts)
[1.567s] DEBUG:colcon.colcon_parallel_executor.executor.parallel:closing loop
[1.567s] DEBUG:colcon.colcon_parallel_executor.executor.parallel:loop closed
[1.567s] DEBUG:colcon.colcon_parallel_executor.executor.parallel:run_until_complete finished with '1'
[1.567s] DEBUG:colcon.colcon_core.event_reactor:joining thread
[1.601s] INFO:colcon.colcon_core.plugin_system:Skipping extension 'colcon_notification.desktop_notification.notify_send': Could not find 'notify-send'
[1.601s] INFO:colcon.colcon_core.plugin_system:Skipping extension 'colcon_notification.desktop_notification.terminal_notifier': Not used on non-Darwin systems
[1.601s] INFO:colcon.colcon_core.plugin_system:Skipping extension 'colcon_notification.desktop_notification.win32': Not used on non-Windows systems
[1.601s] INFO:colcon.colcon_notification.desktop_notification:Sending desktop notification using 'notify2'
[1.603s] DEBUG:colcon.colcon_notification.desktop_notification.notify2:Failed to initialize notify2: org.freedesktop.DBus.Error.ServiceUnknown: The name org.freedesktop.Notifications was not provided by any .service files
[1.603s] DEBUG:colcon.colcon_core.event_reactor:joined thread
[1.604s] INFO:colcon.colcon_core.shell:Creating prefix script '/home/ntruong1124/ros2_ws/Python/service/install/local_setup.ps1'
[1.604s] INFO:colcon.colcon_core.shell:Creating prefix util module '/home/ntruong1124/ros2_ws/Python/service/install/_local_setup_util_ps1.py'
[1.606s] INFO:colcon.colcon_core.shell:Creating prefix chain script '/home/ntruong1124/ros2_ws/Python/service/install/setup.ps1'
[1.607s] INFO:colcon.colcon_core.shell:Creating prefix script '/home/ntruong1124/ros2_ws/Python/service/install/local_setup.sh'
[1.608s] INFO:colcon.colcon_core.shell:Creating prefix util module '/home/ntruong1124/ros2_ws/Python/service/install/_local_setup_util_sh.py'
[1.608s] INFO:colcon.colcon_core.shell:Creating prefix chain script '/home/ntruong1124/ros2_ws/Python/service/install/setup.sh'
[1.609s] INFO:colcon.colcon_core.shell:Creating prefix script '/home/ntruong1124/ros2_ws/Python/service/install/local_setup.bash'
[1.609s] INFO:colcon.colcon_core.shell:Creating prefix chain script '/home/ntruong1124/ros2_ws/Python/service/install/setup.bash'
[1.610s] INFO:colcon.colcon_core.shell:Creating prefix script '/home/ntruong1124/ros2_ws/Python/service/install/local_setup.zsh'
[1.610s] INFO:colcon.colcon_core.shell:Creating prefix chain script '/home/ntruong1124/ros2_ws/Python/service/install/setup.zsh'
