[0.016s] Invoking command in '/home/ntruong1124/ros2_ws/Python/service/build/add_two_ints': CMAKE_PREFIX_PATH=${CMAKE_PREFIX_PATH}:/home/ntruong1124/ros2_ws/Python/service/install/service_nodes:/opt/ros/humble /usr/bin/cmake --build /home/ntruong1124/ros2_ws/Python/service/build/add_two_ints -- -j8 -l8
[0.057s] [  3%] Built target add_two_ints__cpp
[0.058s] [ 12%] Built target add_two_ints__rosidl_generator_c
[0.067s] [ 12%] Built target ament_cmake_python_copy_add_two_ints
[0.079s] [ 29%] Built target add_two_ints__rosidl_typesupport_fastrtps_cpp
[0.080s] [ 35%] Built target add_two_ints__rosidl_typesupport_introspection_cpp
[0.081s] [ 45%] Built target add_two_ints__rosidl_typesupport_fastrtps_c
[0.081s] [ 54%] Built target add_two_ints__rosidl_typesupport_introspection_c
[0.082s] [ 61%] Built target add_two_ints__rosidl_typesupport_cpp
[0.084s] [ 70%] Built target add_two_ints__rosidl_typesupport_c
[0.106s] [ 70%] Built target add_two_ints
[0.124s] [ 74%] Built target add_two_ints__py
[0.142s] [ 80%] Built target add_two_ints__rosidl_generator_py
[0.161s] [ 87%] Built target add_two_ints__rosidl_typesupport_c__pyext
[0.161s] [ 93%] Built target add_two_ints__rosidl_typesupport_fastrtps_c__pyext
[0.162s] [100%] Built target add_two_ints__rosidl_typesupport_introspection_c__pyext
[0.299s] running egg_info
[0.299s] writing add_two_ints.egg-info/PKG-INFO
[0.299s] writing dependency_links to add_two_ints.egg-info/dependency_links.txt
[0.300s] writing top-level names to add_two_ints.egg-info/top_level.txt
[0.302s] reading manifest file 'add_two_ints.egg-info/SOURCES.txt'
[0.302s] writing manifest file 'add_two_ints.egg-info/SOURCES.txt'
[0.330s] [100%] Built target ament_cmake_python_build_add_two_ints_egg
[0.342s] Invoked command in '/home/ntruong1124/ros2_ws/Python/service/build/add_two_ints' returned '0': CMAKE_PREFIX_PATH=${CMAKE_PREFIX_PATH}:/home/ntruong1124/ros2_ws/Python/service/install/service_nodes:/opt/ros/humble /usr/bin/cmake --build /home/ntruong1124/ros2_ws/Python/service/build/add_two_ints -- -j8 -l8
[0.351s] Invoking command in '/home/ntruong1124/ros2_ws/Python/service/build/add_two_ints': CMAKE_PREFIX_PATH=${CMAKE_PREFIX_PATH}:/home/ntruong1124/ros2_ws/Python/service/install/service_nodes:/opt/ros/humble /usr/bin/cmake --install /home/ntruong1124/ros2_ws/Python/service/build/add_two_ints
[0.356s] -- Install configuration: ""
[0.356s] -- Up-to-date: /home/ntruong1124/ros2_ws/Python/service/install/add_two_ints/share/ament_index/resource_index/rosidl_interfaces/add_two_ints
[0.356s] -- Up-to-date: /home/ntruong1124/ros2_ws/Python/service/install/add_two_ints/include/add_two_ints/add_two_ints
[0.356s] -- Up-to-date: /home/ntruong1124/ros2_ws/Python/service/install/add_two_ints/include/add_two_ints/add_two_ints/srv
[0.356s] -- Up-to-date: /home/ntruong1124/ros2_ws/Python/service/install/add_two_ints/include/add_two_ints/add_two_ints/srv/sum_two_nums.h
[0.357s] -- Up-to-date: /home/ntruong1124/ros2_ws/Python/service/install/add_two_ints/include/add_two_ints/add_two_ints/srv/detail
[0.357s] -- Up-to-date: /home/ntruong1124/ros2_ws/Python/service/install/add_two_ints/include/add_two_ints/add_two_ints/srv/detail/sum_two_nums__functions.h
[0.357s] -- Up-to-date: /home/ntruong1124/ros2_ws/Python/service/install/add_two_ints/include/add_two_ints/add_two_ints/srv/detail/sum_two_nums__functions.c
[0.357s] -- Up-to-date: /home/ntruong1124/ros2_ws/Python/service/install/add_two_ints/include/add_two_ints/add_two_ints/srv/detail/sum_two_nums__type_support.h
[0.357s] -- Up-to-date: /home/ntruong1124/ros2_ws/Python/service/install/add_two_ints/include/add_two_ints/add_two_ints/srv/detail/sum_two_nums__struct.h
[0.357s] -- Up-to-date: /home/ntruong1124/ros2_ws/Python/service/install/add_two_ints/include/add_two_ints/add_two_ints/msg
[0.357s] -- Up-to-date: /home/ntruong1124/ros2_ws/Python/service/install/add_two_ints/include/add_two_ints/add_two_ints/msg/rosidl_generator_c__visibility_control.h
[0.358s] -- Up-to-date: /home/ntruong1124/ros2_ws/Python/service/install/add_two_ints/share/add_two_ints/environment/library_path.sh
[0.358s] -- Up-to-date: /home/ntruong1124/ros2_ws/Python/service/install/add_two_ints/share/add_two_ints/environment/library_path.dsv
[0.358s] -- Up-to-date: /home/ntruong1124/ros2_ws/Python/service/install/add_two_ints/lib/libadd_two_ints__rosidl_generator_c.so
[0.358s] -- Up-to-date: /home/ntruong1124/ros2_ws/Python/service/install/add_two_ints/include/add_two_ints/add_two_ints
[0.358s] -- Up-to-date: /home/ntruong1124/ros2_ws/Python/service/install/add_two_ints/include/add_two_ints/add_two_ints/srv
[0.358s] -- Up-to-date: /home/ntruong1124/ros2_ws/Python/service/install/add_two_ints/include/add_two_ints/add_two_ints/srv/detail
[0.358s] -- Up-to-date: /home/ntruong1124/ros2_ws/Python/service/install/add_two_ints/include/add_two_ints/add_two_ints/srv/detail/sum_two_nums__rosidl_typesupport_fastrtps_c.h
[0.358s] -- Up-to-date: /home/ntruong1124/ros2_ws/Python/service/install/add_two_ints/include/add_two_ints/add_two_ints/msg
[0.359s] -- Up-to-date: /home/ntruong1124/ros2_ws/Python/service/install/add_two_ints/include/add_two_ints/add_two_ints/msg/rosidl_typesupport_fastrtps_c__visibility_control.h
[0.359s] -- Up-to-date: /home/ntruong1124/ros2_ws/Python/service/install/add_two_ints/lib/libadd_two_ints__rosidl_typesupport_fastrtps_c.so
[0.359s] -- Up-to-date: /home/ntruong1124/ros2_ws/Python/service/install/add_two_ints/include/add_two_ints/add_two_ints
[0.359s] -- Up-to-date: /home/ntruong1124/ros2_ws/Python/service/install/add_two_ints/include/add_two_ints/add_two_ints/srv
[0.359s] -- Up-to-date: /home/ntruong1124/ros2_ws/Python/service/install/add_two_ints/include/add_two_ints/add_two_ints/srv/detail
[0.359s] -- Up-to-date: /home/ntruong1124/ros2_ws/Python/service/install/add_two_ints/include/add_two_ints/add_two_ints/srv/detail/sum_two_nums__type_support.c
[0.360s] -- Up-to-date: /home/ntruong1124/ros2_ws/Python/service/install/add_two_ints/include/add_two_ints/add_two_ints/srv/detail/sum_two_nums__rosidl_typesupport_introspection_c.h
[0.360s] -- Up-to-date: /home/ntruong1124/ros2_ws/Python/service/install/add_two_ints/include/add_two_ints/add_two_ints/msg
[0.360s] -- Up-to-date: /home/ntruong1124/ros2_ws/Python/service/install/add_two_ints/include/add_two_ints/add_two_ints/msg/rosidl_typesupport_introspection_c__visibility_control.h
[0.360s] -- Up-to-date: /home/ntruong1124/ros2_ws/Python/service/install/add_two_ints/lib/libadd_two_ints__rosidl_typesupport_introspection_c.so
[0.360s] -- Up-to-date: /home/ntruong1124/ros2_ws/Python/service/install/add_two_ints/lib/libadd_two_ints__rosidl_typesupport_c.so
[0.360s] -- Up-to-date: /home/ntruong1124/ros2_ws/Python/service/install/add_two_ints/include/add_two_ints/add_two_ints
[0.361s] -- Up-to-date: /home/ntruong1124/ros2_ws/Python/service/install/add_two_ints/include/add_two_ints/add_two_ints/srv
[0.361s] -- Up-to-date: /home/ntruong1124/ros2_ws/Python/service/install/add_two_ints/include/add_two_ints/add_two_ints/srv/sum_two_nums.hpp
[0.361s] -- Up-to-date: /home/ntruong1124/ros2_ws/Python/service/install/add_two_ints/include/add_two_ints/add_two_ints/srv/detail
[0.361s] -- Up-to-date: /home/ntruong1124/ros2_ws/Python/service/install/add_two_ints/include/add_two_ints/add_two_ints/srv/detail/sum_two_nums__builder.hpp
[0.361s] -- Up-to-date: /home/ntruong1124/ros2_ws/Python/service/install/add_two_ints/include/add_two_ints/add_two_ints/srv/detail/sum_two_nums__type_support.hpp
[0.361s] -- Up-to-date: /home/ntruong1124/ros2_ws/Python/service/install/add_two_ints/include/add_two_ints/add_two_ints/srv/detail/sum_two_nums__struct.hpp
[0.361s] -- Up-to-date: /home/ntruong1124/ros2_ws/Python/service/install/add_two_ints/include/add_two_ints/add_two_ints/srv/detail/sum_two_nums__traits.hpp
[0.361s] -- Up-to-date: /home/ntruong1124/ros2_ws/Python/service/install/add_two_ints/include/add_two_ints/add_two_ints/msg
[0.361s] -- Up-to-date: /home/ntruong1124/ros2_ws/Python/service/install/add_two_ints/include/add_two_ints/add_two_ints/msg/rosidl_generator_cpp__visibility_control.hpp
[0.361s] -- Up-to-date: /home/ntruong1124/ros2_ws/Python/service/install/add_two_ints/include/add_two_ints/add_two_ints
[0.361s] -- Up-to-date: /home/ntruong1124/ros2_ws/Python/service/install/add_two_ints/include/add_two_ints/add_two_ints/srv
[0.362s] -- Up-to-date: /home/ntruong1124/ros2_ws/Python/service/install/add_two_ints/include/add_two_ints/add_two_ints/srv/detail
[0.362s] -- Up-to-date: /home/ntruong1124/ros2_ws/Python/service/install/add_two_ints/include/add_two_ints/add_two_ints/srv/detail/sum_two_nums__rosidl_typesupport_fastrtps_cpp.hpp
[0.362s] -- Up-to-date: /home/ntruong1124/ros2_ws/Python/service/install/add_two_ints/include/add_two_ints/add_two_ints/srv/detail/dds_fastrtps
[0.362s] -- Up-to-date: /home/ntruong1124/ros2_ws/Python/service/install/add_two_ints/include/add_two_ints/add_two_ints/msg
[0.362s] -- Up-to-date: /home/ntruong1124/ros2_ws/Python/service/install/add_two_ints/include/add_two_ints/add_two_ints/msg/rosidl_typesupport_fastrtps_cpp__visibility_control.h
[0.362s] -- Up-to-date: /home/ntruong1124/ros2_ws/Python/service/install/add_two_ints/lib/libadd_two_ints__rosidl_typesupport_fastrtps_cpp.so
[0.362s] -- Up-to-date: /home/ntruong1124/ros2_ws/Python/service/install/add_two_ints/include/add_two_ints/add_two_ints
[0.362s] -- Up-to-date: /home/ntruong1124/ros2_ws/Python/service/install/add_two_ints/include/add_two_ints/add_two_ints/srv
[0.362s] -- Up-to-date: /home/ntruong1124/ros2_ws/Python/service/install/add_two_ints/include/add_two_ints/add_two_ints/srv/detail
[0.362s] -- Up-to-date: /home/ntruong1124/ros2_ws/Python/service/install/add_two_ints/include/add_two_ints/add_two_ints/srv/detail/sum_two_nums__type_support.cpp
[0.362s] -- Up-to-date: /home/ntruong1124/ros2_ws/Python/service/install/add_two_ints/include/add_two_ints/add_two_ints/srv/detail/sum_two_nums__rosidl_typesupport_introspection_cpp.hpp
[0.362s] -- Up-to-date: /home/ntruong1124/ros2_ws/Python/service/install/add_two_ints/lib/libadd_two_ints__rosidl_typesupport_introspection_cpp.so
[0.362s] -- Up-to-date: /home/ntruong1124/ros2_ws/Python/service/install/add_two_ints/lib/libadd_two_ints__rosidl_typesupport_cpp.so
[0.362s] -- Up-to-date: /home/ntruong1124/ros2_ws/Python/service/install/add_two_ints/share/add_two_ints/environment/pythonpath.sh
[0.362s] -- Up-to-date: /home/ntruong1124/ros2_ws/Python/service/install/add_two_ints/share/add_two_ints/environment/pythonpath.dsv
[0.363s] -- Up-to-date: /home/ntruong1124/ros2_ws/Python/service/install/add_two_ints/local/lib/python3.10/dist-packages/add_two_ints-0.0.0-py3.10.egg-info
[0.363s] -- Installing: /home/ntruong1124/ros2_ws/Python/service/install/add_two_ints/local/lib/python3.10/dist-packages/add_two_ints-0.0.0-py3.10.egg-info/top_level.txt
[0.363s] -- Installing: /home/ntruong1124/ros2_ws/Python/service/install/add_two_ints/local/lib/python3.10/dist-packages/add_two_ints-0.0.0-py3.10.egg-info/PKG-INFO
[0.363s] -- Installing: /home/ntruong1124/ros2_ws/Python/service/install/add_two_ints/local/lib/python3.10/dist-packages/add_two_ints-0.0.0-py3.10.egg-info/dependency_links.txt
[0.363s] -- Installing: /home/ntruong1124/ros2_ws/Python/service/install/add_two_ints/local/lib/python3.10/dist-packages/add_two_ints-0.0.0-py3.10.egg-info/SOURCES.txt
[0.363s] -- Up-to-date: /home/ntruong1124/ros2_ws/Python/service/install/add_two_ints/local/lib/python3.10/dist-packages/add_two_ints
[0.363s] -- Up-to-date: /home/ntruong1124/ros2_ws/Python/service/install/add_two_ints/local/lib/python3.10/dist-packages/add_two_ints/_add_two_ints_s.ep.rosidl_typesupport_c.c
[0.363s] -- Up-to-date: /home/ntruong1124/ros2_ws/Python/service/install/add_two_ints/local/lib/python3.10/dist-packages/add_two_ints/srv
[0.363s] -- Up-to-date: /home/ntruong1124/ros2_ws/Python/service/install/add_two_ints/local/lib/python3.10/dist-packages/add_two_ints/srv/_sum_two_nums_s.c
[0.363s] -- Up-to-date: /home/ntruong1124/ros2_ws/Python/service/install/add_two_ints/local/lib/python3.10/dist-packages/add_two_ints/srv/_sum_two_nums.py
[0.363s] -- Up-to-date: /home/ntruong1124/ros2_ws/Python/service/install/add_two_ints/local/lib/python3.10/dist-packages/add_two_ints/srv/__init__.py
[0.363s] -- Up-to-date: /home/ntruong1124/ros2_ws/Python/service/install/add_two_ints/local/lib/python3.10/dist-packages/add_two_ints/add_two_ints_s__rosidl_typesupport_fastrtps_c.cpython-310-x86_64-linux-gnu.so
[0.363s] -- Up-to-date: /home/ntruong1124/ros2_ws/Python/service/install/add_two_ints/local/lib/python3.10/dist-packages/add_two_ints/_add_two_ints_s.ep.rosidl_typesupport_fastrtps_c.c
[0.363s] -- Up-to-date: /home/ntruong1124/ros2_ws/Python/service/install/add_two_ints/local/lib/python3.10/dist-packages/add_two_ints/__init__.py
[0.363s] -- Up-to-date: /home/ntruong1124/ros2_ws/Python/service/install/add_two_ints/local/lib/python3.10/dist-packages/add_two_ints/add_two_ints_s__rosidl_typesupport_c.cpython-310-x86_64-linux-gnu.so
[0.364s] -- Up-to-date: /home/ntruong1124/ros2_ws/Python/service/install/add_two_ints/local/lib/python3.10/dist-packages/add_two_ints/_add_two_ints_s.ep.rosidl_typesupport_introspection_c.c
[0.364s] -- Up-to-date: /home/ntruong1124/ros2_ws/Python/service/install/add_two_ints/local/lib/python3.10/dist-packages/add_two_ints/add_two_ints_s__rosidl_typesupport_introspection_c.cpython-310-x86_64-linux-gnu.so
[0.364s] -- Up-to-date: /home/ntruong1124/ros2_ws/Python/service/install/add_two_ints/local/lib/python3.10/dist-packages/add_two_ints/libadd_two_ints__rosidl_generator_py.so
[0.385s] Listing '/home/ntruong1124/ros2_ws/Python/service/install/add_two_ints/local/lib/python3.10/dist-packages/add_two_ints'...
[0.385s] Listing '/home/ntruong1124/ros2_ws/Python/service/install/add_two_ints/local/lib/python3.10/dist-packages/add_two_ints/srv'...
[0.390s] -- Up-to-date: /home/ntruong1124/ros2_ws/Python/service/install/add_two_ints/local/lib/python3.10/dist-packages/add_two_ints/add_two_ints_s__rosidl_typesupport_fastrtps_c.cpython-310-x86_64-linux-gnu.so
[0.390s] -- Up-to-date: /home/ntruong1124/ros2_ws/Python/service/install/add_two_ints/local/lib/python3.10/dist-packages/add_two_ints/add_two_ints_s__rosidl_typesupport_introspection_c.cpython-310-x86_64-linux-gnu.so
[0.390s] -- Up-to-date: /home/ntruong1124/ros2_ws/Python/service/install/add_two_ints/local/lib/python3.10/dist-packages/add_two_ints/add_two_ints_s__rosidl_typesupport_c.cpython-310-x86_64-linux-gnu.so
[0.391s] -- Up-to-date: /home/ntruong1124/ros2_ws/Python/service/install/add_two_ints/lib/libadd_two_ints__rosidl_generator_py.so
[0.391s] -- Up-to-date: /home/ntruong1124/ros2_ws/Python/service/install/add_two_ints/share/add_two_ints/srv/SumTwoNums.idl
[0.391s] -- Up-to-date: /home/ntruong1124/ros2_ws/Python/service/install/add_two_ints/share/add_two_ints/srv/SumTwoNums.srv
[0.391s] -- Up-to-date: /home/ntruong1124/ros2_ws/Python/service/install/add_two_ints/share/add_two_ints/srv/SumTwoNums_Request.msg
[0.391s] -- Up-to-date: /home/ntruong1124/ros2_ws/Python/service/install/add_two_ints/share/add_two_ints/srv/SumTwoNums_Response.msg
[0.391s] -- Up-to-date: /home/ntruong1124/ros2_ws/Python/service/install/add_two_ints/share/ament_index/resource_index/package_run_dependencies/add_two_ints
[0.392s] -- Up-to-date: /home/ntruong1124/ros2_ws/Python/service/install/add_two_ints/share/ament_index/resource_index/parent_prefix_path/add_two_ints
[0.392s] -- Up-to-date: /home/ntruong1124/ros2_ws/Python/service/install/add_two_ints/share/add_two_ints/environment/ament_prefix_path.sh
[0.392s] -- Up-to-date: /home/ntruong1124/ros2_ws/Python/service/install/add_two_ints/share/add_two_ints/environment/ament_prefix_path.dsv
[0.392s] -- Up-to-date: /home/ntruong1124/ros2_ws/Python/service/install/add_two_ints/share/add_two_ints/environment/path.sh
[0.392s] -- Up-to-date: /home/ntruong1124/ros2_ws/Python/service/install/add_two_ints/share/add_two_ints/environment/path.dsv
[0.392s] -- Up-to-date: /home/ntruong1124/ros2_ws/Python/service/install/add_two_ints/share/add_two_ints/local_setup.bash
[0.393s] -- Up-to-date: /home/ntruong1124/ros2_ws/Python/service/install/add_two_ints/share/add_two_ints/local_setup.sh
[0.393s] -- Up-to-date: /home/ntruong1124/ros2_ws/Python/service/install/add_two_ints/share/add_two_ints/local_setup.zsh
[0.393s] -- Up-to-date: /home/ntruong1124/ros2_ws/Python/service/install/add_two_ints/share/add_two_ints/local_setup.dsv
[0.393s] -- Installing: /home/ntruong1124/ros2_ws/Python/service/install/add_two_ints/share/add_two_ints/package.dsv
[0.393s] -- Up-to-date: /home/ntruong1124/ros2_ws/Python/service/install/add_two_ints/share/ament_index/resource_index/packages/add_two_ints
[0.393s] -- Up-to-date: /home/ntruong1124/ros2_ws/Python/service/install/add_two_ints/share/add_two_ints/cmake/export_add_two_ints__rosidl_generator_cExport.cmake
[0.393s] -- Up-to-date: /home/ntruong1124/ros2_ws/Python/service/install/add_two_ints/share/add_two_ints/cmake/export_add_two_ints__rosidl_generator_cExport-noconfig.cmake
[0.393s] -- Up-to-date: /home/ntruong1124/ros2_ws/Python/service/install/add_two_ints/share/add_two_ints/cmake/export_add_two_ints__rosidl_typesupport_fastrtps_cExport.cmake
[0.393s] -- Up-to-date: /home/ntruong1124/ros2_ws/Python/service/install/add_two_ints/share/add_two_ints/cmake/export_add_two_ints__rosidl_typesupport_fastrtps_cExport-noconfig.cmake
[0.394s] -- Up-to-date: /home/ntruong1124/ros2_ws/Python/service/install/add_two_ints/share/add_two_ints/cmake/add_two_ints__rosidl_typesupport_introspection_cExport.cmake
[0.394s] -- Up-to-date: /home/ntruong1124/ros2_ws/Python/service/install/add_two_ints/share/add_two_ints/cmake/add_two_ints__rosidl_typesupport_introspection_cExport-noconfig.cmake
[0.394s] -- Up-to-date: /home/ntruong1124/ros2_ws/Python/service/install/add_two_ints/share/add_two_ints/cmake/add_two_ints__rosidl_typesupport_cExport.cmake
[0.394s] -- Up-to-date: /home/ntruong1124/ros2_ws/Python/service/install/add_two_ints/share/add_two_ints/cmake/add_two_ints__rosidl_typesupport_cExport-noconfig.cmake
[0.394s] -- Up-to-date: /home/ntruong1124/ros2_ws/Python/service/install/add_two_ints/share/add_two_ints/cmake/export_add_two_ints__rosidl_generator_cppExport.cmake
[0.394s] -- Up-to-date: /home/ntruong1124/ros2_ws/Python/service/install/add_two_ints/share/add_two_ints/cmake/export_add_two_ints__rosidl_typesupport_fastrtps_cppExport.cmake
[0.394s] -- Up-to-date: /home/ntruong1124/ros2_ws/Python/service/install/add_two_ints/share/add_two_ints/cmake/export_add_two_ints__rosidl_typesupport_fastrtps_cppExport-noconfig.cmake
[0.394s] -- Up-to-date: /home/ntruong1124/ros2_ws/Python/service/install/add_two_ints/share/add_two_ints/cmake/add_two_ints__rosidl_typesupport_introspection_cppExport.cmake
[0.394s] -- Up-to-date: /home/ntruong1124/ros2_ws/Python/service/install/add_two_ints/share/add_two_ints/cmake/add_two_ints__rosidl_typesupport_introspection_cppExport-noconfig.cmake
[0.394s] -- Up-to-date: /home/ntruong1124/ros2_ws/Python/service/install/add_two_ints/share/add_two_ints/cmake/add_two_ints__rosidl_typesupport_cppExport.cmake
[0.394s] -- Up-to-date: /home/ntruong1124/ros2_ws/Python/service/install/add_two_ints/share/add_two_ints/cmake/add_two_ints__rosidl_typesupport_cppExport-noconfig.cmake
[0.394s] -- Up-to-date: /home/ntruong1124/ros2_ws/Python/service/install/add_two_ints/share/add_two_ints/cmake/export_add_two_ints__rosidl_generator_pyExport.cmake
[0.394s] -- Up-to-date: /home/ntruong1124/ros2_ws/Python/service/install/add_two_ints/share/add_two_ints/cmake/export_add_two_ints__rosidl_generator_pyExport-noconfig.cmake
[0.394s] -- Up-to-date: /home/ntruong1124/ros2_ws/Python/service/install/add_two_ints/share/add_two_ints/cmake/rosidl_cmake-extras.cmake
[0.394s] -- Up-to-date: /home/ntruong1124/ros2_ws/Python/service/install/add_two_ints/share/add_two_ints/cmake/ament_cmake_export_include_directories-extras.cmake
[0.394s] -- Up-to-date: /home/ntruong1124/ros2_ws/Python/service/install/add_two_ints/share/add_two_ints/cmake/ament_cmake_export_libraries-extras.cmake
[0.394s] -- Up-to-date: /home/ntruong1124/ros2_ws/Python/service/install/add_two_ints/share/add_two_ints/cmake/ament_cmake_export_targets-extras.cmake
[0.395s] -- Up-to-date: /home/ntruong1124/ros2_ws/Python/service/install/add_two_ints/share/add_two_ints/cmake/rosidl_cmake_export_typesupport_targets-extras.cmake
[0.395s] -- Up-to-date: /home/ntruong1124/ros2_ws/Python/service/install/add_two_ints/share/add_two_ints/cmake/ament_cmake_export_dependencies-extras.cmake
[0.395s] -- Up-to-date: /home/ntruong1124/ros2_ws/Python/service/install/add_two_ints/share/add_two_ints/cmake/rosidl_cmake_export_typesupport_libraries-extras.cmake
[0.395s] -- Up-to-date: /home/ntruong1124/ros2_ws/Python/service/install/add_two_ints/share/add_two_ints/cmake/add_two_intsConfig.cmake
[0.395s] -- Up-to-date: /home/ntruong1124/ros2_ws/Python/service/install/add_two_ints/share/add_two_ints/cmake/add_two_intsConfig-version.cmake
[0.395s] -- Up-to-date: /home/ntruong1124/ros2_ws/Python/service/install/add_two_ints/share/add_two_ints/package.xml
[0.397s] Invoked command in '/home/ntruong1124/ros2_ws/Python/service/build/add_two_ints' returned '0': CMAKE_PREFIX_PATH=${CMAKE_PREFIX_PATH}:/home/ntruong1124/ros2_ws/Python/service/install/service_nodes:/opt/ros/humble /usr/bin/cmake --install /home/ntruong1124/ros2_ws/Python/service/build/add_two_ints
