[35m[1mConsolidate compiler generated dependencies of target add_two_ints__rosidl_generator_c[0m
[  9%] Built target add_two_ints__rosidl_generator_c
[ 12%] Built target add_two_ints__cpp
[35m[1mConsolidate compiler generated dependencies of target add_two_ints__rosidl_typesupport_introspection_c[0m
[35m[1mConsolidate compiler generated dependencies of target add_two_ints__rosidl_typesupport_fastrtps_c[0m
[35m[1mConsolidate compiler generated dependencies of target add_two_ints__rosidl_typesupport_c[0m
[ 12%] Built target ament_cmake_python_copy_add_two_ints
[35m[1mConsolidate compiler generated dependencies of target add_two_ints__rosidl_typesupport_fastrtps_cpp[0m
[35m[1mConsolidate compiler generated dependencies of target add_two_ints__rosidl_typesupport_introspection_cpp[0m
[ 22%] Built target add_two_ints__rosidl_typesupport_introspection_c
[ 32%] Built target add_two_ints__rosidl_typesupport_c
[35m[1mConsolidate compiler generated dependencies of target add_two_ints__rosidl_typesupport_cpp[0m
[ 41%] Built target add_two_ints__rosidl_typesupport_fastrtps_cpp
[ 51%] Built target add_two_ints__rosidl_typesupport_fastrtps_c
[ 61%] Built target add_two_ints__rosidl_typesupport_cpp
[ 70%] Built target add_two_ints__rosidl_typesupport_introspection_cpp
[ 70%] Built target add_two_ints
[ 74%] Built target add_two_ints__py
[35m[1mConsolidate compiler generated dependencies of target add_two_ints__rosidl_generator_py[0m
[ 80%] Built target add_two_ints__rosidl_generator_py
[35m[1mConsolidate compiler generated dependencies of target add_two_ints__rosidl_typesupport_introspection_c__pyext[0m
[35m[1mConsolidate compiler generated dependencies of target add_two_ints__rosidl_typesupport_fastrtps_c__pyext[0m
[35m[1mConsolidate compiler generated dependencies of target add_two_ints__rosidl_typesupport_c__pyext[0m
[ 87%] Built target add_two_ints__rosidl_typesupport_introspection_c__pyext
[ 96%] Built target add_two_ints__rosidl_typesupport_fastrtps_c__pyext
[100%] Built target add_two_ints__rosidl_typesupport_c__pyext
running egg_info
writing add_two_ints.egg-info/PKG-INFO
writing dependency_links to add_two_ints.egg-info/dependency_links.txt
writing top-level names to add_two_ints.egg-info/top_level.txt
reading manifest file 'add_two_ints.egg-info/SOURCES.txt'
writing manifest file 'add_two_ints.egg-info/SOURCES.txt'
[100%] Built target ament_cmake_python_build_add_two_ints_egg
-- Install configuration: ""
-- Up-to-date: /home/ntruong1124/ros2_ws/Python/service/install/add_two_ints/share/ament_index/resource_index/rosidl_interfaces/add_two_ints
-- Up-to-date: /home/ntruong1124/ros2_ws/Python/service/install/add_two_ints/include/add_two_ints/add_two_ints
-- Up-to-date: /home/ntruong1124/ros2_ws/Python/service/install/add_two_ints/include/add_two_ints/add_two_ints/srv
-- Up-to-date: /home/ntruong1124/ros2_ws/Python/service/install/add_two_ints/include/add_two_ints/add_two_ints/srv/sum_two_nums.h
-- Up-to-date: /home/ntruong1124/ros2_ws/Python/service/install/add_two_ints/include/add_two_ints/add_two_ints/srv/detail
-- Up-to-date: /home/ntruong1124/ros2_ws/Python/service/install/add_two_ints/include/add_two_ints/add_two_ints/srv/detail/sum_two_nums__functions.h
-- Up-to-date: /home/ntruong1124/ros2_ws/Python/service/install/add_two_ints/include/add_two_ints/add_two_ints/srv/detail/sum_two_nums__functions.c
-- Up-to-date: /home/ntruong1124/ros2_ws/Python/service/install/add_two_ints/include/add_two_ints/add_two_ints/srv/detail/sum_two_nums__type_support.h
-- Up-to-date: /home/ntruong1124/ros2_ws/Python/service/install/add_two_ints/include/add_two_ints/add_two_ints/srv/detail/sum_two_nums__struct.h
-- Up-to-date: /home/ntruong1124/ros2_ws/Python/service/install/add_two_ints/include/add_two_ints/add_two_ints/msg
-- Up-to-date: /home/ntruong1124/ros2_ws/Python/service/install/add_two_ints/include/add_two_ints/add_two_ints/msg/rosidl_generator_c__visibility_control.h
-- Up-to-date: /home/ntruong1124/ros2_ws/Python/service/install/add_two_ints/share/add_two_ints/environment/library_path.sh
-- Up-to-date: /home/ntruong1124/ros2_ws/Python/service/install/add_two_ints/share/add_two_ints/environment/library_path.dsv
-- Up-to-date: /home/ntruong1124/ros2_ws/Python/service/install/add_two_ints/lib/libadd_two_ints__rosidl_generator_c.so
-- Up-to-date: /home/ntruong1124/ros2_ws/Python/service/install/add_two_ints/include/add_two_ints/add_two_ints
-- Up-to-date: /home/ntruong1124/ros2_ws/Python/service/install/add_two_ints/include/add_two_ints/add_two_ints/srv
-- Up-to-date: /home/ntruong1124/ros2_ws/Python/service/install/add_two_ints/include/add_two_ints/add_two_ints/srv/detail
-- Up-to-date: /home/ntruong1124/ros2_ws/Python/service/install/add_two_ints/include/add_two_ints/add_two_ints/srv/detail/sum_two_nums__rosidl_typesupport_fastrtps_c.h
-- Up-to-date: /home/ntruong1124/ros2_ws/Python/service/install/add_two_ints/include/add_two_ints/add_two_ints/msg
-- Up-to-date: /home/ntruong1124/ros2_ws/Python/service/install/add_two_ints/include/add_two_ints/add_two_ints/msg/rosidl_typesupport_fastrtps_c__visibility_control.h
-- Up-to-date: /home/ntruong1124/ros2_ws/Python/service/install/add_two_ints/lib/libadd_two_ints__rosidl_typesupport_fastrtps_c.so
-- Up-to-date: /home/ntruong1124/ros2_ws/Python/service/install/add_two_ints/include/add_two_ints/add_two_ints
-- Up-to-date: /home/ntruong1124/ros2_ws/Python/service/install/add_two_ints/include/add_two_ints/add_two_ints/srv
-- Up-to-date: /home/ntruong1124/ros2_ws/Python/service/install/add_two_ints/include/add_two_ints/add_two_ints/srv/detail
-- Up-to-date: /home/ntruong1124/ros2_ws/Python/service/install/add_two_ints/include/add_two_ints/add_two_ints/srv/detail/sum_two_nums__type_support.c
-- Up-to-date: /home/ntruong1124/ros2_ws/Python/service/install/add_two_ints/include/add_two_ints/add_two_ints/srv/detail/sum_two_nums__rosidl_typesupport_introspection_c.h
-- Up-to-date: /home/ntruong1124/ros2_ws/Python/service/install/add_two_ints/include/add_two_ints/add_two_ints/msg
-- Up-to-date: /home/ntruong1124/ros2_ws/Python/service/install/add_two_ints/include/add_two_ints/add_two_ints/msg/rosidl_typesupport_introspection_c__visibility_control.h
-- Up-to-date: /home/ntruong1124/ros2_ws/Python/service/install/add_two_ints/lib/libadd_two_ints__rosidl_typesupport_introspection_c.so
-- Up-to-date: /home/ntruong1124/ros2_ws/Python/service/install/add_two_ints/lib/libadd_two_ints__rosidl_typesupport_c.so
-- Up-to-date: /home/ntruong1124/ros2_ws/Python/service/install/add_two_ints/include/add_two_ints/add_two_ints
-- Up-to-date: /home/ntruong1124/ros2_ws/Python/service/install/add_two_ints/include/add_two_ints/add_two_ints/srv
-- Up-to-date: /home/ntruong1124/ros2_ws/Python/service/install/add_two_ints/include/add_two_ints/add_two_ints/srv/sum_two_nums.hpp
-- Up-to-date: /home/ntruong1124/ros2_ws/Python/service/install/add_two_ints/include/add_two_ints/add_two_ints/srv/detail
-- Up-to-date: /home/ntruong1124/ros2_ws/Python/service/install/add_two_ints/include/add_two_ints/add_two_ints/srv/detail/sum_two_nums__builder.hpp
-- Up-to-date: /home/ntruong1124/ros2_ws/Python/service/install/add_two_ints/include/add_two_ints/add_two_ints/srv/detail/sum_two_nums__type_support.hpp
-- Up-to-date: /home/ntruong1124/ros2_ws/Python/service/install/add_two_ints/include/add_two_ints/add_two_ints/srv/detail/sum_two_nums__struct.hpp
-- Up-to-date: /home/ntruong1124/ros2_ws/Python/service/install/add_two_ints/include/add_two_ints/add_two_ints/srv/detail/sum_two_nums__traits.hpp
-- Up-to-date: /home/ntruong1124/ros2_ws/Python/service/install/add_two_ints/include/add_two_ints/add_two_ints/msg
-- Up-to-date: /home/ntruong1124/ros2_ws/Python/service/install/add_two_ints/include/add_two_ints/add_two_ints/msg/rosidl_generator_cpp__visibility_control.hpp
-- Up-to-date: /home/ntruong1124/ros2_ws/Python/service/install/add_two_ints/include/add_two_ints/add_two_ints
-- Up-to-date: /home/ntruong1124/ros2_ws/Python/service/install/add_two_ints/include/add_two_ints/add_two_ints/srv
-- Up-to-date: /home/ntruong1124/ros2_ws/Python/service/install/add_two_ints/include/add_two_ints/add_two_ints/srv/detail
-- Up-to-date: /home/ntruong1124/ros2_ws/Python/service/install/add_two_ints/include/add_two_ints/add_two_ints/srv/detail/sum_two_nums__rosidl_typesupport_fastrtps_cpp.hpp
-- Up-to-date: /home/ntruong1124/ros2_ws/Python/service/install/add_two_ints/include/add_two_ints/add_two_ints/srv/detail/dds_fastrtps
-- Up-to-date: /home/ntruong1124/ros2_ws/Python/service/install/add_two_ints/include/add_two_ints/add_two_ints/msg
-- Up-to-date: /home/ntruong1124/ros2_ws/Python/service/install/add_two_ints/include/add_two_ints/add_two_ints/msg/rosidl_typesupport_fastrtps_cpp__visibility_control.h
-- Up-to-date: /home/ntruong1124/ros2_ws/Python/service/install/add_two_ints/lib/libadd_two_ints__rosidl_typesupport_fastrtps_cpp.so
-- Up-to-date: /home/ntruong1124/ros2_ws/Python/service/install/add_two_ints/include/add_two_ints/add_two_ints
-- Up-to-date: /home/ntruong1124/ros2_ws/Python/service/install/add_two_ints/include/add_two_ints/add_two_ints/srv
-- Up-to-date: /home/ntruong1124/ros2_ws/Python/service/install/add_two_ints/include/add_two_ints/add_two_ints/srv/detail
-- Up-to-date: /home/ntruong1124/ros2_ws/Python/service/install/add_two_ints/include/add_two_ints/add_two_ints/srv/detail/sum_two_nums__type_support.cpp
-- Up-to-date: /home/ntruong1124/ros2_ws/Python/service/install/add_two_ints/include/add_two_ints/add_two_ints/srv/detail/sum_two_nums__rosidl_typesupport_introspection_cpp.hpp
-- Up-to-date: /home/ntruong1124/ros2_ws/Python/service/install/add_two_ints/lib/libadd_two_ints__rosidl_typesupport_introspection_cpp.so
-- Up-to-date: /home/ntruong1124/ros2_ws/Python/service/install/add_two_ints/lib/libadd_two_ints__rosidl_typesupport_cpp.so
-- Up-to-date: /home/ntruong1124/ros2_ws/Python/service/install/add_two_ints/share/add_two_ints/environment/pythonpath.sh
-- Up-to-date: /home/ntruong1124/ros2_ws/Python/service/install/add_two_ints/share/add_two_ints/environment/pythonpath.dsv
-- Up-to-date: /home/ntruong1124/ros2_ws/Python/service/install/add_two_ints/local/lib/python3.10/dist-packages/add_two_ints-0.0.0-py3.10.egg-info
-- Installing: /home/ntruong1124/ros2_ws/Python/service/install/add_two_ints/local/lib/python3.10/dist-packages/add_two_ints-0.0.0-py3.10.egg-info/top_level.txt
-- Installing: /home/ntruong1124/ros2_ws/Python/service/install/add_two_ints/local/lib/python3.10/dist-packages/add_two_ints-0.0.0-py3.10.egg-info/PKG-INFO
-- Installing: /home/ntruong1124/ros2_ws/Python/service/install/add_two_ints/local/lib/python3.10/dist-packages/add_two_ints-0.0.0-py3.10.egg-info/dependency_links.txt
-- Installing: /home/ntruong1124/ros2_ws/Python/service/install/add_two_ints/local/lib/python3.10/dist-packages/add_two_ints-0.0.0-py3.10.egg-info/SOURCES.txt
-- Up-to-date: /home/ntruong1124/ros2_ws/Python/service/install/add_two_ints/local/lib/python3.10/dist-packages/add_two_ints
-- Up-to-date: /home/ntruong1124/ros2_ws/Python/service/install/add_two_ints/local/lib/python3.10/dist-packages/add_two_ints/_add_two_ints_s.ep.rosidl_typesupport_c.c
-- Up-to-date: /home/ntruong1124/ros2_ws/Python/service/install/add_two_ints/local/lib/python3.10/dist-packages/add_two_ints/srv
-- Up-to-date: /home/ntruong1124/ros2_ws/Python/service/install/add_two_ints/local/lib/python3.10/dist-packages/add_two_ints/srv/_sum_two_nums_s.c
-- Up-to-date: /home/ntruong1124/ros2_ws/Python/service/install/add_two_ints/local/lib/python3.10/dist-packages/add_two_ints/srv/_sum_two_nums.py
-- Up-to-date: /home/ntruong1124/ros2_ws/Python/service/install/add_two_ints/local/lib/python3.10/dist-packages/add_two_ints/srv/__init__.py
-- Up-to-date: /home/ntruong1124/ros2_ws/Python/service/install/add_two_ints/local/lib/python3.10/dist-packages/add_two_ints/add_two_ints_s__rosidl_typesupport_fastrtps_c.cpython-310-x86_64-linux-gnu.so
-- Up-to-date: /home/ntruong1124/ros2_ws/Python/service/install/add_two_ints/local/lib/python3.10/dist-packages/add_two_ints/_add_two_ints_s.ep.rosidl_typesupport_fastrtps_c.c
-- Up-to-date: /home/ntruong1124/ros2_ws/Python/service/install/add_two_ints/local/lib/python3.10/dist-packages/add_two_ints/__init__.py
-- Up-to-date: /home/ntruong1124/ros2_ws/Python/service/install/add_two_ints/local/lib/python3.10/dist-packages/add_two_ints/add_two_ints_s__rosidl_typesupport_c.cpython-310-x86_64-linux-gnu.so
-- Up-to-date: /home/ntruong1124/ros2_ws/Python/service/install/add_two_ints/local/lib/python3.10/dist-packages/add_two_ints/_add_two_ints_s.ep.rosidl_typesupport_introspection_c.c
-- Up-to-date: /home/ntruong1124/ros2_ws/Python/service/install/add_two_ints/local/lib/python3.10/dist-packages/add_two_ints/add_two_ints_s__rosidl_typesupport_introspection_c.cpython-310-x86_64-linux-gnu.so
-- Up-to-date: /home/ntruong1124/ros2_ws/Python/service/install/add_two_ints/local/lib/python3.10/dist-packages/add_two_ints/libadd_two_ints__rosidl_generator_py.so
Listing '/home/ntruong1124/ros2_ws/Python/service/install/add_two_ints/local/lib/python3.10/dist-packages/add_two_ints'...
Listing '/home/ntruong1124/ros2_ws/Python/service/install/add_two_ints/local/lib/python3.10/dist-packages/add_two_ints/srv'...
-- Up-to-date: /home/ntruong1124/ros2_ws/Python/service/install/add_two_ints/local/lib/python3.10/dist-packages/add_two_ints/add_two_ints_s__rosidl_typesupport_fastrtps_c.cpython-310-x86_64-linux-gnu.so
-- Up-to-date: /home/ntruong1124/ros2_ws/Python/service/install/add_two_ints/local/lib/python3.10/dist-packages/add_two_ints/add_two_ints_s__rosidl_typesupport_introspection_c.cpython-310-x86_64-linux-gnu.so
-- Up-to-date: /home/ntruong1124/ros2_ws/Python/service/install/add_two_ints/local/lib/python3.10/dist-packages/add_two_ints/add_two_ints_s__rosidl_typesupport_c.cpython-310-x86_64-linux-gnu.so
-- Up-to-date: /home/ntruong1124/ros2_ws/Python/service/install/add_two_ints/lib/libadd_two_ints__rosidl_generator_py.so
-- Up-to-date: /home/ntruong1124/ros2_ws/Python/service/install/add_two_ints/share/add_two_ints/srv/SumTwoNums.idl
-- Up-to-date: /home/ntruong1124/ros2_ws/Python/service/install/add_two_ints/share/add_two_ints/srv/SumTwoNums.srv
-- Up-to-date: /home/ntruong1124/ros2_ws/Python/service/install/add_two_ints/share/add_two_ints/srv/SumTwoNums_Request.msg
-- Up-to-date: /home/ntruong1124/ros2_ws/Python/service/install/add_two_ints/share/add_two_ints/srv/SumTwoNums_Response.msg
-- Up-to-date: /home/ntruong1124/ros2_ws/Python/service/install/add_two_ints/share/ament_index/resource_index/package_run_dependencies/add_two_ints
-- Up-to-date: /home/ntruong1124/ros2_ws/Python/service/install/add_two_ints/share/ament_index/resource_index/parent_prefix_path/add_two_ints
-- Up-to-date: /home/ntruong1124/ros2_ws/Python/service/install/add_two_ints/share/add_two_ints/environment/ament_prefix_path.sh
-- Up-to-date: /home/ntruong1124/ros2_ws/Python/service/install/add_two_ints/share/add_two_ints/environment/ament_prefix_path.dsv
-- Up-to-date: /home/ntruong1124/ros2_ws/Python/service/install/add_two_ints/share/add_two_ints/environment/path.sh
-- Up-to-date: /home/ntruong1124/ros2_ws/Python/service/install/add_two_ints/share/add_two_ints/environment/path.dsv
-- Up-to-date: /home/ntruong1124/ros2_ws/Python/service/install/add_two_ints/share/add_two_ints/local_setup.bash
-- Up-to-date: /home/ntruong1124/ros2_ws/Python/service/install/add_two_ints/share/add_two_ints/local_setup.sh
-- Up-to-date: /home/ntruong1124/ros2_ws/Python/service/install/add_two_ints/share/add_two_ints/local_setup.zsh
-- Up-to-date: /home/ntruong1124/ros2_ws/Python/service/install/add_two_ints/share/add_two_ints/local_setup.dsv
-- Installing: /home/ntruong1124/ros2_ws/Python/service/install/add_two_ints/share/add_two_ints/package.dsv
-- Up-to-date: /home/ntruong1124/ros2_ws/Python/service/install/add_two_ints/share/ament_index/resource_index/packages/add_two_ints
-- Up-to-date: /home/ntruong1124/ros2_ws/Python/service/install/add_two_ints/share/add_two_ints/cmake/export_add_two_ints__rosidl_generator_cExport.cmake
-- Up-to-date: /home/ntruong1124/ros2_ws/Python/service/install/add_two_ints/share/add_two_ints/cmake/export_add_two_ints__rosidl_generator_cExport-noconfig.cmake
-- Up-to-date: /home/ntruong1124/ros2_ws/Python/service/install/add_two_ints/share/add_two_ints/cmake/export_add_two_ints__rosidl_typesupport_fastrtps_cExport.cmake
-- Up-to-date: /home/ntruong1124/ros2_ws/Python/service/install/add_two_ints/share/add_two_ints/cmake/export_add_two_ints__rosidl_typesupport_fastrtps_cExport-noconfig.cmake
-- Up-to-date: /home/ntruong1124/ros2_ws/Python/service/install/add_two_ints/share/add_two_ints/cmake/add_two_ints__rosidl_typesupport_introspection_cExport.cmake
-- Up-to-date: /home/ntruong1124/ros2_ws/Python/service/install/add_two_ints/share/add_two_ints/cmake/add_two_ints__rosidl_typesupport_introspection_cExport-noconfig.cmake
-- Up-to-date: /home/ntruong1124/ros2_ws/Python/service/install/add_two_ints/share/add_two_ints/cmake/add_two_ints__rosidl_typesupport_cExport.cmake
-- Up-to-date: /home/ntruong1124/ros2_ws/Python/service/install/add_two_ints/share/add_two_ints/cmake/add_two_ints__rosidl_typesupport_cExport-noconfig.cmake
-- Up-to-date: /home/ntruong1124/ros2_ws/Python/service/install/add_two_ints/share/add_two_ints/cmake/export_add_two_ints__rosidl_generator_cppExport.cmake
-- Up-to-date: /home/ntruong1124/ros2_ws/Python/service/install/add_two_ints/share/add_two_ints/cmake/export_add_two_ints__rosidl_typesupport_fastrtps_cppExport.cmake
-- Up-to-date: /home/ntruong1124/ros2_ws/Python/service/install/add_two_ints/share/add_two_ints/cmake/export_add_two_ints__rosidl_typesupport_fastrtps_cppExport-noconfig.cmake
-- Up-to-date: /home/ntruong1124/ros2_ws/Python/service/install/add_two_ints/share/add_two_ints/cmake/add_two_ints__rosidl_typesupport_introspection_cppExport.cmake
-- Up-to-date: /home/ntruong1124/ros2_ws/Python/service/install/add_two_ints/share/add_two_ints/cmake/add_two_ints__rosidl_typesupport_introspection_cppExport-noconfig.cmake
-- Up-to-date: /home/ntruong1124/ros2_ws/Python/service/install/add_two_ints/share/add_two_ints/cmake/add_two_ints__rosidl_typesupport_cppExport.cmake
-- Up-to-date: /home/ntruong1124/ros2_ws/Python/service/install/add_two_ints/share/add_two_ints/cmake/add_two_ints__rosidl_typesupport_cppExport-noconfig.cmake
-- Up-to-date: /home/ntruong1124/ros2_ws/Python/service/install/add_two_ints/share/add_two_ints/cmake/export_add_two_ints__rosidl_generator_pyExport.cmake
-- Up-to-date: /home/ntruong1124/ros2_ws/Python/service/install/add_two_ints/share/add_two_ints/cmake/export_add_two_ints__rosidl_generator_pyExport-noconfig.cmake
-- Up-to-date: /home/ntruong1124/ros2_ws/Python/service/install/add_two_ints/share/add_two_ints/cmake/rosidl_cmake-extras.cmake
-- Up-to-date: /home/ntruong1124/ros2_ws/Python/service/install/add_two_ints/share/add_two_ints/cmake/ament_cmake_export_include_directories-extras.cmake
-- Up-to-date: /home/ntruong1124/ros2_ws/Python/service/install/add_two_ints/share/add_two_ints/cmake/ament_cmake_export_libraries-extras.cmake
-- Up-to-date: /home/ntruong1124/ros2_ws/Python/service/install/add_two_ints/share/add_two_ints/cmake/ament_cmake_export_targets-extras.cmake
-- Up-to-date: /home/ntruong1124/ros2_ws/Python/service/install/add_two_ints/share/add_two_ints/cmake/rosidl_cmake_export_typesupport_targets-extras.cmake
-- Up-to-date: /home/ntruong1124/ros2_ws/Python/service/install/add_two_ints/share/add_two_ints/cmake/ament_cmake_export_dependencies-extras.cmake
-- Up-to-date: /home/ntruong1124/ros2_ws/Python/service/install/add_two_ints/share/add_two_ints/cmake/rosidl_cmake_export_typesupport_libraries-extras.cmake
-- Up-to-date: /home/ntruong1124/ros2_ws/Python/service/install/add_two_ints/share/add_two_ints/cmake/add_two_intsConfig.cmake
-- Up-to-date: /home/ntruong1124/ros2_ws/Python/service/install/add_two_ints/share/add_two_ints/cmake/add_two_intsConfig-version.cmake
-- Up-to-date: /home/ntruong1124/ros2_ws/Python/service/install/add_two_ints/share/add_two_ints/package.xml
