[0.018s] Invoking command in '/home/ntruong1124/ros2_ws/Python/service/build/add_two_ints': CMAKE_PREFIX_PATH=${CMAKE_PREFIX_PATH}:/home/ntruong1124/ros2_ws/Python/service/install/service_nodes:/opt/ros/humble /usr/bin/cmake --build /home/ntruong1124/ros2_ws/Python/service/build/add_two_ints -- -j8 -l8
[0.053s] [35m[1mConsolidate compiler generated dependencies of target add_two_ints__rosidl_generator_c[0m
[0.063s] [  9%] Built target add_two_ints__rosidl_generator_c
[0.064s] [ 12%] Built target add_two_ints__cpp
[0.074s] [35m[1mConsolidate compiler generated dependencies of target add_two_ints__rosidl_typesupport_introspection_c[0m
[0.074s] [35m[1mConsolidate compiler generated dependencies of target add_two_ints__rosidl_typesupport_fastrtps_c[0m
[0.074s] [35m[1mConsolidate compiler generated dependencies of target add_two_ints__rosidl_typesupport_c[0m
[0.074s] [ 12%] Built target ament_cmake_python_copy_add_two_ints
[0.075s] [35m[1mConsolidate compiler generated dependencies of target add_two_ints__rosidl_typesupport_fastrtps_cpp[0m
[0.090s] [35m[1mConsolidate compiler generated dependencies of target add_two_ints__rosidl_typesupport_introspection_cpp[0m
[0.090s] [ 22%] Built target add_two_ints__rosidl_typesupport_introspection_c
[0.090s] [ 32%] Built target add_two_ints__rosidl_typesupport_c
[0.090s] [35m[1mConsolidate compiler generated dependencies of target add_two_ints__rosidl_typesupport_cpp[0m
[0.090s] [ 41%] Built target add_two_ints__rosidl_typesupport_fastrtps_cpp
[0.094s] [ 51%] Built target add_two_ints__rosidl_typesupport_fastrtps_c
[0.101s] [ 61%] Built target add_two_ints__rosidl_typesupport_cpp
[0.102s] [ 70%] Built target add_two_ints__rosidl_typesupport_introspection_cpp
[0.120s] [ 70%] Built target add_two_ints
[0.141s] [ 74%] Built target add_two_ints__py
[0.152s] [35m[1mConsolidate compiler generated dependencies of target add_two_ints__rosidl_generator_py[0m
[0.166s] [ 80%] Built target add_two_ints__rosidl_generator_py
[0.176s] [35m[1mConsolidate compiler generated dependencies of target add_two_ints__rosidl_typesupport_introspection_c__pyext[0m
[0.179s] [35m[1mConsolidate compiler generated dependencies of target add_two_ints__rosidl_typesupport_fastrtps_c__pyext[0m
[0.179s] [35m[1mConsolidate compiler generated dependencies of target add_two_ints__rosidl_typesupport_c__pyext[0m
[0.189s] [ 87%] Built target add_two_ints__rosidl_typesupport_introspection_c__pyext
[0.194s] [ 96%] Built target add_two_ints__rosidl_typesupport_fastrtps_c__pyext
[0.194s] [100%] Built target add_two_ints__rosidl_typesupport_c__pyext
[0.328s] running egg_info
[0.328s] writing add_two_ints.egg-info/PKG-INFO
[0.329s] writing dependency_links to add_two_ints.egg-info/dependency_links.txt
[0.329s] writing top-level names to add_two_ints.egg-info/top_level.txt
[0.331s] reading manifest file 'add_two_ints.egg-info/SOURCES.txt'
[0.332s] writing manifest file 'add_two_ints.egg-info/SOURCES.txt'
[0.361s] [100%] Built target ament_cmake_python_build_add_two_ints_egg
[0.375s] Invoked command in '/home/ntruong1124/ros2_ws/Python/service/build/add_two_ints' returned '0': CMAKE_PREFIX_PATH=${CMAKE_PREFIX_PATH}:/home/ntruong1124/ros2_ws/Python/service/install/service_nodes:/opt/ros/humble /usr/bin/cmake --build /home/ntruong1124/ros2_ws/Python/service/build/add_two_ints -- -j8 -l8
[0.385s] Invoking command in '/home/ntruong1124/ros2_ws/Python/service/build/add_two_ints': CMAKE_PREFIX_PATH=${CMAKE_PREFIX_PATH}:/home/ntruong1124/ros2_ws/Python/service/install/service_nodes:/opt/ros/humble /usr/bin/cmake --install /home/ntruong1124/ros2_ws/Python/service/build/add_two_ints
[0.394s] -- Install configuration: ""
[0.395s] -- Up-to-date: /home/ntruong1124/ros2_ws/Python/service/install/add_two_ints/share/ament_index/resource_index/rosidl_interfaces/add_two_ints
[0.395s] -- Up-to-date: /home/ntruong1124/ros2_ws/Python/service/install/add_two_ints/include/add_two_ints/add_two_ints
[0.395s] -- Up-to-date: /home/ntruong1124/ros2_ws/Python/service/install/add_two_ints/include/add_two_ints/add_two_ints/srv
[0.395s] -- Up-to-date: /home/ntruong1124/ros2_ws/Python/service/install/add_two_ints/include/add_two_ints/add_two_ints/srv/sum_two_nums.h
[0.396s] -- Up-to-date: /home/ntruong1124/ros2_ws/Python/service/install/add_two_ints/include/add_two_ints/add_two_ints/srv/detail
[0.396s] -- Up-to-date: /home/ntruong1124/ros2_ws/Python/service/install/add_two_ints/include/add_two_ints/add_two_ints/srv/detail/sum_two_nums__functions.h
[0.396s] -- Up-to-date: /home/ntruong1124/ros2_ws/Python/service/install/add_two_ints/include/add_two_ints/add_two_ints/srv/detail/sum_two_nums__functions.c
[0.396s] -- Up-to-date: /home/ntruong1124/ros2_ws/Python/service/install/add_two_ints/include/add_two_ints/add_two_ints/srv/detail/sum_two_nums__type_support.h
[0.396s] -- Up-to-date: /home/ntruong1124/ros2_ws/Python/service/install/add_two_ints/include/add_two_ints/add_two_ints/srv/detail/sum_two_nums__struct.h
[0.397s] -- Up-to-date: /home/ntruong1124/ros2_ws/Python/service/install/add_two_ints/include/add_two_ints/add_two_ints/msg
[0.397s] -- Up-to-date: /home/ntruong1124/ros2_ws/Python/service/install/add_two_ints/include/add_two_ints/add_two_ints/msg/rosidl_generator_c__visibility_control.h
[0.397s] -- Up-to-date: /home/ntruong1124/ros2_ws/Python/service/install/add_two_ints/share/add_two_ints/environment/library_path.sh
[0.397s] -- Up-to-date: /home/ntruong1124/ros2_ws/Python/service/install/add_two_ints/share/add_two_ints/environment/library_path.dsv
[0.397s] -- Up-to-date: /home/ntruong1124/ros2_ws/Python/service/install/add_two_ints/lib/libadd_two_ints__rosidl_generator_c.so
[0.397s] -- Up-to-date: /home/ntruong1124/ros2_ws/Python/service/install/add_two_ints/include/add_two_ints/add_two_ints
[0.397s] -- Up-to-date: /home/ntruong1124/ros2_ws/Python/service/install/add_two_ints/include/add_two_ints/add_two_ints/srv
[0.397s] -- Up-to-date: /home/ntruong1124/ros2_ws/Python/service/install/add_two_ints/include/add_two_ints/add_two_ints/srv/detail
[0.398s] -- Up-to-date: /home/ntruong1124/ros2_ws/Python/service/install/add_two_ints/include/add_two_ints/add_two_ints/srv/detail/sum_two_nums__rosidl_typesupport_fastrtps_c.h
[0.398s] -- Up-to-date: /home/ntruong1124/ros2_ws/Python/service/install/add_two_ints/include/add_two_ints/add_two_ints/msg
[0.398s] -- Up-to-date: /home/ntruong1124/ros2_ws/Python/service/install/add_two_ints/include/add_two_ints/add_two_ints/msg/rosidl_typesupport_fastrtps_c__visibility_control.h
[0.398s] -- Up-to-date: /home/ntruong1124/ros2_ws/Python/service/install/add_two_ints/lib/libadd_two_ints__rosidl_typesupport_fastrtps_c.so
[0.398s] -- Up-to-date: /home/ntruong1124/ros2_ws/Python/service/install/add_two_ints/include/add_two_ints/add_two_ints
[0.398s] -- Up-to-date: /home/ntruong1124/ros2_ws/Python/service/install/add_two_ints/include/add_two_ints/add_two_ints/srv
[0.399s] -- Up-to-date: /home/ntruong1124/ros2_ws/Python/service/install/add_two_ints/include/add_two_ints/add_two_ints/srv/detail
[0.399s] -- Up-to-date: /home/ntruong1124/ros2_ws/Python/service/install/add_two_ints/include/add_two_ints/add_two_ints/srv/detail/sum_two_nums__type_support.c
[0.399s] -- Up-to-date: /home/ntruong1124/ros2_ws/Python/service/install/add_two_ints/include/add_two_ints/add_two_ints/srv/detail/sum_two_nums__rosidl_typesupport_introspection_c.h
[0.399s] -- Up-to-date: /home/ntruong1124/ros2_ws/Python/service/install/add_two_ints/include/add_two_ints/add_two_ints/msg
[0.400s] -- Up-to-date: /home/ntruong1124/ros2_ws/Python/service/install/add_two_ints/include/add_two_ints/add_two_ints/msg/rosidl_typesupport_introspection_c__visibility_control.h
[0.400s] -- Up-to-date: /home/ntruong1124/ros2_ws/Python/service/install/add_two_ints/lib/libadd_two_ints__rosidl_typesupport_introspection_c.so
[0.400s] -- Up-to-date: /home/ntruong1124/ros2_ws/Python/service/install/add_two_ints/lib/libadd_two_ints__rosidl_typesupport_c.so
[0.400s] -- Up-to-date: /home/ntruong1124/ros2_ws/Python/service/install/add_two_ints/include/add_two_ints/add_two_ints
[0.400s] -- Up-to-date: /home/ntruong1124/ros2_ws/Python/service/install/add_two_ints/include/add_two_ints/add_two_ints/srv
[0.400s] -- Up-to-date: /home/ntruong1124/ros2_ws/Python/service/install/add_two_ints/include/add_two_ints/add_two_ints/srv/sum_two_nums.hpp
[0.400s] -- Up-to-date: /home/ntruong1124/ros2_ws/Python/service/install/add_two_ints/include/add_two_ints/add_two_ints/srv/detail
[0.400s] -- Up-to-date: /home/ntruong1124/ros2_ws/Python/service/install/add_two_ints/include/add_two_ints/add_two_ints/srv/detail/sum_two_nums__builder.hpp
[0.400s] -- Up-to-date: /home/ntruong1124/ros2_ws/Python/service/install/add_two_ints/include/add_two_ints/add_two_ints/srv/detail/sum_two_nums__type_support.hpp
[0.400s] -- Up-to-date: /home/ntruong1124/ros2_ws/Python/service/install/add_two_ints/include/add_two_ints/add_two_ints/srv/detail/sum_two_nums__struct.hpp
[0.401s] -- Up-to-date: /home/ntruong1124/ros2_ws/Python/service/install/add_two_ints/include/add_two_ints/add_two_ints/srv/detail/sum_two_nums__traits.hpp
[0.401s] -- Up-to-date: /home/ntruong1124/ros2_ws/Python/service/install/add_two_ints/include/add_two_ints/add_two_ints/msg
[0.401s] -- Up-to-date: /home/ntruong1124/ros2_ws/Python/service/install/add_two_ints/include/add_two_ints/add_two_ints/msg/rosidl_generator_cpp__visibility_control.hpp
[0.401s] -- Up-to-date: /home/ntruong1124/ros2_ws/Python/service/install/add_two_ints/include/add_two_ints/add_two_ints
[0.401s] -- Up-to-date: /home/ntruong1124/ros2_ws/Python/service/install/add_two_ints/include/add_two_ints/add_two_ints/srv
[0.401s] -- Up-to-date: /home/ntruong1124/ros2_ws/Python/service/install/add_two_ints/include/add_two_ints/add_two_ints/srv/detail
[0.401s] -- Up-to-date: /home/ntruong1124/ros2_ws/Python/service/install/add_two_ints/include/add_two_ints/add_two_ints/srv/detail/sum_two_nums__rosidl_typesupport_fastrtps_cpp.hpp
[0.401s] -- Up-to-date: /home/ntruong1124/ros2_ws/Python/service/install/add_two_ints/include/add_two_ints/add_two_ints/srv/detail/dds_fastrtps
[0.401s] -- Up-to-date: /home/ntruong1124/ros2_ws/Python/service/install/add_two_ints/include/add_two_ints/add_two_ints/msg
[0.402s] -- Up-to-date: /home/ntruong1124/ros2_ws/Python/service/install/add_two_ints/include/add_two_ints/add_two_ints/msg/rosidl_typesupport_fastrtps_cpp__visibility_control.h
[0.402s] -- Up-to-date: /home/ntruong1124/ros2_ws/Python/service/install/add_two_ints/lib/libadd_two_ints__rosidl_typesupport_fastrtps_cpp.so
[0.402s] -- Up-to-date: /home/ntruong1124/ros2_ws/Python/service/install/add_two_ints/include/add_two_ints/add_two_ints
[0.402s] -- Up-to-date: /home/ntruong1124/ros2_ws/Python/service/install/add_two_ints/include/add_two_ints/add_two_ints/srv
[0.402s] -- Up-to-date: /home/ntruong1124/ros2_ws/Python/service/install/add_two_ints/include/add_two_ints/add_two_ints/srv/detail
[0.402s] -- Up-to-date: /home/ntruong1124/ros2_ws/Python/service/install/add_two_ints/include/add_two_ints/add_two_ints/srv/detail/sum_two_nums__type_support.cpp
[0.402s] -- Up-to-date: /home/ntruong1124/ros2_ws/Python/service/install/add_two_ints/include/add_two_ints/add_two_ints/srv/detail/sum_two_nums__rosidl_typesupport_introspection_cpp.hpp
[0.402s] -- Up-to-date: /home/ntruong1124/ros2_ws/Python/service/install/add_two_ints/lib/libadd_two_ints__rosidl_typesupport_introspection_cpp.so
[0.402s] -- Up-to-date: /home/ntruong1124/ros2_ws/Python/service/install/add_two_ints/lib/libadd_two_ints__rosidl_typesupport_cpp.so
[0.402s] -- Up-to-date: /home/ntruong1124/ros2_ws/Python/service/install/add_two_ints/share/add_two_ints/environment/pythonpath.sh
[0.402s] -- Up-to-date: /home/ntruong1124/ros2_ws/Python/service/install/add_two_ints/share/add_two_ints/environment/pythonpath.dsv
[0.403s] -- Up-to-date: /home/ntruong1124/ros2_ws/Python/service/install/add_two_ints/local/lib/python3.10/dist-packages/add_two_ints-0.0.0-py3.10.egg-info
[0.403s] -- Installing: /home/ntruong1124/ros2_ws/Python/service/install/add_two_ints/local/lib/python3.10/dist-packages/add_two_ints-0.0.0-py3.10.egg-info/top_level.txt
[0.403s] -- Installing: /home/ntruong1124/ros2_ws/Python/service/install/add_two_ints/local/lib/python3.10/dist-packages/add_two_ints-0.0.0-py3.10.egg-info/PKG-INFO
[0.403s] -- Installing: /home/ntruong1124/ros2_ws/Python/service/install/add_two_ints/local/lib/python3.10/dist-packages/add_two_ints-0.0.0-py3.10.egg-info/dependency_links.txt
[0.403s] -- Installing: /home/ntruong1124/ros2_ws/Python/service/install/add_two_ints/local/lib/python3.10/dist-packages/add_two_ints-0.0.0-py3.10.egg-info/SOURCES.txt
[0.403s] -- Up-to-date: /home/ntruong1124/ros2_ws/Python/service/install/add_two_ints/local/lib/python3.10/dist-packages/add_two_ints
[0.403s] -- Up-to-date: /home/ntruong1124/ros2_ws/Python/service/install/add_two_ints/local/lib/python3.10/dist-packages/add_two_ints/_add_two_ints_s.ep.rosidl_typesupport_c.c
[0.403s] -- Up-to-date: /home/ntruong1124/ros2_ws/Python/service/install/add_two_ints/local/lib/python3.10/dist-packages/add_two_ints/srv
[0.403s] -- Up-to-date: /home/ntruong1124/ros2_ws/Python/service/install/add_two_ints/local/lib/python3.10/dist-packages/add_two_ints/srv/_sum_two_nums_s.c
[0.403s] -- Up-to-date: /home/ntruong1124/ros2_ws/Python/service/install/add_two_ints/local/lib/python3.10/dist-packages/add_two_ints/srv/_sum_two_nums.py
[0.403s] -- Up-to-date: /home/ntruong1124/ros2_ws/Python/service/install/add_two_ints/local/lib/python3.10/dist-packages/add_two_ints/srv/__init__.py
[0.403s] -- Up-to-date: /home/ntruong1124/ros2_ws/Python/service/install/add_two_ints/local/lib/python3.10/dist-packages/add_two_ints/add_two_ints_s__rosidl_typesupport_fastrtps_c.cpython-310-x86_64-linux-gnu.so
[0.403s] -- Up-to-date: /home/ntruong1124/ros2_ws/Python/service/install/add_two_ints/local/lib/python3.10/dist-packages/add_two_ints/_add_two_ints_s.ep.rosidl_typesupport_fastrtps_c.c
[0.403s] -- Up-to-date: /home/ntruong1124/ros2_ws/Python/service/install/add_two_ints/local/lib/python3.10/dist-packages/add_two_ints/__init__.py
[0.403s] -- Up-to-date: /home/ntruong1124/ros2_ws/Python/service/install/add_two_ints/local/lib/python3.10/dist-packages/add_two_ints/add_two_ints_s__rosidl_typesupport_c.cpython-310-x86_64-linux-gnu.so
[0.403s] -- Up-to-date: /home/ntruong1124/ros2_ws/Python/service/install/add_two_ints/local/lib/python3.10/dist-packages/add_two_ints/_add_two_ints_s.ep.rosidl_typesupport_introspection_c.c
[0.404s] -- Up-to-date: /home/ntruong1124/ros2_ws/Python/service/install/add_two_ints/local/lib/python3.10/dist-packages/add_two_ints/add_two_ints_s__rosidl_typesupport_introspection_c.cpython-310-x86_64-linux-gnu.so
[0.404s] -- Up-to-date: /home/ntruong1124/ros2_ws/Python/service/install/add_two_ints/local/lib/python3.10/dist-packages/add_two_ints/libadd_two_ints__rosidl_generator_py.so
[0.442s] Listing '/home/ntruong1124/ros2_ws/Python/service/install/add_two_ints/local/lib/python3.10/dist-packages/add_two_ints'...
[0.442s] Listing '/home/ntruong1124/ros2_ws/Python/service/install/add_two_ints/local/lib/python3.10/dist-packages/add_two_ints/srv'...
[0.447s] -- Up-to-date: /home/ntruong1124/ros2_ws/Python/service/install/add_two_ints/local/lib/python3.10/dist-packages/add_two_ints/add_two_ints_s__rosidl_typesupport_fastrtps_c.cpython-310-x86_64-linux-gnu.so
[0.447s] -- Up-to-date: /home/ntruong1124/ros2_ws/Python/service/install/add_two_ints/local/lib/python3.10/dist-packages/add_two_ints/add_two_ints_s__rosidl_typesupport_introspection_c.cpython-310-x86_64-linux-gnu.so
[0.448s] -- Up-to-date: /home/ntruong1124/ros2_ws/Python/service/install/add_two_ints/local/lib/python3.10/dist-packages/add_two_ints/add_two_ints_s__rosidl_typesupport_c.cpython-310-x86_64-linux-gnu.so
[0.448s] -- Up-to-date: /home/ntruong1124/ros2_ws/Python/service/install/add_two_ints/lib/libadd_two_ints__rosidl_generator_py.so
[0.448s] -- Up-to-date: /home/ntruong1124/ros2_ws/Python/service/install/add_two_ints/share/add_two_ints/srv/SumTwoNums.idl
[0.448s] -- Up-to-date: /home/ntruong1124/ros2_ws/Python/service/install/add_two_ints/share/add_two_ints/srv/SumTwoNums.srv
[0.448s] -- Up-to-date: /home/ntruong1124/ros2_ws/Python/service/install/add_two_ints/share/add_two_ints/srv/SumTwoNums_Request.msg
[0.448s] -- Up-to-date: /home/ntruong1124/ros2_ws/Python/service/install/add_two_ints/share/add_two_ints/srv/SumTwoNums_Response.msg
[0.449s] -- Up-to-date: /home/ntruong1124/ros2_ws/Python/service/install/add_two_ints/share/ament_index/resource_index/package_run_dependencies/add_two_ints
[0.449s] -- Up-to-date: /home/ntruong1124/ros2_ws/Python/service/install/add_two_ints/share/ament_index/resource_index/parent_prefix_path/add_two_ints
[0.449s] -- Up-to-date: /home/ntruong1124/ros2_ws/Python/service/install/add_two_ints/share/add_two_ints/environment/ament_prefix_path.sh
[0.449s] -- Up-to-date: /home/ntruong1124/ros2_ws/Python/service/install/add_two_ints/share/add_two_ints/environment/ament_prefix_path.dsv
[0.449s] -- Up-to-date: /home/ntruong1124/ros2_ws/Python/service/install/add_two_ints/share/add_two_ints/environment/path.sh
[0.449s] -- Up-to-date: /home/ntruong1124/ros2_ws/Python/service/install/add_two_ints/share/add_two_ints/environment/path.dsv
[0.449s] -- Up-to-date: /home/ntruong1124/ros2_ws/Python/service/install/add_two_ints/share/add_two_ints/local_setup.bash
[0.450s] -- Up-to-date: /home/ntruong1124/ros2_ws/Python/service/install/add_two_ints/share/add_two_ints/local_setup.sh
[0.450s] -- Up-to-date: /home/ntruong1124/ros2_ws/Python/service/install/add_two_ints/share/add_two_ints/local_setup.zsh
[0.450s] -- Up-to-date: /home/ntruong1124/ros2_ws/Python/service/install/add_two_ints/share/add_two_ints/local_setup.dsv
[0.450s] -- Installing: /home/ntruong1124/ros2_ws/Python/service/install/add_two_ints/share/add_two_ints/package.dsv
[0.450s] -- Up-to-date: /home/ntruong1124/ros2_ws/Python/service/install/add_two_ints/share/ament_index/resource_index/packages/add_two_ints
[0.451s] -- Up-to-date: /home/ntruong1124/ros2_ws/Python/service/install/add_two_ints/share/add_two_ints/cmake/export_add_two_ints__rosidl_generator_cExport.cmake
[0.451s] -- Up-to-date: /home/ntruong1124/ros2_ws/Python/service/install/add_two_ints/share/add_two_ints/cmake/export_add_two_ints__rosidl_generator_cExport-noconfig.cmake
[0.451s] -- Up-to-date: /home/ntruong1124/ros2_ws/Python/service/install/add_two_ints/share/add_two_ints/cmake/export_add_two_ints__rosidl_typesupport_fastrtps_cExport.cmake
[0.451s] -- Up-to-date: /home/ntruong1124/ros2_ws/Python/service/install/add_two_ints/share/add_two_ints/cmake/export_add_two_ints__rosidl_typesupport_fastrtps_cExport-noconfig.cmake
[0.451s] -- Up-to-date: /home/ntruong1124/ros2_ws/Python/service/install/add_two_ints/share/add_two_ints/cmake/add_two_ints__rosidl_typesupport_introspection_cExport.cmake
[0.451s] -- Up-to-date: /home/ntruong1124/ros2_ws/Python/service/install/add_two_ints/share/add_two_ints/cmake/add_two_ints__rosidl_typesupport_introspection_cExport-noconfig.cmake
[0.451s] -- Up-to-date: /home/ntruong1124/ros2_ws/Python/service/install/add_two_ints/share/add_two_ints/cmake/add_two_ints__rosidl_typesupport_cExport.cmake
[0.452s] -- Up-to-date: /home/ntruong1124/ros2_ws/Python/service/install/add_two_ints/share/add_two_ints/cmake/add_two_ints__rosidl_typesupport_cExport-noconfig.cmake
[0.452s] -- Up-to-date: /home/ntruong1124/ros2_ws/Python/service/install/add_two_ints/share/add_two_ints/cmake/export_add_two_ints__rosidl_generator_cppExport.cmake
[0.452s] -- Up-to-date: /home/ntruong1124/ros2_ws/Python/service/install/add_two_ints/share/add_two_ints/cmake/export_add_two_ints__rosidl_typesupport_fastrtps_cppExport.cmake
[0.452s] -- Up-to-date: /home/ntruong1124/ros2_ws/Python/service/install/add_two_ints/share/add_two_ints/cmake/export_add_two_ints__rosidl_typesupport_fastrtps_cppExport-noconfig.cmake
[0.452s] -- Up-to-date: /home/ntruong1124/ros2_ws/Python/service/install/add_two_ints/share/add_two_ints/cmake/add_two_ints__rosidl_typesupport_introspection_cppExport.cmake
[0.452s] -- Up-to-date: /home/ntruong1124/ros2_ws/Python/service/install/add_two_ints/share/add_two_ints/cmake/add_two_ints__rosidl_typesupport_introspection_cppExport-noconfig.cmake
[0.452s] -- Up-to-date: /home/ntruong1124/ros2_ws/Python/service/install/add_two_ints/share/add_two_ints/cmake/add_two_ints__rosidl_typesupport_cppExport.cmake
[0.452s] -- Up-to-date: /home/ntruong1124/ros2_ws/Python/service/install/add_two_ints/share/add_two_ints/cmake/add_two_ints__rosidl_typesupport_cppExport-noconfig.cmake
[0.452s] -- Up-to-date: /home/ntruong1124/ros2_ws/Python/service/install/add_two_ints/share/add_two_ints/cmake/export_add_two_ints__rosidl_generator_pyExport.cmake
[0.452s] -- Up-to-date: /home/ntruong1124/ros2_ws/Python/service/install/add_two_ints/share/add_two_ints/cmake/export_add_two_ints__rosidl_generator_pyExport-noconfig.cmake
[0.452s] -- Up-to-date: /home/ntruong1124/ros2_ws/Python/service/install/add_two_ints/share/add_two_ints/cmake/rosidl_cmake-extras.cmake
[0.452s] -- Up-to-date: /home/ntruong1124/ros2_ws/Python/service/install/add_two_ints/share/add_two_ints/cmake/ament_cmake_export_include_directories-extras.cmake
[0.452s] -- Up-to-date: /home/ntruong1124/ros2_ws/Python/service/install/add_two_ints/share/add_two_ints/cmake/ament_cmake_export_libraries-extras.cmake
[0.452s] -- Up-to-date: /home/ntruong1124/ros2_ws/Python/service/install/add_two_ints/share/add_two_ints/cmake/ament_cmake_export_targets-extras.cmake
[0.452s] -- Up-to-date: /home/ntruong1124/ros2_ws/Python/service/install/add_two_ints/share/add_two_ints/cmake/rosidl_cmake_export_typesupport_targets-extras.cmake
[0.452s] -- Up-to-date: /home/ntruong1124/ros2_ws/Python/service/install/add_two_ints/share/add_two_ints/cmake/ament_cmake_export_dependencies-extras.cmake
[0.452s] -- Up-to-date: /home/ntruong1124/ros2_ws/Python/service/install/add_two_ints/share/add_two_ints/cmake/rosidl_cmake_export_typesupport_libraries-extras.cmake
[0.452s] -- Up-to-date: /home/ntruong1124/ros2_ws/Python/service/install/add_two_ints/share/add_two_ints/cmake/add_two_intsConfig.cmake
[0.452s] -- Up-to-date: /home/ntruong1124/ros2_ws/Python/service/install/add_two_ints/share/add_two_ints/cmake/add_two_intsConfig-version.cmake
[0.452s] -- Up-to-date: /home/ntruong1124/ros2_ws/Python/service/install/add_two_ints/share/add_two_ints/package.xml
[0.454s] Invoked command in '/home/ntruong1124/ros2_ws/Python/service/build/add_two_ints' returned '0': CMAKE_PREFIX_PATH=${CMAKE_PREFIX_PATH}:/home/ntruong1124/ros2_ws/Python/service/install/service_nodes:/opt/ros/humble /usr/bin/cmake --install /home/ntruong1124/ros2_ws/Python/service/build/add_two_ints
