-- Found ament_cmake: 1.3.12 (/opt/ros/humble/share/ament_cmake/cmake)
-- Found rosidl_default_generators: 1.2.0 (/opt/ros/humble/share/rosidl_default_generators/cmake)
-- Using all available rosidl_typesupport_c: rosidl_typesupport_fastrtps_c;rosidl_typesupport_introspection_c
-- Found rosidl_adapter: 3.1.7 (/opt/ros/humble/share/rosidl_adapter/cmake)
-- Using all available rosidl_typesupport_cpp: rosidl_typesupport_fastrtps_cpp;rosidl_typesupport_introspection_cpp
-- Found ament_cmake_ros: 0.10.0 (/opt/ros/humble/share/ament_cmake_ros/cmake)
-- Using all available rosidl_typesupport_c: rosidl_typesupport_fastrtps_c;rosidl_typesupport_introspection_c
-- Using all available rosidl_typesupport_cpp: rosidl_typesupport_fastrtps_cpp;rosidl_typesupport_introspection_cpp
-- Found python_cmake_module: 0.10.0 (/opt/ros/humble/share/python_cmake_module/cmake)
-- Using PYTHON_EXECUTABLE: /usr/bin/python3
-- Using PYTHON_INCLUDE_DIRS: /usr/include/python3.10
-- Using PYTHON_LIBRARIES: /usr/lib/x86_64-linux-gnu/libpython3.10.so
-- Found ament_lint_auto: 0.12.14 (/opt/ros/humble/share/ament_lint_auto/cmake)
-- Added test 'lint_cmake' to check CMake code style
-- Added test 'xmllint' to check XML markup files
-- Configuring done
-- Generating done
-- Build files have been written to: /home/ntruong1124/ros2_ws/Python/pub_and_sub/build/intnums
[  2%] [34m[1mGenerating C code for ROS interfaces[0m
[  5%] [34m[1mGenerating C++ code for ROS interfaces[0m
[  5%] Built target ament_cmake_python_copy_intnums
running egg_info
writing intnums.egg-info/PKG-INFO
writing dependency_links to intnums.egg-info/dependency_links.txt
writing top-level names to intnums.egg-info/top_level.txt
reading manifest file 'intnums.egg-info/SOURCES.txt'
writing manifest file 'intnums.egg-info/SOURCES.txt'
[ 10%] [32mBuilding C object CMakeFiles/intnums__rosidl_generator_c.dir/rosidl_generator_c/intnums/msg/detail/name_int_num_data__functions.c.o[0m
[ 10%] [32mBuilding C object CMakeFiles/intnums__rosidl_generator_c.dir/rosidl_generator_c/intnums/msg/detail/int_num_data__functions.c.o[0m
[ 10%] Built target ament_cmake_python_build_intnums_egg
[ 10%] Built target intnums__cpp
[ 12%] [34m[1mGenerating C++ introspection for ROS interfaces[0m
[ 17%] [34m[1mGenerating C++ type support for eProsima Fast-RTPS[0m
[ 17%] [34m[1mGenerating C++ type support dispatch for ROS interfaces[0m
[ 20%] [32m[1mLinking C shared library libintnums__rosidl_generator_c.so[0m
[ 20%] Built target intnums__rosidl_generator_c
[ 23%] [34m[1mGenerating C type support for eProsima Fast-RTPS[0m
[ 25%] [34m[1mGenerating C type support dispatch for ROS interfaces[0m
[ 28%] [34m[1mGenerating C introspection for ROS interfaces[0m
[ 33%] [32mBuilding CXX object CMakeFiles/intnums__rosidl_typesupport_cpp.dir/rosidl_typesupport_cpp/intnums/msg/int_num_data__type_support.cpp.o[0m
[ 33%] [32mBuilding CXX object CMakeFiles/intnums__rosidl_typesupport_cpp.dir/rosidl_typesupport_cpp/intnums/msg/name_int_num_data__type_support.cpp.o[0m
[ 38%] [32mBuilding CXX object CMakeFiles/intnums__rosidl_typesupport_introspection_cpp.dir/rosidl_typesupport_introspection_cpp/intnums/msg/detail/int_num_data__type_support.cpp.o[0m
[ 38%] [32mBuilding CXX object CMakeFiles/intnums__rosidl_typesupport_introspection_cpp.dir/rosidl_typesupport_introspection_cpp/intnums/msg/detail/name_int_num_data__type_support.cpp.o[0m
[ 41%] [32mBuilding CXX object CMakeFiles/intnums__rosidl_typesupport_fastrtps_cpp.dir/rosidl_typesupport_fastrtps_cpp/intnums/msg/detail/dds_fastrtps/int_num_data__type_support.cpp.o[0m
[ 43%] [32mBuilding CXX object CMakeFiles/intnums__rosidl_typesupport_c.dir/rosidl_typesupport_c/intnums/msg/int_num_data__type_support.cpp.o[0m
[ 46%] [32mBuilding C object CMakeFiles/intnums__rosidl_typesupport_introspection_c.dir/rosidl_typesupport_introspection_c/intnums/msg/detail/int_num_data__type_support.c.o[0m
[ 48%] [32mBuilding CXX object CMakeFiles/intnums__rosidl_typesupport_fastrtps_c.dir/rosidl_typesupport_fastrtps_c/intnums/msg/detail/int_num_data__type_support_c.cpp.o[0m
[ 51%] [32mBuilding CXX object CMakeFiles/intnums__rosidl_typesupport_c.dir/rosidl_typesupport_c/intnums/msg/name_int_num_data__type_support.cpp.o[0m
[ 53%] [32mBuilding C object CMakeFiles/intnums__rosidl_typesupport_introspection_c.dir/rosidl_typesupport_introspection_c/intnums/msg/detail/name_int_num_data__type_support.c.o[0m
[ 56%] [32m[1mLinking CXX shared library libintnums__rosidl_typesupport_c.so[0m
[ 58%] [32mBuilding CXX object CMakeFiles/intnums__rosidl_typesupport_fastrtps_cpp.dir/rosidl_typesupport_fastrtps_cpp/intnums/msg/detail/dds_fastrtps/name_int_num_data__type_support.cpp.o[0m
[ 61%] [32m[1mLinking C shared library libintnums__rosidl_typesupport_introspection_c.so[0m
[ 64%] [32m[1mLinking CXX shared library libintnums__rosidl_typesupport_cpp.so[0m
[ 64%] Built target intnums__rosidl_typesupport_c
[ 66%] [32mBuilding CXX object CMakeFiles/intnums__rosidl_typesupport_fastrtps_c.dir/rosidl_typesupport_fastrtps_c/intnums/msg/detail/name_int_num_data__type_support_c.cpp.o[0m
[ 66%] Built target intnums__rosidl_typesupport_introspection_c
[ 66%] Built target intnums__rosidl_typesupport_cpp
[ 69%] [32m[1mLinking CXX shared library libintnums__rosidl_typesupport_introspection_cpp.so[0m
[ 69%] Built target intnums__rosidl_typesupport_introspection_cpp
[ 71%] [32m[1mLinking CXX shared library libintnums__rosidl_typesupport_fastrtps_cpp.so[0m
[ 74%] [32m[1mLinking CXX shared library libintnums__rosidl_typesupport_fastrtps_c.so[0m
[ 74%] Built target intnums__rosidl_typesupport_fastrtps_cpp
[ 74%] Built target intnums__rosidl_typesupport_fastrtps_c
[ 74%] Built target intnums
[ 76%] [34m[1mGenerating Python code for ROS interfaces[0m
[ 76%] Built target intnums__py
[ 82%] [32mBuilding C object CMakeFiles/intnums__rosidl_generator_py.dir/rosidl_generator_py/intnums/msg/_int_num_data_s.c.o[0m
[ 82%] [32mBuilding C object CMakeFiles/intnums__rosidl_generator_py.dir/rosidl_generator_py/intnums/msg/_name_int_num_data_s.c.o[0m
[ 84%] [32m[1mLinking C shared library rosidl_generator_py/intnums/libintnums__rosidl_generator_py.so[0m
[ 84%] Built target intnums__rosidl_generator_py
[ 87%] [32mBuilding C object CMakeFiles/intnums__rosidl_typesupport_fastrtps_c__pyext.dir/rosidl_generator_py/intnums/_intnums_s.ep.rosidl_typesupport_fastrtps_c.c.o[0m
[ 92%] [32mBuilding C object CMakeFiles/intnums__rosidl_typesupport_c__pyext.dir/rosidl_generator_py/intnums/_intnums_s.ep.rosidl_typesupport_c.c.o[0m
[ 92%] [32mBuilding C object CMakeFiles/intnums__rosidl_typesupport_introspection_c__pyext.dir/rosidl_generator_py/intnums/_intnums_s.ep.rosidl_typesupport_introspection_c.c.o[0m
[ 94%] [32m[1mLinking C shared library rosidl_generator_py/intnums/intnums_s__rosidl_typesupport_introspection_c.cpython-310-x86_64-linux-gnu.so[0m
[ 97%] [32m[1mLinking C shared library rosidl_generator_py/intnums/intnums_s__rosidl_typesupport_c.cpython-310-x86_64-linux-gnu.so[0m
[100%] [32m[1mLinking C shared library rosidl_generator_py/intnums/intnums_s__rosidl_typesupport_fastrtps_c.cpython-310-x86_64-linux-gnu.so[0m
[100%] Built target intnums__rosidl_typesupport_c__pyext
[100%] Built target intnums__rosidl_typesupport_introspection_c__pyext
[100%] Built target intnums__rosidl_typesupport_fastrtps_c__pyext
-- Install configuration: ""
-- Installing: /home/ntruong1124/ros2_ws/Python/pub_and_sub/install/intnums/share/ament_index/resource_index/rosidl_interfaces/intnums
-- Installing: /home/ntruong1124/ros2_ws/Python/pub_and_sub/install/intnums/include/intnums/intnums
-- Installing: /home/ntruong1124/ros2_ws/Python/pub_and_sub/install/intnums/include/intnums/intnums/msg
-- Installing: /home/ntruong1124/ros2_ws/Python/pub_and_sub/install/intnums/include/intnums/intnums/msg/int_num_data.h
-- Installing: /home/ntruong1124/ros2_ws/Python/pub_and_sub/install/intnums/include/intnums/intnums/msg/int_data.h
-- Installing: /home/ntruong1124/ros2_ws/Python/pub_and_sub/install/intnums/include/intnums/intnums/msg/name_int_num_data.h
-- Installing: /home/ntruong1124/ros2_ws/Python/pub_and_sub/install/intnums/include/intnums/intnums/msg/rosidl_generator_c__visibility_control.h
-- Installing: /home/ntruong1124/ros2_ws/Python/pub_and_sub/install/intnums/include/intnums/intnums/msg/detail
-- Installing: /home/ntruong1124/ros2_ws/Python/pub_and_sub/install/intnums/include/intnums/intnums/msg/detail/int_data__type_support.h
-- Installing: /home/ntruong1124/ros2_ws/Python/pub_and_sub/install/intnums/include/intnums/intnums/msg/detail/name_int_num_data__functions.h
-- Installing: /home/ntruong1124/ros2_ws/Python/pub_and_sub/install/intnums/include/intnums/intnums/msg/detail/int_data__functions.h
-- Installing: /home/ntruong1124/ros2_ws/Python/pub_and_sub/install/intnums/include/intnums/intnums/msg/detail/name_int_num_data__functions.c
-- Installing: /home/ntruong1124/ros2_ws/Python/pub_and_sub/install/intnums/include/intnums/intnums/msg/detail/name_int_num_data__type_support.h
-- Installing: /home/ntruong1124/ros2_ws/Python/pub_and_sub/install/intnums/include/intnums/intnums/msg/detail/int_num_data__type_support.h
-- Installing: /home/ntruong1124/ros2_ws/Python/pub_and_sub/install/intnums/include/intnums/intnums/msg/detail/int_num_data__functions.h
-- Installing: /home/ntruong1124/ros2_ws/Python/pub_and_sub/install/intnums/include/intnums/intnums/msg/detail/int_data__functions.c
-- Installing: /home/ntruong1124/ros2_ws/Python/pub_and_sub/install/intnums/include/intnums/intnums/msg/detail/int_num_data__functions.c
-- Installing: /home/ntruong1124/ros2_ws/Python/pub_and_sub/install/intnums/include/intnums/intnums/msg/detail/int_num_data__struct.h
-- Installing: /home/ntruong1124/ros2_ws/Python/pub_and_sub/install/intnums/include/intnums/intnums/msg/detail/int_data__struct.h
-- Installing: /home/ntruong1124/ros2_ws/Python/pub_and_sub/install/intnums/include/intnums/intnums/msg/detail/name_int_num_data__struct.h
-- Installing: /home/ntruong1124/ros2_ws/Python/pub_and_sub/install/intnums/share/intnums/environment/library_path.sh
-- Installing: /home/ntruong1124/ros2_ws/Python/pub_and_sub/install/intnums/share/intnums/environment/library_path.dsv
-- Installing: /home/ntruong1124/ros2_ws/Python/pub_and_sub/install/intnums/lib/libintnums__rosidl_generator_c.so
-- Set runtime path of "/home/ntruong1124/ros2_ws/Python/pub_and_sub/install/intnums/lib/libintnums__rosidl_generator_c.so" to ""
-- Up-to-date: /home/ntruong1124/ros2_ws/Python/pub_and_sub/install/intnums/include/intnums/intnums
-- Up-to-date: /home/ntruong1124/ros2_ws/Python/pub_and_sub/install/intnums/include/intnums/intnums/msg
-- Installing: /home/ntruong1124/ros2_ws/Python/pub_and_sub/install/intnums/include/intnums/intnums/msg/rosidl_typesupport_fastrtps_c__visibility_control.h
-- Up-to-date: /home/ntruong1124/ros2_ws/Python/pub_and_sub/install/intnums/include/intnums/intnums/msg/detail
-- Installing: /home/ntruong1124/ros2_ws/Python/pub_and_sub/install/intnums/include/intnums/intnums/msg/detail/name_int_num_data__rosidl_typesupport_fastrtps_c.h
-- Installing: /home/ntruong1124/ros2_ws/Python/pub_and_sub/install/intnums/include/intnums/intnums/msg/detail/int_num_data__rosidl_typesupport_fastrtps_c.h
-- Installing: /home/ntruong1124/ros2_ws/Python/pub_and_sub/install/intnums/lib/libintnums__rosidl_typesupport_fastrtps_c.so
-- Set runtime path of "/home/ntruong1124/ros2_ws/Python/pub_and_sub/install/intnums/lib/libintnums__rosidl_typesupport_fastrtps_c.so" to ""
-- Up-to-date: /home/ntruong1124/ros2_ws/Python/pub_and_sub/install/intnums/include/intnums/intnums
-- Up-to-date: /home/ntruong1124/ros2_ws/Python/pub_and_sub/install/intnums/include/intnums/intnums/msg
-- Installing: /home/ntruong1124/ros2_ws/Python/pub_and_sub/install/intnums/include/intnums/intnums/msg/rosidl_typesupport_introspection_c__visibility_control.h
-- Up-to-date: /home/ntruong1124/ros2_ws/Python/pub_and_sub/install/intnums/include/intnums/intnums/msg/detail
-- Installing: /home/ntruong1124/ros2_ws/Python/pub_and_sub/install/intnums/include/intnums/intnums/msg/detail/name_int_num_data__type_support.c
-- Installing: /home/ntruong1124/ros2_ws/Python/pub_and_sub/install/intnums/include/intnums/intnums/msg/detail/int_num_data__rosidl_typesupport_introspection_c.h
-- Installing: /home/ntruong1124/ros2_ws/Python/pub_and_sub/install/intnums/include/intnums/intnums/msg/detail/name_int_num_data__rosidl_typesupport_introspection_c.h
-- Installing: /home/ntruong1124/ros2_ws/Python/pub_and_sub/install/intnums/include/intnums/intnums/msg/detail/int_num_data__type_support.c
-- Installing: /home/ntruong1124/ros2_ws/Python/pub_and_sub/install/intnums/lib/libintnums__rosidl_typesupport_introspection_c.so
-- Set runtime path of "/home/ntruong1124/ros2_ws/Python/pub_and_sub/install/intnums/lib/libintnums__rosidl_typesupport_introspection_c.so" to ""
-- Installing: /home/ntruong1124/ros2_ws/Python/pub_and_sub/install/intnums/lib/libintnums__rosidl_typesupport_c.so
-- Set runtime path of "/home/ntruong1124/ros2_ws/Python/pub_and_sub/install/intnums/lib/libintnums__rosidl_typesupport_c.so" to ""
-- Up-to-date: /home/ntruong1124/ros2_ws/Python/pub_and_sub/install/intnums/include/intnums/intnums
-- Up-to-date: /home/ntruong1124/ros2_ws/Python/pub_and_sub/install/intnums/include/intnums/intnums/msg
-- Installing: /home/ntruong1124/ros2_ws/Python/pub_and_sub/install/intnums/include/intnums/intnums/msg/name_int_num_data.hpp
-- Installing: /home/ntruong1124/ros2_ws/Python/pub_and_sub/install/intnums/include/intnums/intnums/msg/int_num_data.hpp
-- Installing: /home/ntruong1124/ros2_ws/Python/pub_and_sub/install/intnums/include/intnums/intnums/msg/rosidl_generator_cpp__visibility_control.hpp
-- Installing: /home/ntruong1124/ros2_ws/Python/pub_and_sub/install/intnums/include/intnums/intnums/msg/int_data.hpp
-- Up-to-date: /home/ntruong1124/ros2_ws/Python/pub_and_sub/install/intnums/include/intnums/intnums/msg/detail
-- Installing: /home/ntruong1124/ros2_ws/Python/pub_and_sub/install/intnums/include/intnums/intnums/msg/detail/name_int_num_data__traits.hpp
-- Installing: /home/ntruong1124/ros2_ws/Python/pub_and_sub/install/intnums/include/intnums/intnums/msg/detail/int_data__builder.hpp
-- Installing: /home/ntruong1124/ros2_ws/Python/pub_and_sub/install/intnums/include/intnums/intnums/msg/detail/name_int_num_data__struct.hpp
-- Installing: /home/ntruong1124/ros2_ws/Python/pub_and_sub/install/intnums/include/intnums/intnums/msg/detail/int_num_data__struct.hpp
-- Installing: /home/ntruong1124/ros2_ws/Python/pub_and_sub/install/intnums/include/intnums/intnums/msg/detail/int_num_data__type_support.hpp
-- Installing: /home/ntruong1124/ros2_ws/Python/pub_and_sub/install/intnums/include/intnums/intnums/msg/detail/int_data__type_support.hpp
-- Installing: /home/ntruong1124/ros2_ws/Python/pub_and_sub/install/intnums/include/intnums/intnums/msg/detail/name_int_num_data__builder.hpp
-- Installing: /home/ntruong1124/ros2_ws/Python/pub_and_sub/install/intnums/include/intnums/intnums/msg/detail/int_num_data__builder.hpp
-- Installing: /home/ntruong1124/ros2_ws/Python/pub_and_sub/install/intnums/include/intnums/intnums/msg/detail/int_data__traits.hpp
-- Installing: /home/ntruong1124/ros2_ws/Python/pub_and_sub/install/intnums/include/intnums/intnums/msg/detail/int_data__struct.hpp
-- Installing: /home/ntruong1124/ros2_ws/Python/pub_and_sub/install/intnums/include/intnums/intnums/msg/detail/name_int_num_data__type_support.hpp
-- Installing: /home/ntruong1124/ros2_ws/Python/pub_and_sub/install/intnums/include/intnums/intnums/msg/detail/int_num_data__traits.hpp
-- Up-to-date: /home/ntruong1124/ros2_ws/Python/pub_and_sub/install/intnums/include/intnums/intnums
-- Up-to-date: /home/ntruong1124/ros2_ws/Python/pub_and_sub/install/intnums/include/intnums/intnums/msg
-- Installing: /home/ntruong1124/ros2_ws/Python/pub_and_sub/install/intnums/include/intnums/intnums/msg/rosidl_typesupport_fastrtps_cpp__visibility_control.h
-- Up-to-date: /home/ntruong1124/ros2_ws/Python/pub_and_sub/install/intnums/include/intnums/intnums/msg/detail
-- Installing: /home/ntruong1124/ros2_ws/Python/pub_and_sub/install/intnums/include/intnums/intnums/msg/detail/int_data__rosidl_typesupport_fastrtps_cpp.hpp
-- Installing: /home/ntruong1124/ros2_ws/Python/pub_and_sub/install/intnums/include/intnums/intnums/msg/detail/dds_fastrtps
-- Installing: /home/ntruong1124/ros2_ws/Python/pub_and_sub/install/intnums/include/intnums/intnums/msg/detail/int_num_data__rosidl_typesupport_fastrtps_cpp.hpp
-- Installing: /home/ntruong1124/ros2_ws/Python/pub_and_sub/install/intnums/include/intnums/intnums/msg/detail/name_int_num_data__rosidl_typesupport_fastrtps_cpp.hpp
-- Installing: /home/ntruong1124/ros2_ws/Python/pub_and_sub/install/intnums/lib/libintnums__rosidl_typesupport_fastrtps_cpp.so
-- Set runtime path of "/home/ntruong1124/ros2_ws/Python/pub_and_sub/install/intnums/lib/libintnums__rosidl_typesupport_fastrtps_cpp.so" to ""
-- Up-to-date: /home/ntruong1124/ros2_ws/Python/pub_and_sub/install/intnums/include/intnums/intnums
-- Up-to-date: /home/ntruong1124/ros2_ws/Python/pub_and_sub/install/intnums/include/intnums/intnums/msg
-- Up-to-date: /home/ntruong1124/ros2_ws/Python/pub_and_sub/install/intnums/include/intnums/intnums/msg/detail
-- Installing: /home/ntruong1124/ros2_ws/Python/pub_and_sub/install/intnums/include/intnums/intnums/msg/detail/name_int_num_data__type_support.cpp
-- Installing: /home/ntruong1124/ros2_ws/Python/pub_and_sub/install/intnums/include/intnums/intnums/msg/detail/int_data__rosidl_typesupport_introspection_cpp.hpp
-- Installing: /home/ntruong1124/ros2_ws/Python/pub_and_sub/install/intnums/include/intnums/intnums/msg/detail/int_num_data__rosidl_typesupport_introspection_cpp.hpp
-- Installing: /home/ntruong1124/ros2_ws/Python/pub_and_sub/install/intnums/include/intnums/intnums/msg/detail/name_int_num_data__rosidl_typesupport_introspection_cpp.hpp
-- Installing: /home/ntruong1124/ros2_ws/Python/pub_and_sub/install/intnums/include/intnums/intnums/msg/detail/int_data__type_support.cpp
-- Installing: /home/ntruong1124/ros2_ws/Python/pub_and_sub/install/intnums/include/intnums/intnums/msg/detail/int_num_data__type_support.cpp
-- Installing: /home/ntruong1124/ros2_ws/Python/pub_and_sub/install/intnums/lib/libintnums__rosidl_typesupport_introspection_cpp.so
-- Set runtime path of "/home/ntruong1124/ros2_ws/Python/pub_and_sub/install/intnums/lib/libintnums__rosidl_typesupport_introspection_cpp.so" to ""
-- Installing: /home/ntruong1124/ros2_ws/Python/pub_and_sub/install/intnums/lib/libintnums__rosidl_typesupport_cpp.so
-- Set runtime path of "/home/ntruong1124/ros2_ws/Python/pub_and_sub/install/intnums/lib/libintnums__rosidl_typesupport_cpp.so" to ""
-- Installing: /home/ntruong1124/ros2_ws/Python/pub_and_sub/install/intnums/share/intnums/environment/pythonpath.sh
-- Installing: /home/ntruong1124/ros2_ws/Python/pub_and_sub/install/intnums/share/intnums/environment/pythonpath.dsv
-- Installing: /home/ntruong1124/ros2_ws/Python/pub_and_sub/install/intnums/local/lib/python3.10/dist-packages/intnums-0.0.0-py3.10.egg-info
-- Installing: /home/ntruong1124/ros2_ws/Python/pub_and_sub/install/intnums/local/lib/python3.10/dist-packages/intnums-0.0.0-py3.10.egg-info/top_level.txt
-- Installing: /home/ntruong1124/ros2_ws/Python/pub_and_sub/install/intnums/local/lib/python3.10/dist-packages/intnums-0.0.0-py3.10.egg-info/PKG-INFO
-- Installing: /home/ntruong1124/ros2_ws/Python/pub_and_sub/install/intnums/local/lib/python3.10/dist-packages/intnums-0.0.0-py3.10.egg-info/dependency_links.txt
-- Installing: /home/ntruong1124/ros2_ws/Python/pub_and_sub/install/intnums/local/lib/python3.10/dist-packages/intnums-0.0.0-py3.10.egg-info/SOURCES.txt
-- Installing: /home/ntruong1124/ros2_ws/Python/pub_and_sub/install/intnums/local/lib/python3.10/dist-packages/intnums
-- Installing: /home/ntruong1124/ros2_ws/Python/pub_and_sub/install/intnums/local/lib/python3.10/dist-packages/intnums/intnums_s__rosidl_typesupport_c.cpython-310-x86_64-linux-gnu.so
-- Installing: /home/ntruong1124/ros2_ws/Python/pub_and_sub/install/intnums/local/lib/python3.10/dist-packages/intnums/intnums_s__rosidl_typesupport_fastrtps_c.cpython-310-x86_64-linux-gnu.so
-- Installing: /home/ntruong1124/ros2_ws/Python/pub_and_sub/install/intnums/local/lib/python3.10/dist-packages/intnums/_intnums_s.ep.rosidl_typesupport_introspection_c.c
-- Installing: /home/ntruong1124/ros2_ws/Python/pub_and_sub/install/intnums/local/lib/python3.10/dist-packages/intnums/_intnums_s.ep.rosidl_typesupport_fastrtps_c.c
-- Installing: /home/ntruong1124/ros2_ws/Python/pub_and_sub/install/intnums/local/lib/python3.10/dist-packages/intnums/msg
-- Installing: /home/ntruong1124/ros2_ws/Python/pub_and_sub/install/intnums/local/lib/python3.10/dist-packages/intnums/msg/_name_int_num_data.py
-- Installing: /home/ntruong1124/ros2_ws/Python/pub_and_sub/install/intnums/local/lib/python3.10/dist-packages/intnums/msg/_name_int_num_data_s.c
-- Installing: /home/ntruong1124/ros2_ws/Python/pub_and_sub/install/intnums/local/lib/python3.10/dist-packages/intnums/msg/_int_num_data.py
-- Installing: /home/ntruong1124/ros2_ws/Python/pub_and_sub/install/intnums/local/lib/python3.10/dist-packages/intnums/msg/__init__.py
-- Installing: /home/ntruong1124/ros2_ws/Python/pub_and_sub/install/intnums/local/lib/python3.10/dist-packages/intnums/msg/_int_num_data_s.c
-- Installing: /home/ntruong1124/ros2_ws/Python/pub_and_sub/install/intnums/local/lib/python3.10/dist-packages/intnums/libintnums__rosidl_generator_py.so
-- Installing: /home/ntruong1124/ros2_ws/Python/pub_and_sub/install/intnums/local/lib/python3.10/dist-packages/intnums/intnums_s__rosidl_typesupport_introspection_c.cpython-310-x86_64-linux-gnu.so
-- Installing: /home/ntruong1124/ros2_ws/Python/pub_and_sub/install/intnums/local/lib/python3.10/dist-packages/intnums/__init__.py
-- Installing: /home/ntruong1124/ros2_ws/Python/pub_and_sub/install/intnums/local/lib/python3.10/dist-packages/intnums/_intnums_s.ep.rosidl_typesupport_c.c
Listing '/home/ntruong1124/ros2_ws/Python/pub_and_sub/install/intnums/local/lib/python3.10/dist-packages/intnums'...
Compiling '/home/ntruong1124/ros2_ws/Python/pub_and_sub/install/intnums/local/lib/python3.10/dist-packages/intnums/__init__.py'...
Listing '/home/ntruong1124/ros2_ws/Python/pub_and_sub/install/intnums/local/lib/python3.10/dist-packages/intnums/msg'...
Compiling '/home/ntruong1124/ros2_ws/Python/pub_and_sub/install/intnums/local/lib/python3.10/dist-packages/intnums/msg/__init__.py'...
Compiling '/home/ntruong1124/ros2_ws/Python/pub_and_sub/install/intnums/local/lib/python3.10/dist-packages/intnums/msg/_int_num_data.py'...
Compiling '/home/ntruong1124/ros2_ws/Python/pub_and_sub/install/intnums/local/lib/python3.10/dist-packages/intnums/msg/_name_int_num_data.py'...
-- Installing: /home/ntruong1124/ros2_ws/Python/pub_and_sub/install/intnums/local/lib/python3.10/dist-packages/intnums/intnums_s__rosidl_typesupport_fastrtps_c.cpython-310-x86_64-linux-gnu.so
-- Set runtime path of "/home/ntruong1124/ros2_ws/Python/pub_and_sub/install/intnums/local/lib/python3.10/dist-packages/intnums/intnums_s__rosidl_typesupport_fastrtps_c.cpython-310-x86_64-linux-gnu.so" to ""
-- Installing: /home/ntruong1124/ros2_ws/Python/pub_and_sub/install/intnums/local/lib/python3.10/dist-packages/intnums/intnums_s__rosidl_typesupport_introspection_c.cpython-310-x86_64-linux-gnu.so
-- Set runtime path of "/home/ntruong1124/ros2_ws/Python/pub_and_sub/install/intnums/local/lib/python3.10/dist-packages/intnums/intnums_s__rosidl_typesupport_introspection_c.cpython-310-x86_64-linux-gnu.so" to ""
-- Installing: /home/ntruong1124/ros2_ws/Python/pub_and_sub/install/intnums/local/lib/python3.10/dist-packages/intnums/intnums_s__rosidl_typesupport_c.cpython-310-x86_64-linux-gnu.so
-- Set runtime path of "/home/ntruong1124/ros2_ws/Python/pub_and_sub/install/intnums/local/lib/python3.10/dist-packages/intnums/intnums_s__rosidl_typesupport_c.cpython-310-x86_64-linux-gnu.so" to ""
-- Installing: /home/ntruong1124/ros2_ws/Python/pub_and_sub/install/intnums/lib/libintnums__rosidl_generator_py.so
-- Set runtime path of "/home/ntruong1124/ros2_ws/Python/pub_and_sub/install/intnums/lib/libintnums__rosidl_generator_py.so" to ""
-- Installing: /home/ntruong1124/ros2_ws/Python/pub_and_sub/install/intnums/share/intnums/msg/IntNumData.idl
-- Installing: /home/ntruong1124/ros2_ws/Python/pub_and_sub/install/intnums/share/intnums/msg/NameIntNumData.idl
-- Installing: /home/ntruong1124/ros2_ws/Python/pub_and_sub/install/intnums/share/intnums/msg/IntNumData.msg
-- Installing: /home/ntruong1124/ros2_ws/Python/pub_and_sub/install/intnums/share/intnums/msg/NameIntNumData.msg
-- Installing: /home/ntruong1124/ros2_ws/Python/pub_and_sub/install/intnums/share/ament_index/resource_index/package_run_dependencies/intnums
-- Installing: /home/ntruong1124/ros2_ws/Python/pub_and_sub/install/intnums/share/ament_index/resource_index/parent_prefix_path/intnums
-- Installing: /home/ntruong1124/ros2_ws/Python/pub_and_sub/install/intnums/share/intnums/environment/ament_prefix_path.sh
-- Installing: /home/ntruong1124/ros2_ws/Python/pub_and_sub/install/intnums/share/intnums/environment/ament_prefix_path.dsv
-- Installing: /home/ntruong1124/ros2_ws/Python/pub_and_sub/install/intnums/share/intnums/environment/path.sh
-- Installing: /home/ntruong1124/ros2_ws/Python/pub_and_sub/install/intnums/share/intnums/environment/path.dsv
-- Installing: /home/ntruong1124/ros2_ws/Python/pub_and_sub/install/intnums/share/intnums/local_setup.bash
-- Installing: /home/ntruong1124/ros2_ws/Python/pub_and_sub/install/intnums/share/intnums/local_setup.sh
-- Installing: /home/ntruong1124/ros2_ws/Python/pub_and_sub/install/intnums/share/intnums/local_setup.zsh
-- Installing: /home/ntruong1124/ros2_ws/Python/pub_and_sub/install/intnums/share/intnums/local_setup.dsv
-- Installing: /home/ntruong1124/ros2_ws/Python/pub_and_sub/install/intnums/share/intnums/package.dsv
-- Installing: /home/ntruong1124/ros2_ws/Python/pub_and_sub/install/intnums/share/ament_index/resource_index/packages/intnums
-- Installing: /home/ntruong1124/ros2_ws/Python/pub_and_sub/install/intnums/share/intnums/cmake/export_intnums__rosidl_generator_cExport.cmake
-- Installing: /home/ntruong1124/ros2_ws/Python/pub_and_sub/install/intnums/share/intnums/cmake/export_intnums__rosidl_generator_cExport-noconfig.cmake
-- Installing: /home/ntruong1124/ros2_ws/Python/pub_and_sub/install/intnums/share/intnums/cmake/export_intnums__rosidl_typesupport_fastrtps_cExport.cmake
-- Installing: /home/ntruong1124/ros2_ws/Python/pub_and_sub/install/intnums/share/intnums/cmake/export_intnums__rosidl_typesupport_fastrtps_cExport-noconfig.cmake
-- Installing: /home/ntruong1124/ros2_ws/Python/pub_and_sub/install/intnums/share/intnums/cmake/intnums__rosidl_typesupport_introspection_cExport.cmake
-- Installing: /home/ntruong1124/ros2_ws/Python/pub_and_sub/install/intnums/share/intnums/cmake/intnums__rosidl_typesupport_introspection_cExport-noconfig.cmake
-- Installing: /home/ntruong1124/ros2_ws/Python/pub_and_sub/install/intnums/share/intnums/cmake/intnums__rosidl_typesupport_cExport.cmake
-- Installing: /home/ntruong1124/ros2_ws/Python/pub_and_sub/install/intnums/share/intnums/cmake/intnums__rosidl_typesupport_cExport-noconfig.cmake
-- Installing: /home/ntruong1124/ros2_ws/Python/pub_and_sub/install/intnums/share/intnums/cmake/export_intnums__rosidl_generator_cppExport.cmake
-- Installing: /home/ntruong1124/ros2_ws/Python/pub_and_sub/install/intnums/share/intnums/cmake/export_intnums__rosidl_typesupport_fastrtps_cppExport.cmake
-- Installing: /home/ntruong1124/ros2_ws/Python/pub_and_sub/install/intnums/share/intnums/cmake/export_intnums__rosidl_typesupport_fastrtps_cppExport-noconfig.cmake
-- Installing: /home/ntruong1124/ros2_ws/Python/pub_and_sub/install/intnums/share/intnums/cmake/intnums__rosidl_typesupport_introspection_cppExport.cmake
-- Installing: /home/ntruong1124/ros2_ws/Python/pub_and_sub/install/intnums/share/intnums/cmake/intnums__rosidl_typesupport_introspection_cppExport-noconfig.cmake
-- Installing: /home/ntruong1124/ros2_ws/Python/pub_and_sub/install/intnums/share/intnums/cmake/intnums__rosidl_typesupport_cppExport.cmake
-- Installing: /home/ntruong1124/ros2_ws/Python/pub_and_sub/install/intnums/share/intnums/cmake/intnums__rosidl_typesupport_cppExport-noconfig.cmake
-- Installing: /home/ntruong1124/ros2_ws/Python/pub_and_sub/install/intnums/share/intnums/cmake/export_intnums__rosidl_generator_pyExport.cmake
-- Installing: /home/ntruong1124/ros2_ws/Python/pub_and_sub/install/intnums/share/intnums/cmake/export_intnums__rosidl_generator_pyExport-noconfig.cmake
-- Installing: /home/ntruong1124/ros2_ws/Python/pub_and_sub/install/intnums/share/intnums/cmake/rosidl_cmake-extras.cmake
-- Installing: /home/ntruong1124/ros2_ws/Python/pub_and_sub/install/intnums/share/intnums/cmake/ament_cmake_export_include_directories-extras.cmake
-- Installing: /home/ntruong1124/ros2_ws/Python/pub_and_sub/install/intnums/share/intnums/cmake/ament_cmake_export_libraries-extras.cmake
-- Installing: /home/ntruong1124/ros2_ws/Python/pub_and_sub/install/intnums/share/intnums/cmake/ament_cmake_export_targets-extras.cmake
-- Installing: /home/ntruong1124/ros2_ws/Python/pub_and_sub/install/intnums/share/intnums/cmake/rosidl_cmake_export_typesupport_targets-extras.cmake
-- Installing: /home/ntruong1124/ros2_ws/Python/pub_and_sub/install/intnums/share/intnums/cmake/ament_cmake_export_dependencies-extras.cmake
-- Installing: /home/ntruong1124/ros2_ws/Python/pub_and_sub/install/intnums/share/intnums/cmake/rosidl_cmake_export_typesupport_libraries-extras.cmake
-- Installing: /home/ntruong1124/ros2_ws/Python/pub_and_sub/install/intnums/share/intnums/cmake/intnumsConfig.cmake
-- Installing: /home/ntruong1124/ros2_ws/Python/pub_and_sub/install/intnums/share/intnums/cmake/intnumsConfig-version.cmake
-- Installing: /home/ntruong1124/ros2_ws/Python/pub_and_sub/install/intnums/share/intnums/package.xml
