[0.027s] Invoking command in '/home/ntruong1124/ros2_ws/Python/pub_and_sub/build/intnums': CMAKE_PREFIX_PATH=/opt/ros/humble /usr/bin/cmake /home/ntruong1124/ros2_ws/Python/pub_and_sub/src/intnums -DCMAKE_INSTALL_PREFIX=/home/ntruong1124/ros2_ws/Python/pub_and_sub/install/intnums
[0.216s] -- The C compiler identification is GNU 11.4.0
[0.524s] -- The CXX compiler identification is GNU 11.4.0
[0.689s] -- Detecting C compiler ABI info
[0.796s] -- Detecting C compiler ABI info - done
[0.802s] -- Check for working C compiler: /usr/bin/cc - skipped
[0.810s] -- Detecting C compile features
[0.811s] -- Detecting C compile features - done
[0.816s] -- Detecting CXX compiler ABI info
[0.936s] -- Detecting CXX compiler ABI info - done
[0.941s] -- Check for working CXX compiler: /usr/bin/c++ - skipped
[0.941s] -- Detecting CXX compile features
[0.942s] -- Detecting CXX compile features - done
[0.964s] -- Found ament_cmake: 1.3.12 (/opt/ros/humble/share/ament_cmake/cmake)
[1.094s] -- Found Python3: /usr/bin/python3 (found version "3.10.12") found components: Interpreter 
[1.220s] -- Found rosidl_default_generators: 1.2.0 (/opt/ros/humble/share/rosidl_default_generators/cmake)
[1.226s] -- Using all available rosidl_typesupport_c: rosidl_typesupport_fastrtps_c;rosidl_typesupport_introspection_c
[1.233s] -- Found rosidl_adapter: 3.1.7 (/opt/ros/humble/share/rosidl_adapter/cmake)
[1.344s] -- Using all available rosidl_typesupport_cpp: rosidl_typesupport_fastrtps_cpp;rosidl_typesupport_introspection_cpp
[1.389s] [31mCMake Error at CMakeLists.txt:14 (rosild_generate_interface):
[1.389s]   Unknown CMake command "rosild_generate_interface".
[1.389s] 
[1.389s] [0m
[1.389s] -- Configuring incomplete, errors occurred!
[1.390s] See also "/home/ntruong1124/ros2_ws/Python/pub_and_sub/build/intnums/CMakeFiles/CMakeOutput.log".
[1.395s] Invoked command in '/home/ntruong1124/ros2_ws/Python/pub_and_sub/build/intnums' returned '1': CMAKE_PREFIX_PATH=/opt/ros/humble /usr/bin/cmake /home/ntruong1124/ros2_ws/Python/pub_and_sub/src/intnums -DCMAKE_INSTALL_PREFIX=/home/ntruong1124/ros2_ws/Python/pub_and_sub/install/intnums
