[0.017s] Invoking command in '/home/ntruong1124/ros2_ws/Python/pub_and_sub/build/intnums': CMAKE_PREFIX_PATH=${CMAKE_PREFIX_PATH}:/home/ntruong1124/ros2_ws/Python/pub_and_sub/install/pubsub_node:/opt/ros/humble /usr/bin/cmake --build /home/ntruong1124/ros2_ws/Python/pub_and_sub/build/intnums -- -j8 -l8
[0.038s] -- Found ament_cmake: 1.3.12 (/opt/ros/humble/share/ament_cmake/cmake)
[0.139s] -- Found rosidl_default_generators: 1.2.0 (/opt/ros/humble/share/rosidl_default_generators/cmake)
[0.140s] -- Using all available rosidl_typesupport_c: rosidl_typesupport_fastrtps_c;rosidl_typesupport_introspection_c
[0.142s] -- Found rosidl_adapter: 3.1.7 (/opt/ros/humble/share/rosidl_adapter/cmake)
[0.236s] -- Using all available rosidl_typesupport_cpp: rosidl_typesupport_fastrtps_cpp;rosidl_typesupport_introspection_cpp
[0.469s] -- Found ament_cmake_ros: 0.10.0 (/opt/ros/humble/share/ament_cmake_ros/cmake)
[0.605s] -- Using all available rosidl_typesupport_c: rosidl_typesupport_fastrtps_c;rosidl_typesupport_introspection_c
[0.790s] -- Using all available rosidl_typesupport_cpp: rosidl_typesupport_fastrtps_cpp;rosidl_typesupport_introspection_cpp
[0.807s] -- Found python_cmake_module: 0.10.0 (/opt/ros/humble/share/python_cmake_module/cmake)
[0.825s] -- Using PYTHON_EXECUTABLE: /usr/bin/python3
[0.825s] -- Using PYTHON_INCLUDE_DIRS: /usr/include/python3.10
[0.825s] -- Using PYTHON_LIBRARIES: /usr/lib/x86_64-linux-gnu/libpython3.10.so
[0.832s] -- Found ament_lint_auto: 0.12.14 (/opt/ros/humble/share/ament_lint_auto/cmake)
[0.839s] -- Added test 'lint_cmake' to check CMake code style
[0.839s] -- Added test 'xmllint' to check XML markup files
[0.841s] -- Configuring done
[0.866s] -- Generating done
[0.876s] -- Build files have been written to: /home/ntruong1124/ros2_ws/Python/pub_and_sub/build/intnums
[0.899s] [35m[1mConsolidate compiler generated dependencies of target intnums__rosidl_generator_c[0m
[0.906s] [  2%] Built target intnums__cpp
[0.911s] [ 12%] Built target intnums__rosidl_generator_c
[0.916s] [ 12%] Built target ament_cmake_python_copy_intnums
[0.917s] [35m[1mConsolidate compiler generated dependencies of target intnums__rosidl_typesupport_cpp[0m
[0.917s] [35m[1mConsolidate compiler generated dependencies of target intnums__rosidl_typesupport_fastrtps_cpp[0m
[0.917s] [35m[1mConsolidate compiler generated dependencies of target intnums__rosidl_typesupport_introspection_cpp[0m
[0.921s] [35m[1mConsolidate compiler generated dependencies of target intnums__rosidl_typesupport_c[0m
[0.922s] [35m[1mConsolidate compiler generated dependencies of target intnums__rosidl_typesupport_introspection_c[0m
[0.922s] [35m[1mConsolidate compiler generated dependencies of target intnums__rosidl_typesupport_fastrtps_c[0m
[0.935s] [ 23%] Built target intnums__rosidl_typesupport_introspection_cpp
[0.936s] [ 41%] Built target intnums__rosidl_typesupport_fastrtps_cpp
[0.936s] [ 43%] Built target intnums__rosidl_typesupport_c
[0.936s] [ 53%] Built target intnums__rosidl_typesupport_cpp
[0.936s] [ 64%] Built target intnums__rosidl_typesupport_fastrtps_c
[0.941s] [ 74%] Built target intnums__rosidl_typesupport_introspection_c
[0.965s] [ 74%] Built target intnums
[0.983s] [ 76%] Built target intnums__py
[0.994s] [35m[1mConsolidate compiler generated dependencies of target intnums__rosidl_generator_py[0m
[1.007s] [ 84%] Built target intnums__rosidl_generator_py
[1.016s] [35m[1mConsolidate compiler generated dependencies of target intnums__rosidl_typesupport_fastrtps_c__pyext[0m
[1.016s] [35m[1mConsolidate compiler generated dependencies of target intnums__rosidl_typesupport_c__pyext[0m
[1.017s] [35m[1mConsolidate compiler generated dependencies of target intnums__rosidl_typesupport_introspection_c__pyext[0m
[1.027s] [ 89%] Built target intnums__rosidl_typesupport_c__pyext
[1.027s] [ 94%] Built target intnums__rosidl_typesupport_fastrtps_c__pyext
[1.030s] [100%] Built target intnums__rosidl_typesupport_introspection_c__pyext
[1.154s] running egg_info
[1.155s] writing intnums.egg-info/PKG-INFO
[1.155s] writing dependency_links to intnums.egg-info/dependency_links.txt
[1.155s] writing top-level names to intnums.egg-info/top_level.txt
[1.157s] reading manifest file 'intnums.egg-info/SOURCES.txt'
[1.157s] writing manifest file 'intnums.egg-info/SOURCES.txt'
[1.179s] [100%] Built target ament_cmake_python_build_intnums_egg
[1.188s] Invoked command in '/home/ntruong1124/ros2_ws/Python/pub_and_sub/build/intnums' returned '0': CMAKE_PREFIX_PATH=${CMAKE_PREFIX_PATH}:/home/ntruong1124/ros2_ws/Python/pub_and_sub/install/pubsub_node:/opt/ros/humble /usr/bin/cmake --build /home/ntruong1124/ros2_ws/Python/pub_and_sub/build/intnums -- -j8 -l8
[1.196s] Invoking command in '/home/ntruong1124/ros2_ws/Python/pub_and_sub/build/intnums': CMAKE_PREFIX_PATH=${CMAKE_PREFIX_PATH}:/home/ntruong1124/ros2_ws/Python/pub_and_sub/install/pubsub_node:/opt/ros/humble /usr/bin/cmake --install /home/ntruong1124/ros2_ws/Python/pub_and_sub/build/intnums
[1.202s] -- Install configuration: ""
[1.202s] -- Up-to-date: /home/ntruong1124/ros2_ws/Python/pub_and_sub/install/intnums/share/ament_index/resource_index/rosidl_interfaces/intnums
[1.202s] -- Up-to-date: /home/ntruong1124/ros2_ws/Python/pub_and_sub/install/intnums/include/intnums/intnums
[1.202s] -- Up-to-date: /home/ntruong1124/ros2_ws/Python/pub_and_sub/install/intnums/include/intnums/intnums/msg
[1.202s] -- Up-to-date: /home/ntruong1124/ros2_ws/Python/pub_and_sub/install/intnums/include/intnums/intnums/msg/int_num_data.h
[1.202s] -- Up-to-date: /home/ntruong1124/ros2_ws/Python/pub_and_sub/install/intnums/include/intnums/intnums/msg/int_data.h
[1.203s] -- Up-to-date: /home/ntruong1124/ros2_ws/Python/pub_and_sub/install/intnums/include/intnums/intnums/msg/name_int_num_data.h
[1.203s] -- Up-to-date: /home/ntruong1124/ros2_ws/Python/pub_and_sub/install/intnums/include/intnums/intnums/msg/rosidl_generator_c__visibility_control.h
[1.203s] -- Up-to-date: /home/ntruong1124/ros2_ws/Python/pub_and_sub/install/intnums/include/intnums/intnums/msg/detail
[1.203s] -- Up-to-date: /home/ntruong1124/ros2_ws/Python/pub_and_sub/install/intnums/include/intnums/intnums/msg/detail/int_data__type_support.h
[1.203s] -- Up-to-date: /home/ntruong1124/ros2_ws/Python/pub_and_sub/install/intnums/include/intnums/intnums/msg/detail/name_int_num_data__functions.h
[1.203s] -- Up-to-date: /home/ntruong1124/ros2_ws/Python/pub_and_sub/install/intnums/include/intnums/intnums/msg/detail/int_data__functions.h
[1.203s] -- Up-to-date: /home/ntruong1124/ros2_ws/Python/pub_and_sub/install/intnums/include/intnums/intnums/msg/detail/name_int_num_data__functions.c
[1.203s] -- Up-to-date: /home/ntruong1124/ros2_ws/Python/pub_and_sub/install/intnums/include/intnums/intnums/msg/detail/name_int_num_data__type_support.h
[1.203s] -- Up-to-date: /home/ntruong1124/ros2_ws/Python/pub_and_sub/install/intnums/include/intnums/intnums/msg/detail/int_num_data__type_support.h
[1.203s] -- Up-to-date: /home/ntruong1124/ros2_ws/Python/pub_and_sub/install/intnums/include/intnums/intnums/msg/detail/int_num_data__functions.h
[1.203s] -- Up-to-date: /home/ntruong1124/ros2_ws/Python/pub_and_sub/install/intnums/include/intnums/intnums/msg/detail/int_data__functions.c
[1.203s] -- Up-to-date: /home/ntruong1124/ros2_ws/Python/pub_and_sub/install/intnums/include/intnums/intnums/msg/detail/int_num_data__functions.c
[1.203s] -- Up-to-date: /home/ntruong1124/ros2_ws/Python/pub_and_sub/install/intnums/include/intnums/intnums/msg/detail/int_num_data__struct.h
[1.204s] -- Up-to-date: /home/ntruong1124/ros2_ws/Python/pub_and_sub/install/intnums/include/intnums/intnums/msg/detail/int_data__struct.h
[1.204s] -- Up-to-date: /home/ntruong1124/ros2_ws/Python/pub_and_sub/install/intnums/include/intnums/intnums/msg/detail/name_int_num_data__struct.h
[1.204s] -- Up-to-date: /home/ntruong1124/ros2_ws/Python/pub_and_sub/install/intnums/share/intnums/environment/library_path.sh
[1.204s] -- Installing: /home/ntruong1124/ros2_ws/Python/pub_and_sub/install/intnums/share/intnums/environment/library_path.dsv
[1.204s] -- Up-to-date: /home/ntruong1124/ros2_ws/Python/pub_and_sub/install/intnums/lib/libintnums__rosidl_generator_c.so
[1.204s] -- Up-to-date: /home/ntruong1124/ros2_ws/Python/pub_and_sub/install/intnums/include/intnums/intnums
[1.204s] -- Up-to-date: /home/ntruong1124/ros2_ws/Python/pub_and_sub/install/intnums/include/intnums/intnums/msg
[1.204s] -- Up-to-date: /home/ntruong1124/ros2_ws/Python/pub_and_sub/install/intnums/include/intnums/intnums/msg/rosidl_typesupport_fastrtps_c__visibility_control.h
[1.204s] -- Up-to-date: /home/ntruong1124/ros2_ws/Python/pub_and_sub/install/intnums/include/intnums/intnums/msg/detail
[1.204s] -- Up-to-date: /home/ntruong1124/ros2_ws/Python/pub_and_sub/install/intnums/include/intnums/intnums/msg/detail/name_int_num_data__rosidl_typesupport_fastrtps_c.h
[1.204s] -- Up-to-date: /home/ntruong1124/ros2_ws/Python/pub_and_sub/install/intnums/include/intnums/intnums/msg/detail/int_num_data__rosidl_typesupport_fastrtps_c.h
[1.204s] -- Up-to-date: /home/ntruong1124/ros2_ws/Python/pub_and_sub/install/intnums/lib/libintnums__rosidl_typesupport_fastrtps_c.so
[1.204s] -- Up-to-date: /home/ntruong1124/ros2_ws/Python/pub_and_sub/install/intnums/include/intnums/intnums
[1.205s] -- Up-to-date: /home/ntruong1124/ros2_ws/Python/pub_and_sub/install/intnums/include/intnums/intnums/msg
[1.205s] -- Up-to-date: /home/ntruong1124/ros2_ws/Python/pub_and_sub/install/intnums/include/intnums/intnums/msg/rosidl_typesupport_introspection_c__visibility_control.h
[1.205s] -- Up-to-date: /home/ntruong1124/ros2_ws/Python/pub_and_sub/install/intnums/include/intnums/intnums/msg/detail
[1.205s] -- Up-to-date: /home/ntruong1124/ros2_ws/Python/pub_and_sub/install/intnums/include/intnums/intnums/msg/detail/name_int_num_data__type_support.c
[1.205s] -- Up-to-date: /home/ntruong1124/ros2_ws/Python/pub_and_sub/install/intnums/include/intnums/intnums/msg/detail/int_num_data__rosidl_typesupport_introspection_c.h
[1.205s] -- Up-to-date: /home/ntruong1124/ros2_ws/Python/pub_and_sub/install/intnums/include/intnums/intnums/msg/detail/name_int_num_data__rosidl_typesupport_introspection_c.h
[1.205s] -- Up-to-date: /home/ntruong1124/ros2_ws/Python/pub_and_sub/install/intnums/include/intnums/intnums/msg/detail/int_num_data__type_support.c
[1.205s] -- Up-to-date: /home/ntruong1124/ros2_ws/Python/pub_and_sub/install/intnums/lib/libintnums__rosidl_typesupport_introspection_c.so
[1.205s] -- Up-to-date: /home/ntruong1124/ros2_ws/Python/pub_and_sub/install/intnums/lib/libintnums__rosidl_typesupport_c.so
[1.206s] -- Up-to-date: /home/ntruong1124/ros2_ws/Python/pub_and_sub/install/intnums/include/intnums/intnums
[1.206s] -- Up-to-date: /home/ntruong1124/ros2_ws/Python/pub_and_sub/install/intnums/include/intnums/intnums/msg
[1.206s] -- Up-to-date: /home/ntruong1124/ros2_ws/Python/pub_and_sub/install/intnums/include/intnums/intnums/msg/name_int_num_data.hpp
[1.206s] -- Up-to-date: /home/ntruong1124/ros2_ws/Python/pub_and_sub/install/intnums/include/intnums/intnums/msg/int_num_data.hpp
[1.206s] -- Up-to-date: /home/ntruong1124/ros2_ws/Python/pub_and_sub/install/intnums/include/intnums/intnums/msg/rosidl_generator_cpp__visibility_control.hpp
[1.206s] -- Up-to-date: /home/ntruong1124/ros2_ws/Python/pub_and_sub/install/intnums/include/intnums/intnums/msg/int_data.hpp
[1.206s] -- Up-to-date: /home/ntruong1124/ros2_ws/Python/pub_and_sub/install/intnums/include/intnums/intnums/msg/detail
[1.206s] -- Up-to-date: /home/ntruong1124/ros2_ws/Python/pub_and_sub/install/intnums/include/intnums/intnums/msg/detail/name_int_num_data__traits.hpp
[1.206s] -- Up-to-date: /home/ntruong1124/ros2_ws/Python/pub_and_sub/install/intnums/include/intnums/intnums/msg/detail/int_data__builder.hpp
[1.206s] -- Up-to-date: /home/ntruong1124/ros2_ws/Python/pub_and_sub/install/intnums/include/intnums/intnums/msg/detail/name_int_num_data__struct.hpp
[1.206s] -- Up-to-date: /home/ntruong1124/ros2_ws/Python/pub_and_sub/install/intnums/include/intnums/intnums/msg/detail/int_num_data__struct.hpp
[1.206s] -- Up-to-date: /home/ntruong1124/ros2_ws/Python/pub_and_sub/install/intnums/include/intnums/intnums/msg/detail/int_num_data__type_support.hpp
[1.206s] -- Up-to-date: /home/ntruong1124/ros2_ws/Python/pub_and_sub/install/intnums/include/intnums/intnums/msg/detail/int_data__type_support.hpp
[1.207s] -- Up-to-date: /home/ntruong1124/ros2_ws/Python/pub_and_sub/install/intnums/include/intnums/intnums/msg/detail/name_int_num_data__builder.hpp
[1.207s] -- Up-to-date: /home/ntruong1124/ros2_ws/Python/pub_and_sub/install/intnums/include/intnums/intnums/msg/detail/int_num_data__builder.hpp
[1.207s] -- Up-to-date: /home/ntruong1124/ros2_ws/Python/pub_and_sub/install/intnums/include/intnums/intnums/msg/detail/int_data__traits.hpp
[1.207s] -- Up-to-date: /home/ntruong1124/ros2_ws/Python/pub_and_sub/install/intnums/include/intnums/intnums/msg/detail/int_data__struct.hpp
[1.207s] -- Up-to-date: /home/ntruong1124/ros2_ws/Python/pub_and_sub/install/intnums/include/intnums/intnums/msg/detail/name_int_num_data__type_support.hpp
[1.207s] -- Up-to-date: /home/ntruong1124/ros2_ws/Python/pub_and_sub/install/intnums/include/intnums/intnums/msg/detail/int_num_data__traits.hpp
[1.207s] -- Up-to-date: /home/ntruong1124/ros2_ws/Python/pub_and_sub/install/intnums/include/intnums/intnums
[1.207s] -- Up-to-date: /home/ntruong1124/ros2_ws/Python/pub_and_sub/install/intnums/include/intnums/intnums/msg
[1.207s] -- Up-to-date: /home/ntruong1124/ros2_ws/Python/pub_and_sub/install/intnums/include/intnums/intnums/msg/rosidl_typesupport_fastrtps_cpp__visibility_control.h
[1.208s] -- Up-to-date: /home/ntruong1124/ros2_ws/Python/pub_and_sub/install/intnums/include/intnums/intnums/msg/detail
[1.208s] -- Up-to-date: /home/ntruong1124/ros2_ws/Python/pub_and_sub/install/intnums/include/intnums/intnums/msg/detail/int_data__rosidl_typesupport_fastrtps_cpp.hpp
[1.208s] -- Up-to-date: /home/ntruong1124/ros2_ws/Python/pub_and_sub/install/intnums/include/intnums/intnums/msg/detail/dds_fastrtps
[1.208s] -- Up-to-date: /home/ntruong1124/ros2_ws/Python/pub_and_sub/install/intnums/include/intnums/intnums/msg/detail/int_num_data__rosidl_typesupport_fastrtps_cpp.hpp
[1.208s] -- Up-to-date: /home/ntruong1124/ros2_ws/Python/pub_and_sub/install/intnums/include/intnums/intnums/msg/detail/name_int_num_data__rosidl_typesupport_fastrtps_cpp.hpp
[1.208s] -- Up-to-date: /home/ntruong1124/ros2_ws/Python/pub_and_sub/install/intnums/lib/libintnums__rosidl_typesupport_fastrtps_cpp.so
[1.208s] -- Up-to-date: /home/ntruong1124/ros2_ws/Python/pub_and_sub/install/intnums/include/intnums/intnums
[1.208s] -- Up-to-date: /home/ntruong1124/ros2_ws/Python/pub_and_sub/install/intnums/include/intnums/intnums/msg
[1.208s] -- Up-to-date: /home/ntruong1124/ros2_ws/Python/pub_and_sub/install/intnums/include/intnums/intnums/msg/detail
[1.208s] -- Up-to-date: /home/ntruong1124/ros2_ws/Python/pub_and_sub/install/intnums/include/intnums/intnums/msg/detail/name_int_num_data__type_support.cpp
[1.208s] -- Up-to-date: /home/ntruong1124/ros2_ws/Python/pub_and_sub/install/intnums/include/intnums/intnums/msg/detail/int_data__rosidl_typesupport_introspection_cpp.hpp
[1.208s] -- Up-to-date: /home/ntruong1124/ros2_ws/Python/pub_and_sub/install/intnums/include/intnums/intnums/msg/detail/int_num_data__rosidl_typesupport_introspection_cpp.hpp
[1.208s] -- Up-to-date: /home/ntruong1124/ros2_ws/Python/pub_and_sub/install/intnums/include/intnums/intnums/msg/detail/name_int_num_data__rosidl_typesupport_introspection_cpp.hpp
[1.208s] -- Up-to-date: /home/ntruong1124/ros2_ws/Python/pub_and_sub/install/intnums/include/intnums/intnums/msg/detail/int_data__type_support.cpp
[1.208s] -- Up-to-date: /home/ntruong1124/ros2_ws/Python/pub_and_sub/install/intnums/include/intnums/intnums/msg/detail/int_num_data__type_support.cpp
[1.208s] -- Up-to-date: /home/ntruong1124/ros2_ws/Python/pub_and_sub/install/intnums/lib/libintnums__rosidl_typesupport_introspection_cpp.so
[1.208s] -- Up-to-date: /home/ntruong1124/ros2_ws/Python/pub_and_sub/install/intnums/lib/libintnums__rosidl_typesupport_cpp.so
[1.208s] -- Up-to-date: /home/ntruong1124/ros2_ws/Python/pub_and_sub/install/intnums/share/intnums/environment/pythonpath.sh
[1.208s] -- Installing: /home/ntruong1124/ros2_ws/Python/pub_and_sub/install/intnums/share/intnums/environment/pythonpath.dsv
[1.208s] -- Up-to-date: /home/ntruong1124/ros2_ws/Python/pub_and_sub/install/intnums/local/lib/python3.10/dist-packages/intnums-0.0.0-py3.10.egg-info
[1.208s] -- Installing: /home/ntruong1124/ros2_ws/Python/pub_and_sub/install/intnums/local/lib/python3.10/dist-packages/intnums-0.0.0-py3.10.egg-info/top_level.txt
[1.208s] -- Installing: /home/ntruong1124/ros2_ws/Python/pub_and_sub/install/intnums/local/lib/python3.10/dist-packages/intnums-0.0.0-py3.10.egg-info/PKG-INFO
[1.208s] -- Installing: /home/ntruong1124/ros2_ws/Python/pub_and_sub/install/intnums/local/lib/python3.10/dist-packages/intnums-0.0.0-py3.10.egg-info/dependency_links.txt
[1.208s] -- Installing: /home/ntruong1124/ros2_ws/Python/pub_and_sub/install/intnums/local/lib/python3.10/dist-packages/intnums-0.0.0-py3.10.egg-info/SOURCES.txt
[1.208s] -- Up-to-date: /home/ntruong1124/ros2_ws/Python/pub_and_sub/install/intnums/local/lib/python3.10/dist-packages/intnums
[1.208s] -- Up-to-date: /home/ntruong1124/ros2_ws/Python/pub_and_sub/install/intnums/local/lib/python3.10/dist-packages/intnums/intnums_s__rosidl_typesupport_c.cpython-310-x86_64-linux-gnu.so
[1.208s] -- Up-to-date: /home/ntruong1124/ros2_ws/Python/pub_and_sub/install/intnums/local/lib/python3.10/dist-packages/intnums/intnums_s__rosidl_typesupport_fastrtps_c.cpython-310-x86_64-linux-gnu.so
[1.209s] -- Up-to-date: /home/ntruong1124/ros2_ws/Python/pub_and_sub/install/intnums/local/lib/python3.10/dist-packages/intnums/_intnums_s.ep.rosidl_typesupport_introspection_c.c
[1.209s] -- Up-to-date: /home/ntruong1124/ros2_ws/Python/pub_and_sub/install/intnums/local/lib/python3.10/dist-packages/intnums/_intnums_s.ep.rosidl_typesupport_fastrtps_c.c
[1.209s] -- Up-to-date: /home/ntruong1124/ros2_ws/Python/pub_and_sub/install/intnums/local/lib/python3.10/dist-packages/intnums/msg
[1.209s] -- Up-to-date: /home/ntruong1124/ros2_ws/Python/pub_and_sub/install/intnums/local/lib/python3.10/dist-packages/intnums/msg/_name_int_num_data.py
[1.209s] -- Up-to-date: /home/ntruong1124/ros2_ws/Python/pub_and_sub/install/intnums/local/lib/python3.10/dist-packages/intnums/msg/_name_int_num_data_s.c
[1.209s] -- Up-to-date: /home/ntruong1124/ros2_ws/Python/pub_and_sub/install/intnums/local/lib/python3.10/dist-packages/intnums/msg/_int_num_data.py
[1.209s] -- Up-to-date: /home/ntruong1124/ros2_ws/Python/pub_and_sub/install/intnums/local/lib/python3.10/dist-packages/intnums/msg/__init__.py
[1.209s] -- Up-to-date: /home/ntruong1124/ros2_ws/Python/pub_and_sub/install/intnums/local/lib/python3.10/dist-packages/intnums/msg/_int_num_data_s.c
[1.209s] -- Up-to-date: /home/ntruong1124/ros2_ws/Python/pub_and_sub/install/intnums/local/lib/python3.10/dist-packages/intnums/libintnums__rosidl_generator_py.so
[1.209s] -- Up-to-date: /home/ntruong1124/ros2_ws/Python/pub_and_sub/install/intnums/local/lib/python3.10/dist-packages/intnums/intnums_s__rosidl_typesupport_introspection_c.cpython-310-x86_64-linux-gnu.so
[1.209s] -- Installing: /home/ntruong1124/ros2_ws/Python/pub_and_sub/install/intnums/local/lib/python3.10/dist-packages/intnums/__init__.py
[1.209s] -- Up-to-date: /home/ntruong1124/ros2_ws/Python/pub_and_sub/install/intnums/local/lib/python3.10/dist-packages/intnums/_intnums_s.ep.rosidl_typesupport_c.c
[1.230s] Listing '/home/ntruong1124/ros2_ws/Python/pub_and_sub/install/intnums/local/lib/python3.10/dist-packages/intnums'...
[1.230s] Compiling '/home/ntruong1124/ros2_ws/Python/pub_and_sub/install/intnums/local/lib/python3.10/dist-packages/intnums/__init__.py'...
[1.230s] Listing '/home/ntruong1124/ros2_ws/Python/pub_and_sub/install/intnums/local/lib/python3.10/dist-packages/intnums/msg'...
[1.234s] -- Up-to-date: /home/ntruong1124/ros2_ws/Python/pub_and_sub/install/intnums/local/lib/python3.10/dist-packages/intnums/intnums_s__rosidl_typesupport_fastrtps_c.cpython-310-x86_64-linux-gnu.so
[1.234s] -- Up-to-date: /home/ntruong1124/ros2_ws/Python/pub_and_sub/install/intnums/local/lib/python3.10/dist-packages/intnums/intnums_s__rosidl_typesupport_introspection_c.cpython-310-x86_64-linux-gnu.so
[1.234s] -- Up-to-date: /home/ntruong1124/ros2_ws/Python/pub_and_sub/install/intnums/local/lib/python3.10/dist-packages/intnums/intnums_s__rosidl_typesupport_c.cpython-310-x86_64-linux-gnu.so
[1.234s] -- Up-to-date: /home/ntruong1124/ros2_ws/Python/pub_and_sub/install/intnums/lib/libintnums__rosidl_generator_py.so
[1.234s] -- Up-to-date: /home/ntruong1124/ros2_ws/Python/pub_and_sub/install/intnums/share/intnums/msg/IntNumData.idl
[1.235s] -- Up-to-date: /home/ntruong1124/ros2_ws/Python/pub_and_sub/install/intnums/share/intnums/msg/NameIntNumData.idl
[1.235s] -- Up-to-date: /home/ntruong1124/ros2_ws/Python/pub_and_sub/install/intnums/share/intnums/msg/IntNumData.msg
[1.235s] -- Installing: /home/ntruong1124/ros2_ws/Python/pub_and_sub/install/intnums/share/intnums/msg/NameIntNumData.msg
[1.235s] -- Up-to-date: /home/ntruong1124/ros2_ws/Python/pub_and_sub/install/intnums/share/ament_index/resource_index/package_run_dependencies/intnums
[1.235s] -- Installing: /home/ntruong1124/ros2_ws/Python/pub_and_sub/install/intnums/share/ament_index/resource_index/parent_prefix_path/intnums
[1.235s] -- Up-to-date: /home/ntruong1124/ros2_ws/Python/pub_and_sub/install/intnums/share/intnums/environment/ament_prefix_path.sh
[1.235s] -- Installing: /home/ntruong1124/ros2_ws/Python/pub_and_sub/install/intnums/share/intnums/environment/ament_prefix_path.dsv
[1.235s] -- Up-to-date: /home/ntruong1124/ros2_ws/Python/pub_and_sub/install/intnums/share/intnums/environment/path.sh
[1.235s] -- Installing: /home/ntruong1124/ros2_ws/Python/pub_and_sub/install/intnums/share/intnums/environment/path.dsv
[1.236s] -- Up-to-date: /home/ntruong1124/ros2_ws/Python/pub_and_sub/install/intnums/share/intnums/local_setup.bash
[1.236s] -- Up-to-date: /home/ntruong1124/ros2_ws/Python/pub_and_sub/install/intnums/share/intnums/local_setup.sh
[1.236s] -- Up-to-date: /home/ntruong1124/ros2_ws/Python/pub_and_sub/install/intnums/share/intnums/local_setup.zsh
[1.236s] -- Installing: /home/ntruong1124/ros2_ws/Python/pub_and_sub/install/intnums/share/intnums/local_setup.dsv
[1.236s] -- Installing: /home/ntruong1124/ros2_ws/Python/pub_and_sub/install/intnums/share/intnums/package.dsv
[1.236s] -- Up-to-date: /home/ntruong1124/ros2_ws/Python/pub_and_sub/install/intnums/share/ament_index/resource_index/packages/intnums
[1.236s] -- Up-to-date: /home/ntruong1124/ros2_ws/Python/pub_and_sub/install/intnums/share/intnums/cmake/export_intnums__rosidl_generator_cExport.cmake
[1.236s] -- Up-to-date: /home/ntruong1124/ros2_ws/Python/pub_and_sub/install/intnums/share/intnums/cmake/export_intnums__rosidl_generator_cExport-noconfig.cmake
[1.237s] -- Up-to-date: /home/ntruong1124/ros2_ws/Python/pub_and_sub/install/intnums/share/intnums/cmake/export_intnums__rosidl_typesupport_fastrtps_cExport.cmake
[1.237s] -- Up-to-date: /home/ntruong1124/ros2_ws/Python/pub_and_sub/install/intnums/share/intnums/cmake/export_intnums__rosidl_typesupport_fastrtps_cExport-noconfig.cmake
[1.237s] -- Up-to-date: /home/ntruong1124/ros2_ws/Python/pub_and_sub/install/intnums/share/intnums/cmake/intnums__rosidl_typesupport_introspection_cExport.cmake
[1.237s] -- Up-to-date: /home/ntruong1124/ros2_ws/Python/pub_and_sub/install/intnums/share/intnums/cmake/intnums__rosidl_typesupport_introspection_cExport-noconfig.cmake
[1.237s] -- Up-to-date: /home/ntruong1124/ros2_ws/Python/pub_and_sub/install/intnums/share/intnums/cmake/intnums__rosidl_typesupport_cExport.cmake
[1.237s] -- Up-to-date: /home/ntruong1124/ros2_ws/Python/pub_and_sub/install/intnums/share/intnums/cmake/intnums__rosidl_typesupport_cExport-noconfig.cmake
[1.237s] -- Up-to-date: /home/ntruong1124/ros2_ws/Python/pub_and_sub/install/intnums/share/intnums/cmake/export_intnums__rosidl_generator_cppExport.cmake
[1.237s] -- Up-to-date: /home/ntruong1124/ros2_ws/Python/pub_and_sub/install/intnums/share/intnums/cmake/export_intnums__rosidl_typesupport_fastrtps_cppExport.cmake
[1.237s] -- Up-to-date: /home/ntruong1124/ros2_ws/Python/pub_and_sub/install/intnums/share/intnums/cmake/export_intnums__rosidl_typesupport_fastrtps_cppExport-noconfig.cmake
[1.237s] -- Up-to-date: /home/ntruong1124/ros2_ws/Python/pub_and_sub/install/intnums/share/intnums/cmake/intnums__rosidl_typesupport_introspection_cppExport.cmake
[1.237s] -- Up-to-date: /home/ntruong1124/ros2_ws/Python/pub_and_sub/install/intnums/share/intnums/cmake/intnums__rosidl_typesupport_introspection_cppExport-noconfig.cmake
[1.237s] -- Up-to-date: /home/ntruong1124/ros2_ws/Python/pub_and_sub/install/intnums/share/intnums/cmake/intnums__rosidl_typesupport_cppExport.cmake
[1.237s] -- Up-to-date: /home/ntruong1124/ros2_ws/Python/pub_and_sub/install/intnums/share/intnums/cmake/intnums__rosidl_typesupport_cppExport-noconfig.cmake
[1.237s] -- Up-to-date: /home/ntruong1124/ros2_ws/Python/pub_and_sub/install/intnums/share/intnums/cmake/export_intnums__rosidl_generator_pyExport.cmake
[1.237s] -- Up-to-date: /home/ntruong1124/ros2_ws/Python/pub_and_sub/install/intnums/share/intnums/cmake/export_intnums__rosidl_generator_pyExport-noconfig.cmake
[1.238s] -- Up-to-date: /home/ntruong1124/ros2_ws/Python/pub_and_sub/install/intnums/share/intnums/cmake/rosidl_cmake-extras.cmake
[1.238s] -- Up-to-date: /home/ntruong1124/ros2_ws/Python/pub_and_sub/install/intnums/share/intnums/cmake/ament_cmake_export_include_directories-extras.cmake
[1.238s] -- Up-to-date: /home/ntruong1124/ros2_ws/Python/pub_and_sub/install/intnums/share/intnums/cmake/ament_cmake_export_libraries-extras.cmake
[1.238s] -- Up-to-date: /home/ntruong1124/ros2_ws/Python/pub_and_sub/install/intnums/share/intnums/cmake/ament_cmake_export_targets-extras.cmake
[1.238s] -- Up-to-date: /home/ntruong1124/ros2_ws/Python/pub_and_sub/install/intnums/share/intnums/cmake/rosidl_cmake_export_typesupport_targets-extras.cmake
[1.238s] -- Up-to-date: /home/ntruong1124/ros2_ws/Python/pub_and_sub/install/intnums/share/intnums/cmake/ament_cmake_export_dependencies-extras.cmake
[1.238s] -- Up-to-date: /home/ntruong1124/ros2_ws/Python/pub_and_sub/install/intnums/share/intnums/cmake/rosidl_cmake_export_typesupport_libraries-extras.cmake
[1.238s] -- Up-to-date: /home/ntruong1124/ros2_ws/Python/pub_and_sub/install/intnums/share/intnums/cmake/intnumsConfig.cmake
[1.238s] -- Up-to-date: /home/ntruong1124/ros2_ws/Python/pub_and_sub/install/intnums/share/intnums/cmake/intnumsConfig-version.cmake
[1.238s] -- Up-to-date: /home/ntruong1124/ros2_ws/Python/pub_and_sub/install/intnums/share/intnums/package.xml
[1.239s] Invoked command in '/home/ntruong1124/ros2_ws/Python/pub_and_sub/build/intnums' returned '0': CMAKE_PREFIX_PATH=${CMAKE_PREFIX_PATH}:/home/ntruong1124/ros2_ws/Python/pub_and_sub/install/pubsub_node:/opt/ros/humble /usr/bin/cmake --install /home/ntruong1124/ros2_ws/Python/pub_and_sub/build/intnums
